;  LST file generated by mikroListExporter - v.2.0 
; Date/Time: 11/02/2014 13:18:55
;----------------------------------------------

;Address Opcode 	ASM
0x0000	0xF001EF56  	GOTO        684
0x0004	0x0000      	NOP
0x0006	0x0000      	NOP
0x0008	0xF000EF00  	GOTO        0
0x000C	0x0000      	NOP
0x000E	0x0000      	NOP
0x0010	0x0000      	NOP
0x0012	0x0000      	NOP
0x0014	0x0000      	NOP
0x0016	0x0000      	NOP
0x0018	0xD7F3      	BRA         0
_Delay_1us:
;__Lib_Delays.c,7 :: 		void Delay_1us() {
;__Lib_Delays.c,8 :: 		Delay_us(1);
0x001C	0x0000      	NOP
0x001E	0x0000      	NOP
;__Lib_Delays.c,9 :: 		}
L_end_Delay_1us:
0x0020	0x0012      	RETURN      0
; end of _Delay_1us
_Delay_5500us:
;__Lib_Delays.c,31 :: 		void Delay_5500us() {
;__Lib_Delays.c,32 :: 		Delay_us(5500);
0x0022	0x0E0F      	MOVLW       15
0x0024	0x6E0C      	MOVWF       R12, 0
0x0026	0x0E47      	MOVLW       71
0x0028	0x6E0D      	MOVWF       R13, 0
L_Delay_5500us5:
0x002A	0x2E0D      	DECFSZ      R13, 1, 0
0x002C	0xD7FE      	BRA         L_Delay_5500us5
0x002E	0x2E0C      	DECFSZ      R12, 1, 0
0x0030	0xD7FC      	BRA         L_Delay_5500us5
0x0032	0x0000      	NOP
0x0034	0x0000      	NOP
;__Lib_Delays.c,33 :: 		}
L_end_Delay_5500us:
0x0036	0x0012      	RETURN      0
; end of _Delay_5500us
_Delay_50us:
;__Lib_Delays.c,19 :: 		void Delay_50us() {
;__Lib_Delays.c,20 :: 		Delay_us(50);
0x0038	0x0E21      	MOVLW       33
0x003A	0x6E0D      	MOVWF       R13, 0
L_Delay_50us2:
0x003C	0x2E0D      	DECFSZ      R13, 1, 0
0x003E	0xD7FE      	BRA         L_Delay_50us2
;__Lib_Delays.c,21 :: 		}
L_end_Delay_50us:
0x0040	0x0012      	RETURN      0
; end of _Delay_50us
_Lcd_Cmd:
;__Lib_Lcd.c,18 :: 		
;__Lib_Lcd.c,20 :: 		
0x0042	0x0100      	MOVLB       0
0x0044	0xBFB5      	BTFSC       FARG_Lcd_Cmd_out_char, 7, 1
0x0046	0xD002      	BRA         L__Lcd_Cmd21
0x0048	0x968A      	BCF         LCD_D7, BitPos(LCD_D7+0) 
0x004A	0xD001      	BRA         L__Lcd_Cmd22
L__Lcd_Cmd21:
0x004C	0x868A      	BSF         LCD_D7, BitPos(LCD_D7+0) 
L__Lcd_Cmd22:
;__Lib_Lcd.c,21 :: 		
0x004E	0xBDB5      	BTFSC       FARG_Lcd_Cmd_out_char, 6, 1
0x0050	0xD002      	BRA         L__Lcd_Cmd23
0x0052	0x948A      	BCF         LCD_D6, BitPos(LCD_D6+0) 
0x0054	0xD001      	BRA         L__Lcd_Cmd24
L__Lcd_Cmd23:
0x0056	0x848A      	BSF         LCD_D6, BitPos(LCD_D6+0) 
L__Lcd_Cmd24:
;__Lib_Lcd.c,22 :: 		
0x0058	0xBBB5      	BTFSC       FARG_Lcd_Cmd_out_char, 5, 1
0x005A	0xD002      	BRA         L__Lcd_Cmd25
0x005C	0x928A      	BCF         LCD_D5, BitPos(LCD_D5+0) 
0x005E	0xD001      	BRA         L__Lcd_Cmd26
L__Lcd_Cmd25:
0x0060	0x828A      	BSF         LCD_D5, BitPos(LCD_D5+0) 
L__Lcd_Cmd26:
;__Lib_Lcd.c,23 :: 		
0x0062	0xB9B5      	BTFSC       FARG_Lcd_Cmd_out_char, 4, 1
0x0064	0xD002      	BRA         L__Lcd_Cmd27
0x0066	0x908A      	BCF         LCD_D4, BitPos(LCD_D4+0) 
0x0068	0xD001      	BRA         L__Lcd_Cmd28
L__Lcd_Cmd27:
0x006A	0x808A      	BSF         LCD_D4, BitPos(LCD_D4+0) 
L__Lcd_Cmd28:
;__Lib_Lcd.c,25 :: 		
0x006C	0xB05F      	BTFSC       __Lib_Lcd_cmd_status, BitPos(__Lib_Lcd_cmd_status+0) 
0x006E	0xD002      	BRA         L__Lcd_Cmd29
0x0070	0x888A      	BSF         LCD_RS, BitPos(LCD_RS+0) 
0x0072	0xD001      	BRA         L__Lcd_Cmd30
L__Lcd_Cmd29:
0x0074	0x988A      	BCF         LCD_RS, BitPos(LCD_RS+0) 
L__Lcd_Cmd30:
;__Lib_Lcd.c,28 :: 		
0x0076	0x8A8A      	BSF         LCD_EN, BitPos(LCD_EN+0) 
;__Lib_Lcd.c,29 :: 		
0x0078	0xDFD1      	RCALL       _Delay_1us
;__Lib_Lcd.c,30 :: 		
0x007A	0x9A8A      	BCF         LCD_EN, BitPos(LCD_EN+0) 
;__Lib_Lcd.c,33 :: 		
0x007C	0xB7B5      	BTFSC       FARG_Lcd_Cmd_out_char, 3, 1
0x007E	0xD002      	BRA         L__Lcd_Cmd31
0x0080	0x968A      	BCF         LCD_D7, BitPos(LCD_D7+0) 
0x0082	0xD001      	BRA         L__Lcd_Cmd32
L__Lcd_Cmd31:
0x0084	0x868A      	BSF         LCD_D7, BitPos(LCD_D7+0) 
L__Lcd_Cmd32:
;__Lib_Lcd.c,34 :: 		
0x0086	0xB5B5      	BTFSC       FARG_Lcd_Cmd_out_char, 2, 1
0x0088	0xD002      	BRA         L__Lcd_Cmd33
0x008A	0x948A      	BCF         LCD_D6, BitPos(LCD_D6+0) 
0x008C	0xD001      	BRA         L__Lcd_Cmd34
L__Lcd_Cmd33:
0x008E	0x848A      	BSF         LCD_D6, BitPos(LCD_D6+0) 
L__Lcd_Cmd34:
;__Lib_Lcd.c,35 :: 		
0x0090	0xB3B5      	BTFSC       FARG_Lcd_Cmd_out_char, 1, 1
0x0092	0xD002      	BRA         L__Lcd_Cmd35
0x0094	0x928A      	BCF         LCD_D5, BitPos(LCD_D5+0) 
0x0096	0xD001      	BRA         L__Lcd_Cmd36
L__Lcd_Cmd35:
0x0098	0x828A      	BSF         LCD_D5, BitPos(LCD_D5+0) 
L__Lcd_Cmd36:
;__Lib_Lcd.c,36 :: 		
0x009A	0xB1B5      	BTFSC       FARG_Lcd_Cmd_out_char, 0, 1
0x009C	0xD002      	BRA         L__Lcd_Cmd37
0x009E	0x908A      	BCF         LCD_D4, BitPos(LCD_D4+0) 
0x00A0	0xD001      	BRA         L__Lcd_Cmd38
L__Lcd_Cmd37:
0x00A2	0x808A      	BSF         LCD_D4, BitPos(LCD_D4+0) 
L__Lcd_Cmd38:
;__Lib_Lcd.c,38 :: 		
0x00A4	0xB05F      	BTFSC       __Lib_Lcd_cmd_status, BitPos(__Lib_Lcd_cmd_status+0) 
0x00A6	0xD002      	BRA         L__Lcd_Cmd39
0x00A8	0x888A      	BSF         LCD_RS, BitPos(LCD_RS+0) 
0x00AA	0xD001      	BRA         L__Lcd_Cmd40
L__Lcd_Cmd39:
0x00AC	0x988A      	BCF         LCD_RS, BitPos(LCD_RS+0) 
L__Lcd_Cmd40:
;__Lib_Lcd.c,40 :: 		
0x00AE	0x8A8A      	BSF         LCD_EN, BitPos(LCD_EN+0) 
;__Lib_Lcd.c,41 :: 		
0x00B0	0xDFB5      	RCALL       _Delay_1us
;__Lib_Lcd.c,42 :: 		
0x00B2	0x9A8A      	BCF         LCD_EN, BitPos(LCD_EN+0) 
;__Lib_Lcd.c,44 :: 		
0x00B4	0xA05F      	BTFSS       __Lib_Lcd_cmd_status, BitPos(__Lib_Lcd_cmd_status+0) 
0x00B6	0xD002      	BRA         L_Lcd_Cmd0
;__Lib_Lcd.c,45 :: 		
0x00B8	0xDFB4      	RCALL       _Delay_5500us
0x00BA	0xD001      	BRA         L_Lcd_Cmd1
L_Lcd_Cmd0:
;__Lib_Lcd.c,47 :: 		
0x00BC	0xDFBD      	RCALL       _Delay_50us
L_Lcd_Cmd1:
;__Lib_Lcd.c,48 :: 		
L_end_Lcd_Cmd:
0x00BE	0x0012      	RETURN      0
; end of _Lcd_Cmd
_Lcd_Chr_CP:
;__Lib_Lcd.c,50 :: 		
;__Lib_Lcd.c,52 :: 		
0x00C0	0x905F      	BCF         __Lib_Lcd_cmd_status, BitPos(__Lib_Lcd_cmd_status+0) 
;__Lib_Lcd.c,53 :: 		
0x00C2	0xF0B5C0B4  	MOVFF       FARG_Lcd_Chr_CP_out_char, FARG_Lcd_Cmd_out_char
0x00C6	0xDFBD      	RCALL       _Lcd_Cmd
;__Lib_Lcd.c,54 :: 		
0x00C8	0x805F      	BSF         __Lib_Lcd_cmd_status, BitPos(__Lib_Lcd_cmd_status+0) 
;__Lib_Lcd.c,55 :: 		
L_end_Lcd_Chr_CP:
0x00CA	0x0012      	RETURN      0
; end of _Lcd_Chr_CP
_Lcd_Out:
;__Lib_Lcd.c,184 :: 		
;__Lib_Lcd.c,187 :: 		
0x00CC	0xD010      	BRA         L_Lcd_Out11
;__Lib_Lcd.c,188 :: 		
L_Lcd_Out13:
0x00CE	0x0E80      	MOVLW       128
0x00D0	0x0100      	MOVLB       0
0x00D2	0x6FB0      	MOVWF       FARG_Lcd_Out_row, 1
0x00D4	0xD01A      	BRA         L_Lcd_Out12
;__Lib_Lcd.c,189 :: 		
L_Lcd_Out14:
0x00D6	0x0EC0      	MOVLW       192
0x00D8	0x6FB0      	MOVWF       FARG_Lcd_Out_row, 1
0x00DA	0xD017      	BRA         L_Lcd_Out12
;__Lib_Lcd.c,190 :: 		
L_Lcd_Out15:
0x00DC	0x0E94      	MOVLW       148
0x00DE	0x6FB0      	MOVWF       FARG_Lcd_Out_row, 1
0x00E0	0xD014      	BRA         L_Lcd_Out12
;__Lib_Lcd.c,191 :: 		
L_Lcd_Out16:
0x00E2	0x0ED4      	MOVLW       212
0x00E4	0x6FB0      	MOVWF       FARG_Lcd_Out_row, 1
0x00E6	0xD011      	BRA         L_Lcd_Out12
;__Lib_Lcd.c,192 :: 		
L_Lcd_Out17:
0x00E8	0x0E80      	MOVLW       128
0x00EA	0x6FB0      	MOVWF       FARG_Lcd_Out_row, 1
;__Lib_Lcd.c,193 :: 		
0x00EC	0xD00E      	BRA         L_Lcd_Out12
L_Lcd_Out11:
0x00EE	0x0100      	MOVLB       0
0x00F0	0x51B0      	MOVF        FARG_Lcd_Out_row, 0, 1
0x00F2	0x0A01      	XORLW       1
0x00F4	0xE0EC      	BZ          L_Lcd_Out13
0x00F6	0x51B0      	MOVF        FARG_Lcd_Out_row, 0, 1
0x00F8	0x0A02      	XORLW       2
0x00FA	0xE0ED      	BZ          L_Lcd_Out14
0x00FC	0x51B0      	MOVF        FARG_Lcd_Out_row, 0, 1
0x00FE	0x0A03      	XORLW       3
0x0100	0xE0ED      	BZ          L_Lcd_Out15
0x0102	0x51B0      	MOVF        FARG_Lcd_Out_row, 0, 1
0x0104	0x0A04      	XORLW       4
0x0106	0xE0ED      	BZ          L_Lcd_Out16
0x0108	0xD7EF      	BRA         L_Lcd_Out17
L_Lcd_Out12:
;__Lib_Lcd.c,194 :: 		
0x010A	0x05B1      	DECF        FARG_Lcd_Out_column, 0, 1
0x010C	0x6E00      	MOVWF       R0 
0x010E	0x51B0      	MOVF        FARG_Lcd_Out_row, 0, 1
0x0110	0x2600      	ADDWF       R0, 1 
0x0112	0xF0B0C000  	MOVFF       R0, FARG_Lcd_Out_row
;__Lib_Lcd.c,196 :: 		
0x0116	0xF0B5C000  	MOVFF       R0, FARG_Lcd_Cmd_out_char
0x011A	0xDF93      	RCALL       _Lcd_Cmd
;__Lib_Lcd.c,197 :: 		
0x011C	0x905F      	BCF         __Lib_Lcd_cmd_status, BitPos(__Lib_Lcd_cmd_status+0) 
;__Lib_Lcd.c,198 :: 		
0x011E	0x6B60      	CLRF        Lcd_Out_i_L0, 1
;__Lib_Lcd.c,199 :: 		
L_Lcd_Out18:
0x0120	0x5160      	MOVF        Lcd_Out_i_L0, 0, 1
0x0122	0x25B2      	ADDWF       FARG_Lcd_Out_text, 0, 1
0x0124	0x6EE9      	MOVWF       FSR0L 
0x0126	0x0E00      	MOVLW       0
0x0128	0x21B3      	ADDWFC      FARG_Lcd_Out_text+1, 0, 1
0x012A	0x6EEA      	MOVWF       FSR0H 
0x012C	0x52EE      	MOVF        POSTINC0, 1 
0x012E	0xE00B      	BZ          L_Lcd_Out19
;__Lib_Lcd.c,200 :: 		
0x0130	0x5160      	MOVF        Lcd_Out_i_L0, 0, 1
0x0132	0x25B2      	ADDWF       FARG_Lcd_Out_text, 0, 1
0x0134	0x6EE9      	MOVWF       FSR0L 
0x0136	0x0E00      	MOVLW       0
0x0138	0x21B3      	ADDWFC      FARG_Lcd_Out_text+1, 0, 1
0x013A	0x6EEA      	MOVWF       FSR0H 
0x013C	0xF0B4CFEE  	MOVFF       POSTINC0, FARG_Lcd_Chr_CP_out_char
0x0140	0xDFBF      	RCALL       _Lcd_Chr_CP
0x0142	0x2B60      	INCF        Lcd_Out_i_L0, 1, 1
0x0144	0xD7ED      	BRA         L_Lcd_Out18
L_Lcd_Out19:
;__Lib_Lcd.c,201 :: 		
0x0146	0x805F      	BSF         __Lib_Lcd_cmd_status, BitPos(__Lib_Lcd_cmd_status+0) 
;__Lib_Lcd.c,202 :: 		
L_end_Lcd_Out:
0x0148	0x0012      	RETURN      0
; end of _Lcd_Out
_ConfigMCU:
;Desafio_MenuLCD.c,87 :: 		void ConfigMCU()
;Desafio_MenuLCD.c,90 :: 		ANSELB = 0;
0x014A	0x010F      	MOVLB       15
0x014C	0x6B39      	CLRF        ANSELB, 1
;Desafio_MenuLCD.c,91 :: 		ANSELD = 0;
0x014E	0x6B3B      	CLRF        ANSELD, 1
;Desafio_MenuLCD.c,95 :: 		TRISD.RD0 = 1; PORTD.RD0 = 1;
0x0150	0x8095      	BSF         TRISD, 0 
0x0152	0x8083      	BSF         PORTD, 0 
;Desafio_MenuLCD.c,96 :: 		TRISD.RD1 = 1; PORTD.RD1 = 1;
0x0154	0x8295      	BSF         TRISD, 1 
0x0156	0x8283      	BSF         PORTD, 1 
;Desafio_MenuLCD.c,97 :: 		TRISD.RD2 = 1; PORTD.RD2 = 1;
0x0158	0x8495      	BSF         TRISD, 2 
0x015A	0x8483      	BSF         PORTD, 2 
;Desafio_MenuLCD.c,98 :: 		}
L_end_ConfigMCU:
0x015C	0x0012      	RETURN      0
; end of _ConfigMCU
___CC2DW:
;__Lib_System.c,21 :: 		
;__Lib_System.c,23 :: 		
_CC2DL_Loop1:
;__Lib_System.c,24 :: 		
0x015E	0x0009      	TBLRD*+
;__Lib_System.c,25 :: 		
0x0160	0xFFE6CFF5  	MOVFF       TABLAT, POSTINC1
;__Lib_System.c,26 :: 		
0x0164	0x0600      	DECF        R0, 1, 0
;__Lib_System.c,27 :: 		
0x0166	0xE1FB      	BNZ         _CC2DL_Loop1
;__Lib_System.c,28 :: 		
0x0168	0x0601      	DECF        R1, 1, 0
;__Lib_System.c,29 :: 		
0x016A	0xE1F9      	BNZ         _CC2DL_Loop1
;__Lib_System.c,31 :: 		
L_end___CC2DW:
0x016C	0x0012      	RETURN      0
; end of ___CC2DW
_Lcd_Init:
;__Lib_Lcd.c,84 :: 		
;__Lib_Lcd.c,86 :: 		
0x016E	0x9A93      	BCF         LCD_EN_Direction, BitPos(LCD_EN_Direction+0) 
;__Lib_Lcd.c,87 :: 		
0x0170	0x9893      	BCF         LCD_RS_Direction, BitPos(LCD_RS_Direction+0) 
;__Lib_Lcd.c,88 :: 		
0x0172	0x9093      	BCF         LCD_D4_Direction, BitPos(LCD_D4_Direction+0) 
;__Lib_Lcd.c,89 :: 		
0x0174	0x9293      	BCF         LCD_D5_Direction, BitPos(LCD_D5_Direction+0) 
;__Lib_Lcd.c,90 :: 		
0x0176	0x9493      	BCF         LCD_D6_Direction, BitPos(LCD_D6_Direction+0) 
;__Lib_Lcd.c,91 :: 		
0x0178	0x9693      	BCF         LCD_D7_Direction, BitPos(LCD_D7_Direction+0) 
;__Lib_Lcd.c,93 :: 		
0x017A	0x9A8A      	BCF         LCD_EN, BitPos(LCD_EN+0) 
;__Lib_Lcd.c,94 :: 		
0x017C	0x988A      	BCF         LCD_RS, BitPos(LCD_RS+0) 
;__Lib_Lcd.c,95 :: 		
0x017E	0x968A      	BCF         LCD_D7, BitPos(LCD_D7+0) 
;__Lib_Lcd.c,96 :: 		
0x0180	0x948A      	BCF         LCD_D6, BitPos(LCD_D6+0) 
;__Lib_Lcd.c,97 :: 		
0x0182	0x928A      	BCF         LCD_D5, BitPos(LCD_D5+0) 
;__Lib_Lcd.c,98 :: 		
0x0184	0x908A      	BCF         LCD_D4, BitPos(LCD_D4+0) 
;__Lib_Lcd.c,100 :: 		
0x0186	0xDF4D      	RCALL       _Delay_5500us
;__Lib_Lcd.c,101 :: 		
0x0188	0xDF4C      	RCALL       _Delay_5500us
;__Lib_Lcd.c,102 :: 		
0x018A	0xDF4B      	RCALL       _Delay_5500us
;__Lib_Lcd.c,105 :: 		
0x018C	0x828A      	BSF         LCD_D5, BitPos(LCD_D5+0) 
;__Lib_Lcd.c,106 :: 		
0x018E	0x808A      	BSF         LCD_D4, BitPos(LCD_D4+0) 
;__Lib_Lcd.c,107 :: 		
0x0190	0x8A8A      	BSF         LCD_EN, BitPos(LCD_EN+0) 
;__Lib_Lcd.c,108 :: 		
0x0192	0xDF44      	RCALL       _Delay_1us
;__Lib_Lcd.c,109 :: 		
0x0194	0x9A8A      	BCF         LCD_EN, BitPos(LCD_EN+0) 
;__Lib_Lcd.c,110 :: 		
0x0196	0xDF45      	RCALL       _Delay_5500us
;__Lib_Lcd.c,112 :: 		
0x0198	0x8A8A      	BSF         LCD_EN, BitPos(LCD_EN+0) 
;__Lib_Lcd.c,113 :: 		
0x019A	0xDF40      	RCALL       _Delay_1us
;__Lib_Lcd.c,114 :: 		
0x019C	0x9A8A      	BCF         LCD_EN, BitPos(LCD_EN+0) 
;__Lib_Lcd.c,115 :: 		
0x019E	0xDF41      	RCALL       _Delay_5500us
;__Lib_Lcd.c,117 :: 		
0x01A0	0x8A8A      	BSF         LCD_EN, BitPos(LCD_EN+0) 
;__Lib_Lcd.c,118 :: 		
0x01A2	0xDF3C      	RCALL       _Delay_1us
;__Lib_Lcd.c,119 :: 		
0x01A4	0x9A8A      	BCF         LCD_EN, BitPos(LCD_EN+0) 
;__Lib_Lcd.c,120 :: 		
0x01A6	0xDF3D      	RCALL       _Delay_5500us
;__Lib_Lcd.c,123 :: 		
0x01A8	0x908A      	BCF         LCD_D4, BitPos(LCD_D4+0) 
;__Lib_Lcd.c,124 :: 		
0x01AA	0x8A8A      	BSF         LCD_EN, BitPos(LCD_EN+0) 
;__Lib_Lcd.c,125 :: 		
0x01AC	0xDF37      	RCALL       _Delay_1us
;__Lib_Lcd.c,126 :: 		
0x01AE	0x9A8A      	BCF         LCD_EN, BitPos(LCD_EN+0) 
;__Lib_Lcd.c,127 :: 		
0x01B0	0xDF38      	RCALL       _Delay_5500us
;__Lib_Lcd.c,130 :: 		
0x01B2	0x8A8A      	BSF         LCD_EN, BitPos(LCD_EN+0) 
;__Lib_Lcd.c,131 :: 		
0x01B4	0xDF33      	RCALL       _Delay_1us
;__Lib_Lcd.c,132 :: 		
0x01B6	0x9A8A      	BCF         LCD_EN, BitPos(LCD_EN+0) 
;__Lib_Lcd.c,134 :: 		
0x01B8	0x928A      	BCF         LCD_D5, BitPos(LCD_D5+0) 
;__Lib_Lcd.c,135 :: 		
0x01BA	0x868A      	BSF         LCD_D7, BitPos(LCD_D7+0) 
;__Lib_Lcd.c,136 :: 		
0x01BC	0x8A8A      	BSF         LCD_EN, BitPos(LCD_EN+0) 
;__Lib_Lcd.c,137 :: 		
0x01BE	0xDF2E      	RCALL       _Delay_1us
;__Lib_Lcd.c,138 :: 		
0x01C0	0x9A8A      	BCF         LCD_EN, BitPos(LCD_EN+0) 
;__Lib_Lcd.c,139 :: 		
0x01C2	0xDF2F      	RCALL       _Delay_5500us
;__Lib_Lcd.c,142 :: 		
0x01C4	0x968A      	BCF         LCD_D7, BitPos(LCD_D7+0) 
;__Lib_Lcd.c,143 :: 		
0x01C6	0x808A      	BSF         LCD_D4, BitPos(LCD_D4+0) 
;__Lib_Lcd.c,144 :: 		
0x01C8	0x8A8A      	BSF         LCD_EN, BitPos(LCD_EN+0) 
;__Lib_Lcd.c,145 :: 		
0x01CA	0xDF28      	RCALL       _Delay_1us
;__Lib_Lcd.c,146 :: 		
0x01CC	0x9A8A      	BCF         LCD_EN, BitPos(LCD_EN+0) 
;__Lib_Lcd.c,148 :: 		
0x01CE	0x908A      	BCF         LCD_D4, BitPos(LCD_D4+0) 
;__Lib_Lcd.c,149 :: 		
0x01D0	0x8A8A      	BSF         LCD_EN, BitPos(LCD_EN+0) 
;__Lib_Lcd.c,150 :: 		
0x01D2	0xDF24      	RCALL       _Delay_1us
;__Lib_Lcd.c,151 :: 		
0x01D4	0x9A8A      	BCF         LCD_EN, BitPos(LCD_EN+0) 
;__Lib_Lcd.c,152 :: 		
0x01D6	0xDF25      	RCALL       _Delay_5500us
;__Lib_Lcd.c,155 :: 		
0x01D8	0x8A8A      	BSF         LCD_EN, BitPos(LCD_EN+0) 
;__Lib_Lcd.c,156 :: 		
0x01DA	0xDF20      	RCALL       _Delay_1us
;__Lib_Lcd.c,157 :: 		
0x01DC	0x9A8A      	BCF         LCD_EN, BitPos(LCD_EN+0) 
;__Lib_Lcd.c,159 :: 		
0x01DE	0x808A      	BSF         LCD_D4, BitPos(LCD_D4+0) 
;__Lib_Lcd.c,160 :: 		
0x01E0	0x8A8A      	BSF         LCD_EN, BitPos(LCD_EN+0) 
;__Lib_Lcd.c,161 :: 		
0x01E2	0xDF1C      	RCALL       _Delay_1us
;__Lib_Lcd.c,162 :: 		
0x01E4	0x9A8A      	BCF         LCD_EN, BitPos(LCD_EN+0) 
;__Lib_Lcd.c,163 :: 		
0x01E6	0xDF1D      	RCALL       _Delay_5500us
;__Lib_Lcd.c,166 :: 		
0x01E8	0x908A      	BCF         LCD_D4, BitPos(LCD_D4+0) 
;__Lib_Lcd.c,167 :: 		
0x01EA	0x8A8A      	BSF         LCD_EN, BitPos(LCD_EN+0) 
;__Lib_Lcd.c,168 :: 		
0x01EC	0xDF17      	RCALL       _Delay_1us
;__Lib_Lcd.c,169 :: 		
0x01EE	0x9A8A      	BCF         LCD_EN, BitPos(LCD_EN+0) 
;__Lib_Lcd.c,171 :: 		
0x01F0	0x868A      	BSF         LCD_D7, BitPos(LCD_D7+0) 
;__Lib_Lcd.c,172 :: 		
0x01F2	0x848A      	BSF         LCD_D6, BitPos(LCD_D6+0) 
;__Lib_Lcd.c,173 :: 		
0x01F4	0x828A      	BSF         LCD_D5, BitPos(LCD_D5+0) 
;__Lib_Lcd.c,174 :: 		
0x01F6	0x808A      	BSF         LCD_D4, BitPos(LCD_D4+0) 
;__Lib_Lcd.c,175 :: 		
0x01F8	0x8A8A      	BSF         LCD_EN, BitPos(LCD_EN+0) 
;__Lib_Lcd.c,176 :: 		
0x01FA	0xDF10      	RCALL       _Delay_1us
;__Lib_Lcd.c,177 :: 		
0x01FC	0x9A8A      	BCF         LCD_EN, BitPos(LCD_EN+0) 
;__Lib_Lcd.c,179 :: 		
0x01FE	0xDF11      	RCALL       _Delay_5500us
;__Lib_Lcd.c,181 :: 		
0x0200	0x805F      	BSF         __Lib_Lcd_cmd_status, BitPos(__Lib_Lcd_cmd_status+0) 
;__Lib_Lcd.c,182 :: 		
L_end_Lcd_Init:
0x0202	0x0012      	RETURN      0
; end of _Lcd_Init
_CondicaoInicialMenu:
;Desafio_MenuLCD.c,73 :: 		void CondicaoInicialMenu()
;Desafio_MenuLCD.c,75 :: 		m_estado_nivel_um = 1;
0x0204	0x0E01      	MOVLW       1
0x0206	0x0100      	MOVLB       0
0x0208	0x6F61      	MOVWF       _m_estado_nivel_um, 1
0x020A	0x0E00      	MOVLW       0
0x020C	0x6F62      	MOVWF       _m_estado_nivel_um+1, 1
;Desafio_MenuLCD.c,76 :: 		submenu = 0;             //força condição para voltar ao nível 1 do menu
0x020E	0x6A5D      	CLRF        _submenu 
0x0210	0x6A5E      	CLRF        _submenu+1 
;Desafio_MenuLCD.c,77 :: 		m_estado_nivel_dois = 1;
0x0212	0x0E01      	MOVLW       1
0x0214	0x6F63      	MOVWF       _m_estado_nivel_dois, 1
0x0216	0x0E00      	MOVLW       0
0x0218	0x6F64      	MOVWF       _m_estado_nivel_dois+1, 1
;Desafio_MenuLCD.c,78 :: 		estado_selecionado = 1;
0x021A	0x0E01      	MOVLW       1
0x021C	0x6F75      	MOVWF       _estado_selecionado, 1
0x021E	0x0E00      	MOVLW       0
0x0220	0x6F76      	MOVWF       _estado_selecionado+1, 1
;Desafio_MenuLCD.c,81 :: 		Lcd_Cmd(_LCD_CLEAR); //Apaga todos os textos do LCD e reescreve textos iniciais novamente.
0x0222	0x0E01      	MOVLW       1
0x0224	0x6FB5      	MOVWF       FARG_Lcd_Cmd_out_char, 1
0x0226	0xDF0D      	RCALL       _Lcd_Cmd
;Desafio_MenuLCD.c,82 :: 		Lcd_Out(1, 1,">OPCAO1 [ENTER]");
0x0228	0x0E01      	MOVLW       1
0x022A	0x6FB0      	MOVWF       FARG_Lcd_Out_row, 1
0x022C	0x0E01      	MOVLW       1
0x022E	0x6FB1      	MOVWF       FARG_Lcd_Out_column, 1
0x0230	0x0E65      	MOVLW       ?lstr1_Desafio_MenuLCD
0x0232	0x6FB2      	MOVWF       FARG_Lcd_Out_text, 1
0x0234	0x0E00      	MOVLW       hi_addr(?lstr1_Desafio_MenuLCD)
0x0236	0x6FB3      	MOVWF       FARG_Lcd_Out_text+1, 1
0x0238	0xDF49      	RCALL       _Lcd_Out
;Desafio_MenuLCD.c,83 :: 		Lcd_Out(2, 1," OPCAO2        ");
0x023A	0x0E02      	MOVLW       2
0x023C	0x6FB0      	MOVWF       FARG_Lcd_Out_row, 1
0x023E	0x0E01      	MOVLW       1
0x0240	0x6FB1      	MOVWF       FARG_Lcd_Out_column, 1
0x0242	0x0E4D      	MOVLW       ?lstr2_Desafio_MenuLCD
0x0244	0x6FB2      	MOVWF       FARG_Lcd_Out_text, 1
0x0246	0x0E00      	MOVLW       hi_addr(?lstr2_Desafio_MenuLCD)
0x0248	0x6FB3      	MOVWF       FARG_Lcd_Out_text+1, 1
0x024A	0xDF40      	RCALL       _Lcd_Out
;Desafio_MenuLCD.c,84 :: 		}
L_end_CondicaoInicialMenu:
0x024C	0x0012      	RETURN      0
; end of _CondicaoInicialMenu
_Lcd_Chr:
;__Lib_Lcd.c,65 :: 		
;__Lib_Lcd.c,66 :: 		
0x024E	0xD010      	BRA         L_Lcd_Chr4
;__Lib_Lcd.c,67 :: 		
L_Lcd_Chr6:
0x0250	0x0E80      	MOVLW       128
0x0252	0x0100      	MOVLB       0
0x0254	0x6FAD      	MOVWF       FARG_Lcd_Chr_row, 1
0x0256	0xD01A      	BRA         L_Lcd_Chr5
;__Lib_Lcd.c,68 :: 		
L_Lcd_Chr7:
0x0258	0x0EC0      	MOVLW       192
0x025A	0x6FAD      	MOVWF       FARG_Lcd_Chr_row, 1
0x025C	0xD017      	BRA         L_Lcd_Chr5
;__Lib_Lcd.c,69 :: 		
L_Lcd_Chr8:
0x025E	0x0E94      	MOVLW       148
0x0260	0x6FAD      	MOVWF       FARG_Lcd_Chr_row, 1
0x0262	0xD014      	BRA         L_Lcd_Chr5
;__Lib_Lcd.c,70 :: 		
L_Lcd_Chr9:
0x0264	0x0ED4      	MOVLW       212
0x0266	0x6FAD      	MOVWF       FARG_Lcd_Chr_row, 1
0x0268	0xD011      	BRA         L_Lcd_Chr5
;__Lib_Lcd.c,71 :: 		
L_Lcd_Chr10:
0x026A	0x0E80      	MOVLW       128
0x026C	0x6FAD      	MOVWF       FARG_Lcd_Chr_row, 1
;__Lib_Lcd.c,72 :: 		
0x026E	0xD00E      	BRA         L_Lcd_Chr5
L_Lcd_Chr4:
0x0270	0x0100      	MOVLB       0
0x0272	0x51AD      	MOVF        FARG_Lcd_Chr_row, 0, 1
0x0274	0x0A01      	XORLW       1
0x0276	0xE0EC      	BZ          L_Lcd_Chr6
0x0278	0x51AD      	MOVF        FARG_Lcd_Chr_row, 0, 1
0x027A	0x0A02      	XORLW       2
0x027C	0xE0ED      	BZ          L_Lcd_Chr7
0x027E	0x51AD      	MOVF        FARG_Lcd_Chr_row, 0, 1
0x0280	0x0A03      	XORLW       3
0x0282	0xE0ED      	BZ          L_Lcd_Chr8
0x0284	0x51AD      	MOVF        FARG_Lcd_Chr_row, 0, 1
0x0286	0x0A04      	XORLW       4
0x0288	0xE0ED      	BZ          L_Lcd_Chr9
0x028A	0xD7EF      	BRA         L_Lcd_Chr10
L_Lcd_Chr5:
;__Lib_Lcd.c,74 :: 		
0x028C	0x05AE      	DECF        FARG_Lcd_Chr_column, 0, 1
0x028E	0x6E00      	MOVWF       R0 
0x0290	0x51AD      	MOVF        FARG_Lcd_Chr_row, 0, 1
0x0292	0x2600      	ADDWF       R0, 1 
0x0294	0xF0ADC000  	MOVFF       R0, FARG_Lcd_Chr_row
;__Lib_Lcd.c,76 :: 		
0x0298	0x805F      	BSF         __Lib_Lcd_cmd_status, BitPos(__Lib_Lcd_cmd_status+0) 
;__Lib_Lcd.c,77 :: 		
0x029A	0xF0B5C000  	MOVFF       R0, FARG_Lcd_Cmd_out_char
0x029E	0xDED1      	RCALL       _Lcd_Cmd
;__Lib_Lcd.c,79 :: 		
0x02A0	0x905F      	BCF         __Lib_Lcd_cmd_status, BitPos(__Lib_Lcd_cmd_status+0) 
;__Lib_Lcd.c,80 :: 		
0x02A2	0xF0B5C0AF  	MOVFF       FARG_Lcd_Chr_out_char, FARG_Lcd_Cmd_out_char
0x02A6	0xDECD      	RCALL       _Lcd_Cmd
;__Lib_Lcd.c,81 :: 		
0x02A8	0x805F      	BSF         __Lib_Lcd_cmd_status, BitPos(__Lib_Lcd_cmd_status+0) 
;__Lib_Lcd.c,82 :: 		
L_end_Lcd_Chr:
0x02AA	0x0012      	RETURN      0
; end of _Lcd_Chr
_main:
0x02AC	0xF002ECD1  	CALL        1442, 0
;Desafio_MenuLCD.c,100 :: 		void main()
;Desafio_MenuLCD.c,102 :: 		ConfigMCU();
0x02B0	0xDF4C      	RCALL       _ConfigMCU
;Desafio_MenuLCD.c,104 :: 		Lcd_Init();                  //Inicializa display LCD
0x02B2	0xDF5D      	RCALL       _Lcd_Init
;Desafio_MenuLCD.c,105 :: 		Lcd_Cmd(_LCD_CLEAR);         //Apaga display
0x02B4	0x0E01      	MOVLW       1
0x02B6	0x0100      	MOVLB       0
0x02B8	0x6FB5      	MOVWF       FARG_Lcd_Cmd_out_char, 1
0x02BA	0xDEC3      	RCALL       _Lcd_Cmd
;Desafio_MenuLCD.c,106 :: 		Lcd_Cmd(_LCD_CURSOR_OFF);    //Desliga cursor
0x02BC	0x0E0C      	MOVLW       12
0x02BE	0x6FB5      	MOVWF       FARG_Lcd_Cmd_out_char, 1
0x02C0	0xDEC0      	RCALL       _Lcd_Cmd
;Desafio_MenuLCD.c,109 :: 		Lcd_Cmd(_LCD_CLEAR);
0x02C2	0x0E01      	MOVLW       1
0x02C4	0x6FB5      	MOVWF       FARG_Lcd_Cmd_out_char, 1
0x02C6	0xDEBD      	RCALL       _Lcd_Cmd
;Desafio_MenuLCD.c,110 :: 		Lcd_Out(1, 1,">OPCAO1 [ENTER]");
0x02C8	0x0E01      	MOVLW       1
0x02CA	0x6FB0      	MOVWF       FARG_Lcd_Out_row, 1
0x02CC	0x0E01      	MOVLW       1
0x02CE	0x6FB1      	MOVWF       FARG_Lcd_Out_column, 1
0x02D0	0x0E25      	MOVLW       ?lstr3_Desafio_MenuLCD
0x02D2	0x6FB2      	MOVWF       FARG_Lcd_Out_text, 1
0x02D4	0x0E00      	MOVLW       hi_addr(?lstr3_Desafio_MenuLCD)
0x02D6	0x6FB3      	MOVWF       FARG_Lcd_Out_text+1, 1
0x02D8	0xDEF9      	RCALL       _Lcd_Out
;Desafio_MenuLCD.c,111 :: 		Lcd_Out(2, 1," OPCAO2        ");
0x02DA	0x0E02      	MOVLW       2
0x02DC	0x6FB0      	MOVWF       FARG_Lcd_Out_row, 1
0x02DE	0x0E01      	MOVLW       1
0x02E0	0x6FB1      	MOVWF       FARG_Lcd_Out_column, 1
0x02E2	0x0E15      	MOVLW       ?lstr4_Desafio_MenuLCD
0x02E4	0x6FB2      	MOVWF       FARG_Lcd_Out_text, 1
0x02E6	0x0E00      	MOVLW       hi_addr(?lstr4_Desafio_MenuLCD)
0x02E8	0x6FB3      	MOVWF       FARG_Lcd_Out_text+1, 1
0x02EA	0xDEF0      	RCALL       _Lcd_Out
;Desafio_MenuLCD.c,113 :: 		while (1)
L_main0:
;Desafio_MenuLCD.c,120 :: 		if (SELECIONA_MENU == 0 && submenu == 0)
0x02EC	0xB083      	BTFSC       PORTD, 0 
0x02EE	0xD065      	BRA         L_main4
0x02F0	0x0E00      	MOVLW       0
0x02F2	0x185E      	XORWF       _submenu+1, 0 
0x02F4	0xE102      	BNZ         L__main31
0x02F6	0x0E00      	MOVLW       0
0x02F8	0x185D      	XORWF       _submenu, 0 
L__main31:
0x02FA	0xE15F      	BNZ         L_main4
L__main27:
;Desafio_MenuLCD.c,122 :: 		switch(m_estado_nivel_um)
0x02FC	0xD052      	BRA         L_main5
;Desafio_MenuLCD.c,124 :: 		case 1:
L_main7:
;Desafio_MenuLCD.c,125 :: 		Lcd_Chr(1,1,'>'); LCD_Out(1,9,"[ENTER]");
0x02FE	0x0E01      	MOVLW       1
0x0300	0x6FAD      	MOVWF       FARG_Lcd_Chr_row, 1
0x0302	0x0E01      	MOVLW       1
0x0304	0x6FAE      	MOVWF       FARG_Lcd_Chr_column, 1
0x0306	0x0E3E      	MOVLW       62
0x0308	0x6FAF      	MOVWF       FARG_Lcd_Chr_out_char, 1
0x030A	0xDFA1      	RCALL       _Lcd_Chr
0x030C	0x0E01      	MOVLW       1
0x030E	0x6FB0      	MOVWF       FARG_Lcd_Out_row, 1
0x0310	0x0E09      	MOVLW       9
0x0312	0x6FB1      	MOVWF       FARG_Lcd_Out_column, 1
0x0314	0x0E35      	MOVLW       ?lstr5_Desafio_MenuLCD
0x0316	0x6FB2      	MOVWF       FARG_Lcd_Out_text, 1
0x0318	0x0E00      	MOVLW       hi_addr(?lstr5_Desafio_MenuLCD)
0x031A	0x6FB3      	MOVWF       FARG_Lcd_Out_text+1, 1
0x031C	0xDED7      	RCALL       _Lcd_Out
;Desafio_MenuLCD.c,126 :: 		m_estado_nivel_um = 2;
0x031E	0x0E02      	MOVLW       2
0x0320	0x6F61      	MOVWF       _m_estado_nivel_um, 1
0x0322	0x0E00      	MOVLW       0
0x0324	0x6F62      	MOVWF       _m_estado_nivel_um+1, 1
;Desafio_MenuLCD.c,127 :: 		estado_selecionado = 1;
0x0326	0x0E01      	MOVLW       1
0x0328	0x6F75      	MOVWF       _estado_selecionado, 1
0x032A	0x0E00      	MOVLW       0
0x032C	0x6F76      	MOVWF       _estado_selecionado+1, 1
;Desafio_MenuLCD.c,128 :: 		Lcd_Chr(2,1,' '); LCD_Out(2,9,"       ");
0x032E	0x0E02      	MOVLW       2
0x0330	0x6FAD      	MOVWF       FARG_Lcd_Chr_row, 1
0x0332	0x0E01      	MOVLW       1
0x0334	0x6FAE      	MOVWF       FARG_Lcd_Chr_column, 1
0x0336	0x0E20      	MOVLW       32
0x0338	0x6FAF      	MOVWF       FARG_Lcd_Chr_out_char, 1
0x033A	0xDF89      	RCALL       _Lcd_Chr
0x033C	0x0E02      	MOVLW       2
0x033E	0x6FB0      	MOVWF       FARG_Lcd_Out_row, 1
0x0340	0x0E09      	MOVLW       9
0x0342	0x6FB1      	MOVWF       FARG_Lcd_Out_column, 1
0x0344	0x0E45      	MOVLW       ?lstr6_Desafio_MenuLCD
0x0346	0x6FB2      	MOVWF       FARG_Lcd_Out_text, 1
0x0348	0x0E00      	MOVLW       hi_addr(?lstr6_Desafio_MenuLCD)
0x034A	0x6FB3      	MOVWF       FARG_Lcd_Out_text+1, 1
0x034C	0xDEBF      	RCALL       _Lcd_Out
;Desafio_MenuLCD.c,129 :: 		break;
0x034E	0xD035      	BRA         L_main6
;Desafio_MenuLCD.c,130 :: 		case 2:
L_main8:
;Desafio_MenuLCD.c,131 :: 		Lcd_Chr(2,1,'>'); LCD_Out(2,9,"[ENTER]");
0x0350	0x0E02      	MOVLW       2
0x0352	0x6FAD      	MOVWF       FARG_Lcd_Chr_row, 1
0x0354	0x0E01      	MOVLW       1
0x0356	0x6FAE      	MOVWF       FARG_Lcd_Chr_column, 1
0x0358	0x0E3E      	MOVLW       62
0x035A	0x6FAF      	MOVWF       FARG_Lcd_Chr_out_char, 1
0x035C	0xDF78      	RCALL       _Lcd_Chr
0x035E	0x0E02      	MOVLW       2
0x0360	0x6FB0      	MOVWF       FARG_Lcd_Out_row, 1
0x0362	0x0E09      	MOVLW       9
0x0364	0x6FB1      	MOVWF       FARG_Lcd_Out_column, 1
0x0366	0x0E3D      	MOVLW       ?lstr7_Desafio_MenuLCD
0x0368	0x6FB2      	MOVWF       FARG_Lcd_Out_text, 1
0x036A	0x0E00      	MOVLW       hi_addr(?lstr7_Desafio_MenuLCD)
0x036C	0x6FB3      	MOVWF       FARG_Lcd_Out_text+1, 1
0x036E	0xDEAE      	RCALL       _Lcd_Out
;Desafio_MenuLCD.c,132 :: 		m_estado_nivel_um = 1;
0x0370	0x0E01      	MOVLW       1
0x0372	0x6F61      	MOVWF       _m_estado_nivel_um, 1
0x0374	0x0E00      	MOVLW       0
0x0376	0x6F62      	MOVWF       _m_estado_nivel_um+1, 1
;Desafio_MenuLCD.c,133 :: 		estado_selecionado = 2;
0x0378	0x0E02      	MOVLW       2
0x037A	0x6F75      	MOVWF       _estado_selecionado, 1
0x037C	0x0E00      	MOVLW       0
0x037E	0x6F76      	MOVWF       _estado_selecionado+1, 1
;Desafio_MenuLCD.c,134 :: 		Lcd_Chr(1,1,' '); LCD_Out(1,9,"       ");
0x0380	0x0E01      	MOVLW       1
0x0382	0x6FAD      	MOVWF       FARG_Lcd_Chr_row, 1
0x0384	0x0E01      	MOVLW       1
0x0386	0x6FAE      	MOVWF       FARG_Lcd_Chr_column, 1
0x0388	0x0E20      	MOVLW       32
0x038A	0x6FAF      	MOVWF       FARG_Lcd_Chr_out_char, 1
0x038C	0xDF60      	RCALL       _Lcd_Chr
0x038E	0x0E01      	MOVLW       1
0x0390	0x6FB0      	MOVWF       FARG_Lcd_Out_row, 1
0x0392	0x0E09      	MOVLW       9
0x0394	0x6FB1      	MOVWF       FARG_Lcd_Out_column, 1
0x0396	0x0E95      	MOVLW       ?lstr8_Desafio_MenuLCD
0x0398	0x6FB2      	MOVWF       FARG_Lcd_Out_text, 1
0x039A	0x0E00      	MOVLW       hi_addr(?lstr8_Desafio_MenuLCD)
0x039C	0x6FB3      	MOVWF       FARG_Lcd_Out_text+1, 1
0x039E	0xDE96      	RCALL       _Lcd_Out
;Desafio_MenuLCD.c,135 :: 		break;
0x03A0	0xD00C      	BRA         L_main6
;Desafio_MenuLCD.c,136 :: 		}
L_main5:
0x03A2	0x0E00      	MOVLW       0
0x03A4	0x1962      	XORWF       _m_estado_nivel_um+1, 0, 1
0x03A6	0xE102      	BNZ         L__main32
0x03A8	0x0E01      	MOVLW       1
0x03AA	0x1961      	XORWF       _m_estado_nivel_um, 0, 1
L__main32:
0x03AC	0xE0A8      	BZ          L_main7
0x03AE	0x0E00      	MOVLW       0
0x03B0	0x1962      	XORWF       _m_estado_nivel_um+1, 0, 1
0x03B2	0xE102      	BNZ         L__main33
0x03B4	0x0E02      	MOVLW       2
0x03B6	0x1961      	XORWF       _m_estado_nivel_um, 0, 1
L__main33:
0x03B8	0xE0CB      	BZ          L_main8
L_main6:
;Desafio_MenuLCD.c,137 :: 		}
L_main4:
;Desafio_MenuLCD.c,142 :: 		if (ENTER_MENU == 0)
0x03BA	0xB283      	BTFSC       PORTD, 1 
0x03BC	0xD053      	BRA         L_main9
;Desafio_MenuLCD.c,144 :: 		switch(estado_selecionado)
0x03BE	0xD046      	BRA         L_main10
;Desafio_MenuLCD.c,146 :: 		case 1:
L_main12:
;Desafio_MenuLCD.c,147 :: 		Lcd_Cmd(_LCD_CLEAR);
0x03C0	0x0E01      	MOVLW       1
0x03C2	0x6FB5      	MOVWF       FARG_Lcd_Cmd_out_char, 1
0x03C4	0xDE3E      	RCALL       _Lcd_Cmd
;Desafio_MenuLCD.c,148 :: 		Lcd_Out(1, 1,"OPCAO1");
0x03C6	0x0E01      	MOVLW       1
0x03C8	0x6FB0      	MOVWF       FARG_Lcd_Out_row, 1
0x03CA	0x0E01      	MOVLW       1
0x03CC	0x6FB1      	MOVWF       FARG_Lcd_Out_column, 1
0x03CE	0x0E8E      	MOVLW       ?lstr9_Desafio_MenuLCD
0x03D0	0x6FB2      	MOVWF       FARG_Lcd_Out_text, 1
0x03D2	0x0E00      	MOVLW       hi_addr(?lstr9_Desafio_MenuLCD)
0x03D4	0x6FB3      	MOVWF       FARG_Lcd_Out_text+1, 1
0x03D6	0xDE7A      	RCALL       _Lcd_Out
;Desafio_MenuLCD.c,149 :: 		Lcd_Out(1,9,">SENSO1");
0x03D8	0x0E01      	MOVLW       1
0x03DA	0x6FB0      	MOVWF       FARG_Lcd_Out_row, 1
0x03DC	0x0E09      	MOVLW       9
0x03DE	0x6FB1      	MOVWF       FARG_Lcd_Out_column, 1
0x03E0	0x0EA5      	MOVLW       ?lstr10_Desafio_MenuLCD
0x03E2	0x6FB2      	MOVWF       FARG_Lcd_Out_text, 1
0x03E4	0x0E00      	MOVLW       hi_addr(?lstr10_Desafio_MenuLCD)
0x03E6	0x6FB3      	MOVWF       FARG_Lcd_Out_text+1, 1
0x03E8	0xDE71      	RCALL       _Lcd_Out
;Desafio_MenuLCD.c,150 :: 		Lcd_Out(2,9," EQUIP1");
0x03EA	0x0E02      	MOVLW       2
0x03EC	0x6FB0      	MOVWF       FARG_Lcd_Out_row, 1
0x03EE	0x0E09      	MOVLW       9
0x03F0	0x6FB1      	MOVWF       FARG_Lcd_Out_column, 1
0x03F2	0x0E9D      	MOVLW       ?lstr11_Desafio_MenuLCD
0x03F4	0x6FB2      	MOVWF       FARG_Lcd_Out_text, 1
0x03F6	0x0E00      	MOVLW       hi_addr(?lstr11_Desafio_MenuLCD)
0x03F8	0x6FB3      	MOVWF       FARG_Lcd_Out_text+1, 1
0x03FA	0xDE68      	RCALL       _Lcd_Out
;Desafio_MenuLCD.c,151 :: 		submenu = 1; //Informa que estamos no segundo nível do menu
0x03FC	0x0E01      	MOVLW       1
0x03FE	0x6E5D      	MOVWF       _submenu 
0x0400	0x0E00      	MOVLW       0
0x0402	0x6E5E      	MOVWF       _submenu+1 
;Desafio_MenuLCD.c,152 :: 		break;
0x0404	0xD02F      	BRA         L_main11
;Desafio_MenuLCD.c,153 :: 		case 2:
L_main13:
;Desafio_MenuLCD.c,154 :: 		Lcd_Cmd(_LCD_CLEAR);
0x0406	0x0E01      	MOVLW       1
0x0408	0x6FB5      	MOVWF       FARG_Lcd_Cmd_out_char, 1
0x040A	0xDE1B      	RCALL       _Lcd_Cmd
;Desafio_MenuLCD.c,155 :: 		Lcd_Out(1, 1,"OPCAO2");
0x040C	0x0E01      	MOVLW       1
0x040E	0x6FB0      	MOVWF       FARG_Lcd_Out_row, 1
0x0410	0x0E01      	MOVLW       1
0x0412	0x6FB1      	MOVWF       FARG_Lcd_Out_column, 1
0x0414	0x0E7F      	MOVLW       ?lstr12_Desafio_MenuLCD
0x0416	0x6FB2      	MOVWF       FARG_Lcd_Out_text, 1
0x0418	0x0E00      	MOVLW       hi_addr(?lstr12_Desafio_MenuLCD)
0x041A	0x6FB3      	MOVWF       FARG_Lcd_Out_text+1, 1
0x041C	0xDE57      	RCALL       _Lcd_Out
;Desafio_MenuLCD.c,156 :: 		Lcd_Out(1,9,">SENSO2");
0x041E	0x0E01      	MOVLW       1
0x0420	0x6FB0      	MOVWF       FARG_Lcd_Out_row, 1
0x0422	0x0E09      	MOVLW       9
0x0424	0x6FB1      	MOVWF       FARG_Lcd_Out_column, 1
0x0426	0x0E77      	MOVLW       ?lstr13_Desafio_MenuLCD
0x0428	0x6FB2      	MOVWF       FARG_Lcd_Out_text, 1
0x042A	0x0E00      	MOVLW       hi_addr(?lstr13_Desafio_MenuLCD)
0x042C	0x6FB3      	MOVWF       FARG_Lcd_Out_text+1, 1
0x042E	0xDE4E      	RCALL       _Lcd_Out
;Desafio_MenuLCD.c,157 :: 		Lcd_Out(2,9," EQUIP2");
0x0430	0x0E02      	MOVLW       2
0x0432	0x6FB0      	MOVWF       FARG_Lcd_Out_row, 1
0x0434	0x0E09      	MOVLW       9
0x0436	0x6FB1      	MOVWF       FARG_Lcd_Out_column, 1
0x0438	0x0E86      	MOVLW       ?lstr14_Desafio_MenuLCD
0x043A	0x6FB2      	MOVWF       FARG_Lcd_Out_text, 1
0x043C	0x0E00      	MOVLW       hi_addr(?lstr14_Desafio_MenuLCD)
0x043E	0x6FB3      	MOVWF       FARG_Lcd_Out_text+1, 1
0x0440	0xDE45      	RCALL       _Lcd_Out
;Desafio_MenuLCD.c,158 :: 		submenu = 1; //idem
0x0442	0x0E01      	MOVLW       1
0x0444	0x6E5D      	MOVWF       _submenu 
0x0446	0x0E00      	MOVLW       0
0x0448	0x6E5E      	MOVWF       _submenu+1 
;Desafio_MenuLCD.c,159 :: 		break;
0x044A	0xD00C      	BRA         L_main11
;Desafio_MenuLCD.c,160 :: 		}
L_main10:
0x044C	0x0E00      	MOVLW       0
0x044E	0x1976      	XORWF       _estado_selecionado+1, 0, 1
0x0450	0xE102      	BNZ         L__main34
0x0452	0x0E01      	MOVLW       1
0x0454	0x1975      	XORWF       _estado_selecionado, 0, 1
L__main34:
0x0456	0xE0B4      	BZ          L_main12
0x0458	0x0E00      	MOVLW       0
0x045A	0x1976      	XORWF       _estado_selecionado+1, 0, 1
0x045C	0xE102      	BNZ         L__main35
0x045E	0x0E02      	MOVLW       2
0x0460	0x1975      	XORWF       _estado_selecionado, 0, 1
L__main35:
0x0462	0xE0D1      	BZ          L_main13
L_main11:
;Desafio_MenuLCD.c,161 :: 		}
L_main9:
;Desafio_MenuLCD.c,165 :: 		if (SELECIONA_MENU == 0 && submenu == 1)
0x0464	0xB083      	BTFSC       PORTD, 0 
0x0466	0xD039      	BRA         L_main16
0x0468	0x0E00      	MOVLW       0
0x046A	0x185E      	XORWF       _submenu+1, 0 
0x046C	0xE102      	BNZ         L__main36
0x046E	0x0E01      	MOVLW       1
0x0470	0x185D      	XORWF       _submenu, 0 
L__main36:
0x0472	0xE133      	BNZ         L_main16
L__main26:
;Desafio_MenuLCD.c,167 :: 		switch(m_estado_nivel_dois)
0x0474	0xD026      	BRA         L_main17
;Desafio_MenuLCD.c,169 :: 		case 1:
L_main19:
;Desafio_MenuLCD.c,170 :: 		Lcd_Chr(1,9,'>');
0x0476	0x0E01      	MOVLW       1
0x0478	0x6FAD      	MOVWF       FARG_Lcd_Chr_row, 1
0x047A	0x0E09      	MOVLW       9
0x047C	0x6FAE      	MOVWF       FARG_Lcd_Chr_column, 1
0x047E	0x0E3E      	MOVLW       62
0x0480	0x6FAF      	MOVWF       FARG_Lcd_Chr_out_char, 1
0x0482	0xDEE5      	RCALL       _Lcd_Chr
;Desafio_MenuLCD.c,171 :: 		m_estado_nivel_dois = 2;
0x0484	0x0E02      	MOVLW       2
0x0486	0x6F63      	MOVWF       _m_estado_nivel_dois, 1
0x0488	0x0E00      	MOVLW       0
0x048A	0x6F64      	MOVWF       _m_estado_nivel_dois+1, 1
;Desafio_MenuLCD.c,172 :: 		Lcd_Chr(2,9,' ');
0x048C	0x0E02      	MOVLW       2
0x048E	0x6FAD      	MOVWF       FARG_Lcd_Chr_row, 1
0x0490	0x0E09      	MOVLW       9
0x0492	0x6FAE      	MOVWF       FARG_Lcd_Chr_column, 1
0x0494	0x0E20      	MOVLW       32
0x0496	0x6FAF      	MOVWF       FARG_Lcd_Chr_out_char, 1
0x0498	0xDEDA      	RCALL       _Lcd_Chr
;Desafio_MenuLCD.c,173 :: 		break;
0x049A	0xD01F      	BRA         L_main18
;Desafio_MenuLCD.c,174 :: 		case 2:
L_main20:
;Desafio_MenuLCD.c,175 :: 		Lcd_Chr(2,9,'>');
0x049C	0x0E02      	MOVLW       2
0x049E	0x6FAD      	MOVWF       FARG_Lcd_Chr_row, 1
0x04A0	0x0E09      	MOVLW       9
0x04A2	0x6FAE      	MOVWF       FARG_Lcd_Chr_column, 1
0x04A4	0x0E3E      	MOVLW       62
0x04A6	0x6FAF      	MOVWF       FARG_Lcd_Chr_out_char, 1
0x04A8	0xDED2      	RCALL       _Lcd_Chr
;Desafio_MenuLCD.c,176 :: 		m_estado_nivel_dois = 1;
0x04AA	0x0E01      	MOVLW       1
0x04AC	0x6F63      	MOVWF       _m_estado_nivel_dois, 1
0x04AE	0x0E00      	MOVLW       0
0x04B0	0x6F64      	MOVWF       _m_estado_nivel_dois+1, 1
;Desafio_MenuLCD.c,177 :: 		Lcd_Chr(1,9,' ');
0x04B2	0x0E01      	MOVLW       1
0x04B4	0x6FAD      	MOVWF       FARG_Lcd_Chr_row, 1
0x04B6	0x0E09      	MOVLW       9
0x04B8	0x6FAE      	MOVWF       FARG_Lcd_Chr_column, 1
0x04BA	0x0E20      	MOVLW       32
0x04BC	0x6FAF      	MOVWF       FARG_Lcd_Chr_out_char, 1
0x04BE	0xDEC7      	RCALL       _Lcd_Chr
;Desafio_MenuLCD.c,178 :: 		break;
0x04C0	0xD00C      	BRA         L_main18
;Desafio_MenuLCD.c,179 :: 		}
L_main17:
0x04C2	0x0E00      	MOVLW       0
0x04C4	0x1964      	XORWF       _m_estado_nivel_dois+1, 0, 1
0x04C6	0xE102      	BNZ         L__main37
0x04C8	0x0E01      	MOVLW       1
0x04CA	0x1963      	XORWF       _m_estado_nivel_dois, 0, 1
L__main37:
0x04CC	0xE0D4      	BZ          L_main19
0x04CE	0x0E00      	MOVLW       0
0x04D0	0x1964      	XORWF       _m_estado_nivel_dois+1, 0, 1
0x04D2	0xE102      	BNZ         L__main38
0x04D4	0x0E02      	MOVLW       2
0x04D6	0x1963      	XORWF       _m_estado_nivel_dois, 0, 1
L__main38:
0x04D8	0xE0E1      	BZ          L_main20
L_main18:
;Desafio_MenuLCD.c,180 :: 		}
L_main16:
;Desafio_MenuLCD.c,184 :: 		if (RETORNA_MENU_PRINCIPAL == 0 && submenu == 1)
0x04DA	0xB483      	BTFSC       PORTD, 2 
0x04DC	0xD007      	BRA         L_main23
0x04DE	0x0E00      	MOVLW       0
0x04E0	0x185E      	XORWF       _submenu+1, 0 
0x04E2	0xE102      	BNZ         L__main39
0x04E4	0x0E01      	MOVLW       1
0x04E6	0x185D      	XORWF       _submenu, 0 
L__main39:
0x04E8	0xE101      	BNZ         L_main23
L__main25:
;Desafio_MenuLCD.c,186 :: 		CondicaoInicialMenu();
0x04EA	0xDE8C      	RCALL       _CondicaoInicialMenu
;Desafio_MenuLCD.c,187 :: 		}
L_main23:
;Desafio_MenuLCD.c,189 :: 		Delay_ms(250); //Como nesse programa não foi usado nenhum tratador
0x04EC	0x0E03      	MOVLW       3
0x04EE	0x6E0B      	MOVWF       R11, 0
0x04F0	0x0E8A      	MOVLW       138
0x04F2	0x6E0C      	MOVWF       R12, 0
0x04F4	0x0E55      	MOVLW       85
0x04F6	0x6E0D      	MOVWF       R13, 0
L_main24:
0x04F8	0x2E0D      	DECFSZ      R13, 1, 0
0x04FA	0xD7FE      	BRA         L_main24
0x04FC	0x2E0C      	DECFSZ      R12, 1, 0
0x04FE	0xD7FC      	BRA         L_main24
0x0500	0x2E0B      	DECFSZ      R11, 1, 0
0x0502	0xD7FA      	BRA         L_main24
0x0504	0x0000      	NOP
0x0506	0x0000      	NOP
;Desafio_MenuLCD.c,192 :: 		}
0x0508	0xD6F1      	BRA         L_main0
;Desafio_MenuLCD.c,194 :: 		}
L_end_main:
0x050A	0xD7FF      	BRA         $+0
; end of _main
0x05A2	0xF015EE10  	LFSR        1, 21
0x05A6	0x0E4A      	MOVLW       74
0x05A8	0x6E00      	MOVWF       R0 
0x05AA	0x0E01      	MOVLW       1
0x05AC	0x6E01      	MOVWF       R1 
0x05AE	0x0E58      	MOVLW       88
0x05B0	0x6EF6      	MOVWF       4086 
0x05B2	0x0E05      	MOVLW       5
0x05B4	0x6EF7      	MOVWF       TBLPTRH 
0x05B6	0x0E00      	MOVLW       0
0x05B8	0x6EF8      	MOVWF       TBLPTRU 
0x05BA	0xF000ECAF  	CALL        350, 0
0x05BE	0xF061EE10  	LFSR        1, 97
0x05C2	0x0E4C      	MOVLW       76
0x05C4	0x6E00      	MOVWF       R0 
0x05C6	0x0E01      	MOVLW       1
0x05C8	0x6E01      	MOVWF       R1 
0x05CA	0x0E0C      	MOVLW       12
0x05CC	0x6EF6      	MOVWF       4086 
0x05CE	0x0E05      	MOVLW       5
0x05D0	0x6EF7      	MOVWF       TBLPTRH 
0x05D2	0x0E00      	MOVLW       0
0x05D4	0x6EF8      	MOVWF       TBLPTRU 
0x05D6	0xF000ECAF  	CALL        350, 0
0x05DA	0x0012      	RETURN      0
;Desafio_MenuLCD.c,0 :: ?ICS_m_estado_nivel_um
0x050C	0x0001 ;?ICS_m_estado_nivel_um+0
; end of ?ICS_m_estado_nivel_um
;Desafio_MenuLCD.c,0 :: ?ICS_m_estado_nivel_dois
0x050E	0x0001 ;?ICS_m_estado_nivel_dois+0
; end of ?ICS_m_estado_nivel_dois
;Desafio_MenuLCD.c,0 :: ?ICS?lstr1_Desafio_MenuLCD
0x0510	0x4F3E ;?ICS?lstr1_Desafio_MenuLCD+0
0x0512	0x4350 ;?ICS?lstr1_Desafio_MenuLCD+2
0x0514	0x4F41 ;?ICS?lstr1_Desafio_MenuLCD+4
0x0516	0x2031 ;?ICS?lstr1_Desafio_MenuLCD+6
0x0518	0x455B ;?ICS?lstr1_Desafio_MenuLCD+8
0x051A	0x544E ;?ICS?lstr1_Desafio_MenuLCD+10
0x051C	0x5245 ;?ICS?lstr1_Desafio_MenuLCD+12
0x051E	0x005D ;?ICS?lstr1_Desafio_MenuLCD+14
; end of ?ICS?lstr1_Desafio_MenuLCD
;Desafio_MenuLCD.c,0 :: ?ICS_estado_selecionado
0x0520	0x0001 ;?ICS_estado_selecionado+0
; end of ?ICS_estado_selecionado
;Desafio_MenuLCD.c,0 :: ?ICS?lstr13_Desafio_MenuLCD
0x0522	0x533E ;?ICS?lstr13_Desafio_MenuLCD+0
0x0524	0x4E45 ;?ICS?lstr13_Desafio_MenuLCD+2
0x0526	0x4F53 ;?ICS?lstr13_Desafio_MenuLCD+4
0x0528	0x0032 ;?ICS?lstr13_Desafio_MenuLCD+6
; end of ?ICS?lstr13_Desafio_MenuLCD
;Desafio_MenuLCD.c,0 :: ?ICS?lstr12_Desafio_MenuLCD
0x052A	0x504F ;?ICS?lstr12_Desafio_MenuLCD+0
0x052C	0x4143 ;?ICS?lstr12_Desafio_MenuLCD+2
0x052E	0x324F ;?ICS?lstr12_Desafio_MenuLCD+4
0x0530	0x00 ;?ICS?lstr12_Desafio_MenuLCD+6
; end of ?ICS?lstr12_Desafio_MenuLCD
;Desafio_MenuLCD.c,0 :: ?ICS?lstr14_Desafio_MenuLCD
0x0531	0x4520 ;?ICS?lstr14_Desafio_MenuLCD+0
0x0533	0x5551 ;?ICS?lstr14_Desafio_MenuLCD+2
0x0535	0x5049 ;?ICS?lstr14_Desafio_MenuLCD+4
0x0537	0x0032 ;?ICS?lstr14_Desafio_MenuLCD+6
; end of ?ICS?lstr14_Desafio_MenuLCD
;Desafio_MenuLCD.c,0 :: ?ICS?lstr9_Desafio_MenuLCD
0x0539	0x504F ;?ICS?lstr9_Desafio_MenuLCD+0
0x053B	0x4143 ;?ICS?lstr9_Desafio_MenuLCD+2
0x053D	0x314F ;?ICS?lstr9_Desafio_MenuLCD+4
0x053F	0x00 ;?ICS?lstr9_Desafio_MenuLCD+6
; end of ?ICS?lstr9_Desafio_MenuLCD
;Desafio_MenuLCD.c,0 :: ?ICS?lstr8_Desafio_MenuLCD
0x0540	0x2020 ;?ICS?lstr8_Desafio_MenuLCD+0
0x0542	0x2020 ;?ICS?lstr8_Desafio_MenuLCD+2
0x0544	0x2020 ;?ICS?lstr8_Desafio_MenuLCD+4
0x0546	0x0020 ;?ICS?lstr8_Desafio_MenuLCD+6
; end of ?ICS?lstr8_Desafio_MenuLCD
;Desafio_MenuLCD.c,0 :: ?ICS?lstr11_Desafio_MenuLCD
0x0548	0x4520 ;?ICS?lstr11_Desafio_MenuLCD+0
0x054A	0x5551 ;?ICS?lstr11_Desafio_MenuLCD+2
0x054C	0x5049 ;?ICS?lstr11_Desafio_MenuLCD+4
0x054E	0x0031 ;?ICS?lstr11_Desafio_MenuLCD+6
; end of ?ICS?lstr11_Desafio_MenuLCD
;Desafio_MenuLCD.c,0 :: ?ICS?lstr10_Desafio_MenuLCD
0x0550	0x533E ;?ICS?lstr10_Desafio_MenuLCD+0
0x0552	0x4E45 ;?ICS?lstr10_Desafio_MenuLCD+2
0x0554	0x4F53 ;?ICS?lstr10_Desafio_MenuLCD+4
0x0556	0x0031 ;?ICS?lstr10_Desafio_MenuLCD+6
; end of ?ICS?lstr10_Desafio_MenuLCD
;Desafio_MenuLCD.c,0 :: ?ICS?lstr4_Desafio_MenuLCD
0x0558	0x4F20 ;?ICS?lstr4_Desafio_MenuLCD+0
0x055A	0x4350 ;?ICS?lstr4_Desafio_MenuLCD+2
0x055C	0x4F41 ;?ICS?lstr4_Desafio_MenuLCD+4
0x055E	0x2032 ;?ICS?lstr4_Desafio_MenuLCD+6
0x0560	0x2020 ;?ICS?lstr4_Desafio_MenuLCD+8
0x0562	0x2020 ;?ICS?lstr4_Desafio_MenuLCD+10
0x0564	0x2020 ;?ICS?lstr4_Desafio_MenuLCD+12
0x0566	0x0020 ;?ICS?lstr4_Desafio_MenuLCD+14
; end of ?ICS?lstr4_Desafio_MenuLCD
;Desafio_MenuLCD.c,0 :: ?ICS?lstr3_Desafio_MenuLCD
0x0568	0x4F3E ;?ICS?lstr3_Desafio_MenuLCD+0
0x056A	0x4350 ;?ICS?lstr3_Desafio_MenuLCD+2
0x056C	0x4F41 ;?ICS?lstr3_Desafio_MenuLCD+4
0x056E	0x2031 ;?ICS?lstr3_Desafio_MenuLCD+6
0x0570	0x455B ;?ICS?lstr3_Desafio_MenuLCD+8
0x0572	0x544E ;?ICS?lstr3_Desafio_MenuLCD+10
0x0574	0x5245 ;?ICS?lstr3_Desafio_MenuLCD+12
0x0576	0x005D ;?ICS?lstr3_Desafio_MenuLCD+14
; end of ?ICS?lstr3_Desafio_MenuLCD
;Desafio_MenuLCD.c,0 :: ?ICS?lstr5_Desafio_MenuLCD
0x0578	0x455B ;?ICS?lstr5_Desafio_MenuLCD+0
0x057A	0x544E ;?ICS?lstr5_Desafio_MenuLCD+2
0x057C	0x5245 ;?ICS?lstr5_Desafio_MenuLCD+4
0x057E	0x005D ;?ICS?lstr5_Desafio_MenuLCD+6
; end of ?ICS?lstr5_Desafio_MenuLCD
;Desafio_MenuLCD.c,0 :: ?ICS?lstr7_Desafio_MenuLCD
0x0580	0x455B ;?ICS?lstr7_Desafio_MenuLCD+0
0x0582	0x544E ;?ICS?lstr7_Desafio_MenuLCD+2
0x0584	0x5245 ;?ICS?lstr7_Desafio_MenuLCD+4
0x0586	0x005D ;?ICS?lstr7_Desafio_MenuLCD+6
; end of ?ICS?lstr7_Desafio_MenuLCD
;Desafio_MenuLCD.c,0 :: ?ICS?lstr6_Desafio_MenuLCD
0x0588	0x2020 ;?ICS?lstr6_Desafio_MenuLCD+0
0x058A	0x2020 ;?ICS?lstr6_Desafio_MenuLCD+2
0x058C	0x2020 ;?ICS?lstr6_Desafio_MenuLCD+4
0x058E	0x0020 ;?ICS?lstr6_Desafio_MenuLCD+6
; end of ?ICS?lstr6_Desafio_MenuLCD
;Desafio_MenuLCD.c,0 :: ?ICS?lstr2_Desafio_MenuLCD
0x0590	0x4F20 ;?ICS?lstr2_Desafio_MenuLCD+0
0x0592	0x4350 ;?ICS?lstr2_Desafio_MenuLCD+2
0x0594	0x4F41 ;?ICS?lstr2_Desafio_MenuLCD+4
0x0596	0x2032 ;?ICS?lstr2_Desafio_MenuLCD+6
0x0598	0x2020 ;?ICS?lstr2_Desafio_MenuLCD+8
0x059A	0x2020 ;?ICS?lstr2_Desafio_MenuLCD+10
0x059C	0x2020 ;?ICS?lstr2_Desafio_MenuLCD+12
0x059E	0x0020 ;?ICS?lstr2_Desafio_MenuLCD+14
; end of ?ICS?lstr2_Desafio_MenuLCD
;Desafio_MenuLCD.c,0 :: ?ICS_submenu
0x05A0	0x0000 ;?ICS_submenu+0
; end of ?ICS_submenu
Symbol List:
//** Routines locations **
//ADDRESS    SIZE    PROCEDURE
//----------------------------------------------
0x001C       [6]    _Delay_1us
0x0022      [22]    _Delay_5500us
0x0038      [10]    _Delay_50us
0x0042     [126]    _Lcd_Cmd
0x00C0      [12]    _Lcd_Chr_CP
0x00CC     [126]    _Lcd_Out
0x014A      [20]    _ConfigMCU
0x015E      [16]    ___CC2DW
0x016E     [150]    _Lcd_Init
0x0204      [74]    _CondicaoInicialMenu
0x024E      [94]    _Lcd_Chr
0x02AC     [608]    _main
//** Variables locations ** 
//ADDRESS    SIZE    VARIABLE
//----------------------------------------------
0x0000       [1]    R0
0x0001       [1]    R1
0x0002       [1]    R2
0x0003       [1]    R3
0x0004       [1]    R4
0x0005       [1]    R5
0x0006       [1]    R6
0x0007       [1]    R7
0x0008       [1]    R8
0x0009       [1]    R9
0x000A       [1]    R10
0x000B       [1]    R11
0x000C       [1]    R12
0x000D       [1]    R13
0x000E       [1]    R14
0x000F       [1]    R15
0x0010       [1]    R16
0x0011       [1]    R17
0x0012       [1]    R18
0x0013       [1]    R19
0x0014       [1]    R20
0x0015      [16]    ?lstr4_Desafio_MenuLCD
0x0025      [16]    ?lstr3_Desafio_MenuLCD
0x0035       [8]    ?lstr5_Desafio_MenuLCD
0x003D       [8]    ?lstr7_Desafio_MenuLCD
0x0045       [8]    ?lstr6_Desafio_MenuLCD
0x004D      [16]    ?lstr2_Desafio_MenuLCD
0x005D       [2]    _submenu
0x005F       [0]    __Lib_Lcd_cmd_status
0x0060       [1]    Lcd_Out_i_L0
0x0061       [2]    _m_estado_nivel_um
0x0063       [2]    _m_estado_nivel_dois
0x0065      [16]    ?lstr1_Desafio_MenuLCD
0x0075       [2]    _estado_selecionado
0x0077       [8]    ?lstr13_Desafio_MenuLCD
0x007F       [7]    ?lstr12_Desafio_MenuLCD
0x0086       [8]    ?lstr14_Desafio_MenuLCD
0x008E       [7]    ?lstr9_Desafio_MenuLCD
0x0095       [8]    ?lstr8_Desafio_MenuLCD
0x009D       [8]    ?lstr11_Desafio_MenuLCD
0x00A5       [8]    ?lstr10_Desafio_MenuLCD
0x00AD       [1]    FARG_Lcd_Chr_row
0x00AE       [1]    FARG_Lcd_Chr_column
0x00AF       [1]    FARG_Lcd_Chr_out_char
0x00B0       [1]    FARG_Lcd_Out_row
0x00B1       [1]    FARG_Lcd_Out_column
0x00B2       [2]    FARG_Lcd_Out_text
0x00B4       [1]    FARG_Lcd_Chr_CP_out_char
0x00B5       [1]    FARG_Lcd_Cmd_out_char
0x0F39       [1]    ANSELB
0x0F3B       [1]    ANSELD
0x0F83       [1]    PORTD
0x0F8A       [0]    LATB2_bit
0x0F8A       [0]    LATB1_bit
0x0F8A       [0]    LATB0_bit
0x0F8A       [0]    LATB5_bit
0x0F8A       [0]    LATB3_bit
0x0F8A       [0]    LATB4_bit
0x0F8A       [0]    LCD_D4
0x0F8A       [0]    LCD_EN
0x0F8A       [0]    LCD_RS
0x0F8A       [0]    LCD_D7
0x0F8A       [0]    LCD_D6
0x0F8A       [0]    LCD_D5
0x0F93       [0]    LCD_D7_Direction
0x0F93       [0]    LCD_D4_Direction
0x0F93       [0]    LCD_D5_Direction
0x0F93       [0]    LCD_D6_Direction
0x0F93       [0]    LCD_EN_Direction
0x0F93       [0]    TRISB5_bit
0x0F93       [0]    TRISB0_bit
0x0F93       [0]    TRISB4_bit
0x0F93       [0]    TRISB2_bit
0x0F93       [0]    LCD_RS_Direction
0x0F93       [0]    TRISB1_bit
0x0F93       [0]    TRISB3_bit
0x0F95       [1]    TRISD
0x0FD8       [1]    STATUS
0x0FD9       [1]    FSR2L
0x0FDA       [1]    FSR2H
0x0FDE       [1]    POSTINC2
0x0FE0       [1]    BSR
0x0FE1       [1]    FSR1L
0x0FE2       [1]    FSR1H
0x0FE4       [1]    PREINC1
0x0FE6       [1]    POSTINC1
0x0FE7       [1]    INDF1
0x0FE8       [1]    WREG
0x0FE9       [1]    FSR0L
0x0FEA       [1]    FSR0H
0x0FEE       [1]    POSTINC0
0x0FF3       [1]    PRODL
0x0FF4       [1]    PRODH
0x0FF5       [1]    TABLAT
0x0FF6       [1]    TBLPTRL
0x0FF7       [1]    TBLPTRH
0x0FF8       [1]    TBLPTRU
//** Constants locations ** 
//ADDRESS    SIZE    CONSTANT
//----------------------------------------------
0x050C       [2]    ?ICS_m_estado_nivel_um
0x050E       [2]    ?ICS_m_estado_nivel_dois
0x0510      [16]    ?ICS?lstr1_Desafio_MenuLCD
0x0520       [2]    ?ICS_estado_selecionado
0x0522       [8]    ?ICS?lstr13_Desafio_MenuLCD
0x052A       [7]    ?ICS?lstr12_Desafio_MenuLCD
0x0531       [8]    ?ICS?lstr14_Desafio_MenuLCD
0x0539       [7]    ?ICS?lstr9_Desafio_MenuLCD
0x0540       [8]    ?ICS?lstr8_Desafio_MenuLCD
0x0548       [8]    ?ICS?lstr11_Desafio_MenuLCD
0x0550       [8]    ?ICS?lstr10_Desafio_MenuLCD
0x0558      [16]    ?ICS?lstr4_Desafio_MenuLCD
0x0568      [16]    ?ICS?lstr3_Desafio_MenuLCD
0x0578       [8]    ?ICS?lstr5_Desafio_MenuLCD
0x0580       [8]    ?ICS?lstr7_Desafio_MenuLCD
0x0588       [8]    ?ICS?lstr6_Desafio_MenuLCD
0x0590      [16]    ?ICS?lstr2_Desafio_MenuLCD
0x05A0       [2]    ?ICS_submenu
//** Label List: ** 
//----------------------------------------------
  L_main0
  L_main1
  L_main2
  L_main3
  L_main4
  L_main5
  L_main6
  L_main7
  L_main8
  L_main9
  L_main10
  L_main11
  L_main12
  L_main13
  L_main14
  L_main15
  L_main16
  L_main17
  L_main18
  L_main19
  L_main20
  L_main21
  L_main22
  L_main23
  L_main24
  L__main25
  L__main26
  L__main27
  L_end_CondicaoInicialMenu
  _CondicaoInicialMenu
  L_end_ConfigMCU
  _ConfigMCU
  L_end_main
  _main
  L__main31
  L__main32
  L__main33
  L__main34
  L__main35
  L__main36
  L__main37
  L__main38
  L__main39
  L_Delay_10us0
  L_Delay_22us1
  L_Delay_50us2
  L_Delay_80us3
  L_Delay_500us4
  L_Delay_5500us5
  L_Delay_1ms6
  L_Delay_5ms7
  L_Delay_8ms8
  L_Delay_100ms9
  L_Delay_10ms10
  L_Delay_1sec11
  L____Boot_Delay4k12
  L____Boot_Delay8k13
  L____Boot_Delay12k14
  L____Boot_Delay16k15
  L____Boot_Delay24k16
  L____Boot_Delay32k17
  L____Boot_Delay48k18
  L____Boot_Delay64k19
  L____Boot_Delay128k20
  L_Delay_Cyc21
  L_Delay_Cyc22
  L_VDelay_ms23
  L_VDelay_ms24
  L_VDelay_ms25
  L_VDelay_Advanced_ms26
  L_VDelay_Advanced_ms27
  L_VDelay_Advanced_ms28
  L_end_Get_Fosc_kHz
  _Get_Fosc_kHz
  L_end_Delay_1us
  _Delay_1us
  L_end_Delay_10us
  _Delay_10us
  L_end_Delay_22us
  _Delay_22us
  L_end_Delay_50us
  _Delay_50us
  L_end_Delay_80us
  _Delay_80us
  L_end_Delay_500us
  _Delay_500us
  L_end_Delay_5500us
  _Delay_5500us
  L_end_Delay_1ms
  _Delay_1ms
  L_end_Delay_5ms
  _Delay_5ms
  L_end_Delay_8ms
  _Delay_8ms
  L_end_Delay_100ms
  _Delay_100ms
  L_end_Delay_10ms
  _Delay_10ms
  L_end_Delay_1sec
  _Delay_1sec
  L_end____Boot_Delay4k
  ____Boot_Delay4k
  L_end____Boot_Delay8k
  ____Boot_Delay8k
  L_end____Boot_Delay12k
  ____Boot_Delay12k
  L_end____Boot_Delay16k
  ____Boot_Delay16k
  L_end____Boot_Delay24k
  ____Boot_Delay24k
  L_end____Boot_Delay32k
  ____Boot_Delay32k
  L_end____Boot_Delay48k
  ____Boot_Delay48k
  L_end____Boot_Delay64k
  ____Boot_Delay64k
  L_end____Boot_Delay128k
  ____Boot_Delay128k
  L_end_Delay_Cyc
  _Delay_Cyc
  L_end_VDelay_ms
  _VDelay_ms
  L__VDelay_ms54
  L__VDelay_ms55
  L__VDelay_ms56
  L_end_VDelay_Advanced_ms
  _VDelay_Advanced_ms
  L__VDelay_Advanced_ms58
  L__VDelay_Advanced_ms59
  L__VDelay_Advanced_ms60
  L_Lcd_Cmd0
  L_Lcd_Cmd1
  L_Lcd_Out_CP2
  L_Lcd_Out_CP3
  L_Lcd_Chr4
  L_Lcd_Chr5
  L_Lcd_Chr6
  L_Lcd_Chr7
  L_Lcd_Chr8
  L_Lcd_Chr9
  L_Lcd_Chr10
  L_Lcd_Out11
  L_Lcd_Out12
  L_Lcd_Out13
  L_Lcd_Out14
  L_Lcd_Out15
  L_Lcd_Out16
  L_Lcd_Out17
  L_Lcd_Out18
  L_Lcd_Out19
  L_end_Lcd_Cmd
  _Lcd_Cmd
  L__Lcd_Cmd21
  L__Lcd_Cmd22
  L__Lcd_Cmd23
  L__Lcd_Cmd24
  L__Lcd_Cmd25
  L__Lcd_Cmd26
  L__Lcd_Cmd27
  L__Lcd_Cmd28
  L__Lcd_Cmd29
  L__Lcd_Cmd30
  L__Lcd_Cmd31
  L__Lcd_Cmd32
  L__Lcd_Cmd33
  L__Lcd_Cmd34
  L__Lcd_Cmd35
  L__Lcd_Cmd36
  L__Lcd_Cmd37
  L__Lcd_Cmd38
  L__Lcd_Cmd39
  L__Lcd_Cmd40
  L_end_Lcd_Chr_CP
  _Lcd_Chr_CP
  L_end_Lcd_Out_CP
  _Lcd_Out_CP
  L_end_Lcd_Chr
  _Lcd_Chr
  L_end_Lcd_Init
  _Lcd_Init
  L_end_Lcd_Out
  _Lcd_Out
  _CC2D_Loop1
  _CC2DL_Loop1
  L_loopCA2AWs
  L_loopCCA2AWs
  L_loopCS2Ss
  L_CS2Send
  L_loopCCS2Ss
  L_CCS2Send
  L_loopFZinSWs
  L_longjmp7
  L_end___CC2D
  ___CC2D
  L_end___CC2DW
  ___CC2DW
  L_end___CA2AW
  ___CA2AW
  L_end___CCA2AW
  ___CCA2AW
  L_end___CS2S
  ___CS2S
  L_end___CCS2S
  ___CCS2S
  L_end___FZinS
  ___FZinS
  L_end_____DoIFC
  _____DoIFC
  L_end_Swap
  _Swap
  L_end_setjmp
  _setjmp
  L_end_longjmp
  _longjmp
