;  LST file generated by mikroListExporter - v.2.0 
; Date/Time: 09/04/2020 02:02:25
;----------------------------------------------

;Address Opcode 	ASM
0x0000	0xF001EFA1  	GOTO        834
0x0004	0x0000      	NOP
0x0006	0x0000      	NOP
0x0008	0xF000EF00  	GOTO        0
0x000C	0x0000      	NOP
0x000E	0x0000      	NOP
0x0010	0x0000      	NOP
0x0012	0x0000      	NOP
0x0014	0x0000      	NOP
0x0016	0x0000      	NOP
0x0018	0xD7F3      	BRA         0
_Delay_50us:
;__Lib_Delays.c,19 :: 		void Delay_50us() {
;__Lib_Delays.c,20 :: 		Delay_us(50);
0x001C	0x0E21      	MOVLW       33
0x001E	0x6E0D      	MOVWF       R13, 0
L_Delay_50us2:
0x0020	0x2E0D      	DECFSZ      R13, 1, 0
0x0022	0xD7FE      	BRA         L_Delay_50us2
;__Lib_Delays.c,21 :: 		}
L_end_Delay_50us:
0x0024	0x0012      	RETURN      0
; end of _Delay_50us
_Delay_5500us:
;__Lib_Delays.c,31 :: 		void Delay_5500us() {
;__Lib_Delays.c,32 :: 		Delay_us(5500);
0x0026	0x0E0F      	MOVLW       15
0x0028	0x6E0C      	MOVWF       R12, 0
0x002A	0x0E47      	MOVLW       71
0x002C	0x6E0D      	MOVWF       R13, 0
L_Delay_5500us5:
0x002E	0x2E0D      	DECFSZ      R13, 1, 0
0x0030	0xD7FE      	BRA         L_Delay_5500us5
0x0032	0x2E0C      	DECFSZ      R12, 1, 0
0x0034	0xD7FC      	BRA         L_Delay_5500us5
0x0036	0x0000      	NOP
0x0038	0x0000      	NOP
;__Lib_Delays.c,33 :: 		}
L_end_Delay_5500us:
0x003A	0x0012      	RETURN      0
; end of _Delay_5500us
_Delay_1us:
;__Lib_Delays.c,7 :: 		void Delay_1us() {
;__Lib_Delays.c,8 :: 		Delay_us(1);
0x003C	0x0000      	NOP
0x003E	0x0000      	NOP
;__Lib_Delays.c,9 :: 		}
L_end_Delay_1us:
0x0040	0x0012      	RETURN      0
; end of _Delay_1us
_Lcd_Cmd:
;__Lib_Lcd.c,18 :: 		
;__Lib_Lcd.c,20 :: 		
0x0042	0xBE3E      	BTFSC       FARG_Lcd_Cmd_out_char, 7 
0x0044	0xD002      	BRA         L__Lcd_Cmd21
0x0046	0x9E83      	BCF         LCD_D7, BitPos(LCD_D7+0) 
0x0048	0xD001      	BRA         L__Lcd_Cmd22
L__Lcd_Cmd21:
0x004A	0x8E83      	BSF         LCD_D7, BitPos(LCD_D7+0) 
L__Lcd_Cmd22:
;__Lib_Lcd.c,21 :: 		
0x004C	0xBC3E      	BTFSC       FARG_Lcd_Cmd_out_char, 6 
0x004E	0xD002      	BRA         L__Lcd_Cmd23
0x0050	0x9C83      	BCF         LCD_D6, BitPos(LCD_D6+0) 
0x0052	0xD001      	BRA         L__Lcd_Cmd24
L__Lcd_Cmd23:
0x0054	0x8C83      	BSF         LCD_D6, BitPos(LCD_D6+0) 
L__Lcd_Cmd24:
;__Lib_Lcd.c,22 :: 		
0x0056	0xBA3E      	BTFSC       FARG_Lcd_Cmd_out_char, 5 
0x0058	0xD002      	BRA         L__Lcd_Cmd25
0x005A	0x9A83      	BCF         LCD_D5, BitPos(LCD_D5+0) 
0x005C	0xD001      	BRA         L__Lcd_Cmd26
L__Lcd_Cmd25:
0x005E	0x8A83      	BSF         LCD_D5, BitPos(LCD_D5+0) 
L__Lcd_Cmd26:
;__Lib_Lcd.c,23 :: 		
0x0060	0xB83E      	BTFSC       FARG_Lcd_Cmd_out_char, 4 
0x0062	0xD002      	BRA         L__Lcd_Cmd27
0x0064	0x9883      	BCF         LCD_D4, BitPos(LCD_D4+0) 
0x0066	0xD001      	BRA         L__Lcd_Cmd28
L__Lcd_Cmd27:
0x0068	0x8883      	BSF         LCD_D4, BitPos(LCD_D4+0) 
L__Lcd_Cmd28:
;__Lib_Lcd.c,25 :: 		
0x006A	0xB029      	BTFSC       __Lib_Lcd_cmd_status, BitPos(__Lib_Lcd_cmd_status+0) 
0x006C	0xD002      	BRA         L__Lcd_Cmd29
0x006E	0x8484      	BSF         LCD_RS, BitPos(LCD_RS+0) 
0x0070	0xD001      	BRA         L__Lcd_Cmd30
L__Lcd_Cmd29:
0x0072	0x9484      	BCF         LCD_RS, BitPos(LCD_RS+0) 
L__Lcd_Cmd30:
;__Lib_Lcd.c,28 :: 		
0x0074	0x8284      	BSF         LCD_EN, BitPos(LCD_EN+0) 
;__Lib_Lcd.c,29 :: 		
0x0076	0xDFE2      	RCALL       _Delay_1us
;__Lib_Lcd.c,30 :: 		
0x0078	0x9284      	BCF         LCD_EN, BitPos(LCD_EN+0) 
;__Lib_Lcd.c,33 :: 		
0x007A	0xB63E      	BTFSC       FARG_Lcd_Cmd_out_char, 3 
0x007C	0xD002      	BRA         L__Lcd_Cmd31
0x007E	0x9E83      	BCF         LCD_D7, BitPos(LCD_D7+0) 
0x0080	0xD001      	BRA         L__Lcd_Cmd32
L__Lcd_Cmd31:
0x0082	0x8E83      	BSF         LCD_D7, BitPos(LCD_D7+0) 
L__Lcd_Cmd32:
;__Lib_Lcd.c,34 :: 		
0x0084	0xB43E      	BTFSC       FARG_Lcd_Cmd_out_char, 2 
0x0086	0xD002      	BRA         L__Lcd_Cmd33
0x0088	0x9C83      	BCF         LCD_D6, BitPos(LCD_D6+0) 
0x008A	0xD001      	BRA         L__Lcd_Cmd34
L__Lcd_Cmd33:
0x008C	0x8C83      	BSF         LCD_D6, BitPos(LCD_D6+0) 
L__Lcd_Cmd34:
;__Lib_Lcd.c,35 :: 		
0x008E	0xB23E      	BTFSC       FARG_Lcd_Cmd_out_char, 1 
0x0090	0xD002      	BRA         L__Lcd_Cmd35
0x0092	0x9A83      	BCF         LCD_D5, BitPos(LCD_D5+0) 
0x0094	0xD001      	BRA         L__Lcd_Cmd36
L__Lcd_Cmd35:
0x0096	0x8A83      	BSF         LCD_D5, BitPos(LCD_D5+0) 
L__Lcd_Cmd36:
;__Lib_Lcd.c,36 :: 		
0x0098	0xB03E      	BTFSC       FARG_Lcd_Cmd_out_char, 0 
0x009A	0xD002      	BRA         L__Lcd_Cmd37
0x009C	0x9883      	BCF         LCD_D4, BitPos(LCD_D4+0) 
0x009E	0xD001      	BRA         L__Lcd_Cmd38
L__Lcd_Cmd37:
0x00A0	0x8883      	BSF         LCD_D4, BitPos(LCD_D4+0) 
L__Lcd_Cmd38:
;__Lib_Lcd.c,38 :: 		
0x00A2	0xB029      	BTFSC       __Lib_Lcd_cmd_status, BitPos(__Lib_Lcd_cmd_status+0) 
0x00A4	0xD002      	BRA         L__Lcd_Cmd39
0x00A6	0x8484      	BSF         LCD_RS, BitPos(LCD_RS+0) 
0x00A8	0xD001      	BRA         L__Lcd_Cmd40
L__Lcd_Cmd39:
0x00AA	0x9484      	BCF         LCD_RS, BitPos(LCD_RS+0) 
L__Lcd_Cmd40:
;__Lib_Lcd.c,40 :: 		
0x00AC	0x8284      	BSF         LCD_EN, BitPos(LCD_EN+0) 
;__Lib_Lcd.c,41 :: 		
0x00AE	0xDFC6      	RCALL       _Delay_1us
;__Lib_Lcd.c,42 :: 		
0x00B0	0x9284      	BCF         LCD_EN, BitPos(LCD_EN+0) 
;__Lib_Lcd.c,44 :: 		
0x00B2	0xA029      	BTFSS       __Lib_Lcd_cmd_status, BitPos(__Lib_Lcd_cmd_status+0) 
0x00B4	0xD002      	BRA         L_Lcd_Cmd0
;__Lib_Lcd.c,45 :: 		
0x00B6	0xDFB7      	RCALL       _Delay_5500us
0x00B8	0xD001      	BRA         L_Lcd_Cmd1
L_Lcd_Cmd0:
;__Lib_Lcd.c,47 :: 		
0x00BA	0xDFB0      	RCALL       _Delay_50us
L_Lcd_Cmd1:
;__Lib_Lcd.c,48 :: 		
L_end_Lcd_Cmd:
0x00BC	0x0012      	RETURN      0
; end of _Lcd_Cmd
_Lcd_Chr_CP:
;__Lib_Lcd.c,50 :: 		
;__Lib_Lcd.c,52 :: 		
0x00BE	0x9029      	BCF         __Lib_Lcd_cmd_status, BitPos(__Lib_Lcd_cmd_status+0) 
;__Lib_Lcd.c,53 :: 		
0x00C0	0xF03EC03D  	MOVFF       FARG_Lcd_Chr_CP_out_char, FARG_Lcd_Cmd_out_char
0x00C4	0xDFBE      	RCALL       _Lcd_Cmd
;__Lib_Lcd.c,54 :: 		
0x00C6	0x8029      	BSF         __Lib_Lcd_cmd_status, BitPos(__Lib_Lcd_cmd_status+0) 
;__Lib_Lcd.c,55 :: 		
L_end_Lcd_Chr_CP:
0x00C8	0x0012      	RETURN      0
; end of _Lcd_Chr_CP
_Lcd_Init:
;__Lib_Lcd.c,84 :: 		
;__Lib_Lcd.c,86 :: 		
0x00CA	0x9296      	BCF         LCD_EN_Direction, BitPos(LCD_EN_Direction+0) 
;__Lib_Lcd.c,87 :: 		
0x00CC	0x9496      	BCF         LCD_RS_Direction, BitPos(LCD_RS_Direction+0) 
;__Lib_Lcd.c,88 :: 		
0x00CE	0x9895      	BCF         LCD_D4_Direction, BitPos(LCD_D4_Direction+0) 
;__Lib_Lcd.c,89 :: 		
0x00D0	0x9A95      	BCF         LCD_D5_Direction, BitPos(LCD_D5_Direction+0) 
;__Lib_Lcd.c,90 :: 		
0x00D2	0x9C95      	BCF         LCD_D6_Direction, BitPos(LCD_D6_Direction+0) 
;__Lib_Lcd.c,91 :: 		
0x00D4	0x9E95      	BCF         LCD_D7_Direction, BitPos(LCD_D7_Direction+0) 
;__Lib_Lcd.c,93 :: 		
0x00D6	0x9284      	BCF         LCD_EN, BitPos(LCD_EN+0) 
;__Lib_Lcd.c,94 :: 		
0x00D8	0x9484      	BCF         LCD_RS, BitPos(LCD_RS+0) 
;__Lib_Lcd.c,95 :: 		
0x00DA	0x9E83      	BCF         LCD_D7, BitPos(LCD_D7+0) 
;__Lib_Lcd.c,96 :: 		
0x00DC	0x9C83      	BCF         LCD_D6, BitPos(LCD_D6+0) 
;__Lib_Lcd.c,97 :: 		
0x00DE	0x9A83      	BCF         LCD_D5, BitPos(LCD_D5+0) 
;__Lib_Lcd.c,98 :: 		
0x00E0	0x9883      	BCF         LCD_D4, BitPos(LCD_D4+0) 
;__Lib_Lcd.c,100 :: 		
0x00E2	0xDFA1      	RCALL       _Delay_5500us
;__Lib_Lcd.c,101 :: 		
0x00E4	0xDFA0      	RCALL       _Delay_5500us
;__Lib_Lcd.c,102 :: 		
0x00E6	0xDF9F      	RCALL       _Delay_5500us
;__Lib_Lcd.c,105 :: 		
0x00E8	0x8A83      	BSF         LCD_D5, BitPos(LCD_D5+0) 
;__Lib_Lcd.c,106 :: 		
0x00EA	0x8883      	BSF         LCD_D4, BitPos(LCD_D4+0) 
;__Lib_Lcd.c,107 :: 		
0x00EC	0x8284      	BSF         LCD_EN, BitPos(LCD_EN+0) 
;__Lib_Lcd.c,108 :: 		
0x00EE	0xDFA6      	RCALL       _Delay_1us
;__Lib_Lcd.c,109 :: 		
0x00F0	0x9284      	BCF         LCD_EN, BitPos(LCD_EN+0) 
;__Lib_Lcd.c,110 :: 		
0x00F2	0xDF99      	RCALL       _Delay_5500us
;__Lib_Lcd.c,112 :: 		
0x00F4	0x8284      	BSF         LCD_EN, BitPos(LCD_EN+0) 
;__Lib_Lcd.c,113 :: 		
0x00F6	0xDFA2      	RCALL       _Delay_1us
;__Lib_Lcd.c,114 :: 		
0x00F8	0x9284      	BCF         LCD_EN, BitPos(LCD_EN+0) 
;__Lib_Lcd.c,115 :: 		
0x00FA	0xDF95      	RCALL       _Delay_5500us
;__Lib_Lcd.c,117 :: 		
0x00FC	0x8284      	BSF         LCD_EN, BitPos(LCD_EN+0) 
;__Lib_Lcd.c,118 :: 		
0x00FE	0xDF9E      	RCALL       _Delay_1us
;__Lib_Lcd.c,119 :: 		
0x0100	0x9284      	BCF         LCD_EN, BitPos(LCD_EN+0) 
;__Lib_Lcd.c,120 :: 		
0x0102	0xDF91      	RCALL       _Delay_5500us
;__Lib_Lcd.c,123 :: 		
0x0104	0x9883      	BCF         LCD_D4, BitPos(LCD_D4+0) 
;__Lib_Lcd.c,124 :: 		
0x0106	0x8284      	BSF         LCD_EN, BitPos(LCD_EN+0) 
;__Lib_Lcd.c,125 :: 		
0x0108	0xDF99      	RCALL       _Delay_1us
;__Lib_Lcd.c,126 :: 		
0x010A	0x9284      	BCF         LCD_EN, BitPos(LCD_EN+0) 
;__Lib_Lcd.c,127 :: 		
0x010C	0xDF8C      	RCALL       _Delay_5500us
;__Lib_Lcd.c,130 :: 		
0x010E	0x8284      	BSF         LCD_EN, BitPos(LCD_EN+0) 
;__Lib_Lcd.c,131 :: 		
0x0110	0xDF95      	RCALL       _Delay_1us
;__Lib_Lcd.c,132 :: 		
0x0112	0x9284      	BCF         LCD_EN, BitPos(LCD_EN+0) 
;__Lib_Lcd.c,134 :: 		
0x0114	0x9A83      	BCF         LCD_D5, BitPos(LCD_D5+0) 
;__Lib_Lcd.c,135 :: 		
0x0116	0x8E83      	BSF         LCD_D7, BitPos(LCD_D7+0) 
;__Lib_Lcd.c,136 :: 		
0x0118	0x8284      	BSF         LCD_EN, BitPos(LCD_EN+0) 
;__Lib_Lcd.c,137 :: 		
0x011A	0xDF90      	RCALL       _Delay_1us
;__Lib_Lcd.c,138 :: 		
0x011C	0x9284      	BCF         LCD_EN, BitPos(LCD_EN+0) 
;__Lib_Lcd.c,139 :: 		
0x011E	0xDF83      	RCALL       _Delay_5500us
;__Lib_Lcd.c,142 :: 		
0x0120	0x9E83      	BCF         LCD_D7, BitPos(LCD_D7+0) 
;__Lib_Lcd.c,143 :: 		
0x0122	0x8883      	BSF         LCD_D4, BitPos(LCD_D4+0) 
;__Lib_Lcd.c,144 :: 		
0x0124	0x8284      	BSF         LCD_EN, BitPos(LCD_EN+0) 
;__Lib_Lcd.c,145 :: 		
0x0126	0xDF8A      	RCALL       _Delay_1us
;__Lib_Lcd.c,146 :: 		
0x0128	0x9284      	BCF         LCD_EN, BitPos(LCD_EN+0) 
;__Lib_Lcd.c,148 :: 		
0x012A	0x9883      	BCF         LCD_D4, BitPos(LCD_D4+0) 
;__Lib_Lcd.c,149 :: 		
0x012C	0x8284      	BSF         LCD_EN, BitPos(LCD_EN+0) 
;__Lib_Lcd.c,150 :: 		
0x012E	0xDF86      	RCALL       _Delay_1us
;__Lib_Lcd.c,151 :: 		
0x0130	0x9284      	BCF         LCD_EN, BitPos(LCD_EN+0) 
;__Lib_Lcd.c,152 :: 		
0x0132	0xDF79      	RCALL       _Delay_5500us
;__Lib_Lcd.c,155 :: 		
0x0134	0x8284      	BSF         LCD_EN, BitPos(LCD_EN+0) 
;__Lib_Lcd.c,156 :: 		
0x0136	0xDF82      	RCALL       _Delay_1us
;__Lib_Lcd.c,157 :: 		
0x0138	0x9284      	BCF         LCD_EN, BitPos(LCD_EN+0) 
;__Lib_Lcd.c,159 :: 		
0x013A	0x8883      	BSF         LCD_D4, BitPos(LCD_D4+0) 
;__Lib_Lcd.c,160 :: 		
0x013C	0x8284      	BSF         LCD_EN, BitPos(LCD_EN+0) 
;__Lib_Lcd.c,161 :: 		
0x013E	0xDF7E      	RCALL       _Delay_1us
;__Lib_Lcd.c,162 :: 		
0x0140	0x9284      	BCF         LCD_EN, BitPos(LCD_EN+0) 
;__Lib_Lcd.c,163 :: 		
0x0142	0xDF71      	RCALL       _Delay_5500us
;__Lib_Lcd.c,166 :: 		
0x0144	0x9883      	BCF         LCD_D4, BitPos(LCD_D4+0) 
;__Lib_Lcd.c,167 :: 		
0x0146	0x8284      	BSF         LCD_EN, BitPos(LCD_EN+0) 
;__Lib_Lcd.c,168 :: 		
0x0148	0xDF79      	RCALL       _Delay_1us
;__Lib_Lcd.c,169 :: 		
0x014A	0x9284      	BCF         LCD_EN, BitPos(LCD_EN+0) 
;__Lib_Lcd.c,171 :: 		
0x014C	0x8E83      	BSF         LCD_D7, BitPos(LCD_D7+0) 
;__Lib_Lcd.c,172 :: 		
0x014E	0x8C83      	BSF         LCD_D6, BitPos(LCD_D6+0) 
;__Lib_Lcd.c,173 :: 		
0x0150	0x8A83      	BSF         LCD_D5, BitPos(LCD_D5+0) 
;__Lib_Lcd.c,174 :: 		
0x0152	0x8883      	BSF         LCD_D4, BitPos(LCD_D4+0) 
;__Lib_Lcd.c,175 :: 		
0x0154	0x8284      	BSF         LCD_EN, BitPos(LCD_EN+0) 
;__Lib_Lcd.c,176 :: 		
0x0156	0xDF72      	RCALL       _Delay_1us
;__Lib_Lcd.c,177 :: 		
0x0158	0x9284      	BCF         LCD_EN, BitPos(LCD_EN+0) 
;__Lib_Lcd.c,179 :: 		
0x015A	0xDF65      	RCALL       _Delay_5500us
;__Lib_Lcd.c,181 :: 		
0x015C	0x8029      	BSF         __Lib_Lcd_cmd_status, BitPos(__Lib_Lcd_cmd_status+0) 
;__Lib_Lcd.c,182 :: 		
L_end_Lcd_Init:
0x015E	0x0012      	RETURN      0
; end of _Lcd_Init
_Div_16X16_U:
;__Lib_Math.c,102 :: 		
;__Lib_Math.c,109 :: 		
0x0160	0x6A08      	CLRF        R8, 0
;__Lib_Math.c,110 :: 		
0x0162	0x6A09      	CLRF        R9, 0
;__Lib_Math.c,111 :: 		
0x0164	0x0E10      	MOVLW       16
;__Lib_Math.c,112 :: 		
0x0166	0x6E0C      	MOVWF       R12, 0
;__Lib_Math.c,113 :: 		
0x0168	0x3401      	RLCF        R1, 0, 0
;__Lib_Math.c,114 :: 		
0x016A	0x3608      	RLCF        R8, 1, 0
;__Lib_Math.c,115 :: 		
0x016C	0x3609      	RLCF        R9, 1, 0
;__Lib_Math.c,116 :: 		
0x016E	0x5004      	MOVF        R4, 0, 0
;__Lib_Math.c,117 :: 		
0x0170	0x5E08      	SUBWF       R8, 1, 0
;__Lib_Math.c,118 :: 		
0x0172	0x5005      	MOVF        R5, 0, 0
;__Lib_Math.c,119 :: 		
0x0174	0xA0D8      	BTFSS       STATUS, 0, 0
;__Lib_Math.c,120 :: 		
0x0176	0x3C05      	INCFSZ      R5, 0, 0
;__Lib_Math.c,121 :: 		
0x0178	0x5E09      	SUBWF       R9, 1, 0
;__Lib_Math.c,122 :: 		
0x017A	0xB0D8      	BTFSC       STATUS, 0, 0
;__Lib_Math.c,123 :: 		
0x017C	0xD007      	BRA         $+16
;__Lib_Math.c,124 :: 		
0x017E	0x5004      	MOVF        R4, 0, 0
;__Lib_Math.c,125 :: 		
0x0180	0x2608      	ADDWF       R8, 1, 0
;__Lib_Math.c,126 :: 		
0x0182	0x5005      	MOVF        R5, 0, 0
;__Lib_Math.c,127 :: 		
0x0184	0xB0D8      	BTFSC       STATUS, 0, 0
;__Lib_Math.c,128 :: 		
0x0186	0x3C05      	INCFSZ      R5, 0, 0
;__Lib_Math.c,129 :: 		
0x0188	0x2609      	ADDWF       R9, 1, 0
;__Lib_Math.c,130 :: 		
0x018A	0x90D8      	BCF         STATUS, 0, 0
;__Lib_Math.c,131 :: 		
0x018C	0x3600      	RLCF        R0, 1, 0
;__Lib_Math.c,132 :: 		
0x018E	0x3601      	RLCF        R1, 1, 0
;__Lib_Math.c,133 :: 		
0x0190	0x2E0C      	DECFSZ      R12, 1, 0
;__Lib_Math.c,134 :: 		
0x0192	0xD7EA      	BRA         $-42
;__Lib_Math.c,136 :: 		
L_end_Div_16X16_U:
0x0194	0x0012      	RETURN      0
; end of _Div_16X16_U
_Lcd_Out:
;__Lib_Lcd.c,184 :: 		
;__Lib_Lcd.c,187 :: 		
0x0196	0xD00F      	BRA         L_Lcd_Out11
;__Lib_Lcd.c,188 :: 		
L_Lcd_Out13:
0x0198	0x0E80      	MOVLW       128
0x019A	0x6E38      	MOVWF       FARG_Lcd_Out_row 
0x019C	0xD019      	BRA         L_Lcd_Out12
;__Lib_Lcd.c,189 :: 		
L_Lcd_Out14:
0x019E	0x0EC0      	MOVLW       192
0x01A0	0x6E38      	MOVWF       FARG_Lcd_Out_row 
0x01A2	0xD016      	BRA         L_Lcd_Out12
;__Lib_Lcd.c,190 :: 		
L_Lcd_Out15:
0x01A4	0x0E94      	MOVLW       148
0x01A6	0x6E38      	MOVWF       FARG_Lcd_Out_row 
0x01A8	0xD013      	BRA         L_Lcd_Out12
;__Lib_Lcd.c,191 :: 		
L_Lcd_Out16:
0x01AA	0x0ED4      	MOVLW       212
0x01AC	0x6E38      	MOVWF       FARG_Lcd_Out_row 
0x01AE	0xD010      	BRA         L_Lcd_Out12
;__Lib_Lcd.c,192 :: 		
L_Lcd_Out17:
0x01B0	0x0E80      	MOVLW       128
0x01B2	0x6E38      	MOVWF       FARG_Lcd_Out_row 
;__Lib_Lcd.c,193 :: 		
0x01B4	0xD00D      	BRA         L_Lcd_Out12
L_Lcd_Out11:
0x01B6	0x5038      	MOVF        FARG_Lcd_Out_row, 0 
0x01B8	0x0A01      	XORLW       1
0x01BA	0xE0EE      	BZ          L_Lcd_Out13
0x01BC	0x5038      	MOVF        FARG_Lcd_Out_row, 0 
0x01BE	0x0A02      	XORLW       2
0x01C0	0xE0EE      	BZ          L_Lcd_Out14
0x01C2	0x5038      	MOVF        FARG_Lcd_Out_row, 0 
0x01C4	0x0A03      	XORLW       3
0x01C6	0xE0EE      	BZ          L_Lcd_Out15
0x01C8	0x5038      	MOVF        FARG_Lcd_Out_row, 0 
0x01CA	0x0A04      	XORLW       4
0x01CC	0xE0EE      	BZ          L_Lcd_Out16
0x01CE	0xD7F0      	BRA         L_Lcd_Out17
L_Lcd_Out12:
;__Lib_Lcd.c,194 :: 		
0x01D0	0x0439      	DECF        FARG_Lcd_Out_column, 0 
0x01D2	0x6E00      	MOVWF       R0 
0x01D4	0x5038      	MOVF        FARG_Lcd_Out_row, 0 
0x01D6	0x2600      	ADDWF       R0, 1 
0x01D8	0xF038C000  	MOVFF       R0, FARG_Lcd_Out_row
;__Lib_Lcd.c,196 :: 		
0x01DC	0xF03EC000  	MOVFF       R0, FARG_Lcd_Cmd_out_char
0x01E0	0xDF30      	RCALL       _Lcd_Cmd
;__Lib_Lcd.c,197 :: 		
0x01E2	0x9029      	BCF         __Lib_Lcd_cmd_status, BitPos(__Lib_Lcd_cmd_status+0) 
;__Lib_Lcd.c,198 :: 		
0x01E4	0x6A3C      	CLRF        Lcd_Out_i_L0 
;__Lib_Lcd.c,199 :: 		
L_Lcd_Out18:
0x01E6	0x503C      	MOVF        Lcd_Out_i_L0, 0 
0x01E8	0x243A      	ADDWF       FARG_Lcd_Out_text, 0 
0x01EA	0x6EE9      	MOVWF       FSR0L 
0x01EC	0x0E00      	MOVLW       0
0x01EE	0x203B      	ADDWFC      FARG_Lcd_Out_text+1, 0 
0x01F0	0x6EEA      	MOVWF       FSR0L+1 
0x01F2	0x52EE      	MOVF        POSTINC0, 1 
0x01F4	0xE00B      	BZ          L_Lcd_Out19
;__Lib_Lcd.c,200 :: 		
0x01F6	0x503C      	MOVF        Lcd_Out_i_L0, 0 
0x01F8	0x243A      	ADDWF       FARG_Lcd_Out_text, 0 
0x01FA	0x6EE9      	MOVWF       FSR0L 
0x01FC	0x0E00      	MOVLW       0
0x01FE	0x203B      	ADDWFC      FARG_Lcd_Out_text+1, 0 
0x0200	0x6EEA      	MOVWF       FSR0L+1 
0x0202	0xF03DCFEE  	MOVFF       POSTINC0, FARG_Lcd_Chr_CP_out_char
0x0206	0xDF5B      	RCALL       _Lcd_Chr_CP
0x0208	0x2A3C      	INCF        Lcd_Out_i_L0, 1 
0x020A	0xD7ED      	BRA         L_Lcd_Out18
L_Lcd_Out19:
;__Lib_Lcd.c,201 :: 		
0x020C	0x8029      	BSF         __Lib_Lcd_cmd_status, BitPos(__Lib_Lcd_cmd_status+0) 
;__Lib_Lcd.c,202 :: 		
L_end_Lcd_Out:
0x020E	0x0012      	RETURN      0
; end of _Lcd_Out
_ConfigADC:
;main.c,48 :: 		void ConfigADC()
;main.c,60 :: 		TRISA.RA0 = 1;   /* Configuração individual do pino RA0 como entrada. Quando atribui-se o valor $0 (Low Logic Level) o pino é configurado como saída. */
0x0210	0x8092      	BSF         TRISA, 0 
;main.c,61 :: 		TRISA.RA1 = 1;   /* Configuração individual do pino RA1 como entrada. Quando atribui-se o valor $0 (Low Logic Level) o pino é configurado como saída. */
0x0212	0x8292      	BSF         TRISA, 1 
;main.c,62 :: 		ADCON0 = 0B00000001;   /* Seleção do ANALOG CHANNEL AN0; e liga o módulo ADC */
0x0214	0x0E01      	MOVLW       1
0x0216	0x6EC2      	MOVWF       ADCON0 
;main.c,63 :: 		ADCON1 = 0B00001101;   /* Configuramos da tensão de referência; e configuração dos pinos {0, 1} do port A como ANALOG CHANNEL (AN0 e AN1) */
0x0218	0x0E0D      	MOVLW       13
0x021A	0x6EC1      	MOVWF       ADCON1 
;main.c,64 :: 		ADCON2 = 0B10101010;
0x021C	0x0EAA      	MOVLW       170
0x021E	0x6EC0      	MOVWF       ADCON2 
;main.c,66 :: 		}
L_end_ConfigADC:
0x0220	0x0012      	RETURN      0
; end of _ConfigADC
___CC2DW:
;__Lib_System.c,21 :: 		
;__Lib_System.c,23 :: 		
_CC2DL_Loop1:
;__Lib_System.c,24 :: 		
0x0222	0x0009      	TBLRD*+
;__Lib_System.c,25 :: 		
0x0224	0xFFE6CFF5  	MOVFF       TABLAT, POSTINC1
;__Lib_System.c,26 :: 		
0x0228	0x0600      	DECF        R0, 1, 0
;__Lib_System.c,27 :: 		
0x022A	0xE1FB      	BNZ         _CC2DL_Loop1
;__Lib_System.c,28 :: 		
0x022C	0x0601      	DECF        R1, 1, 0
;__Lib_System.c,29 :: 		
0x022E	0xE1F9      	BNZ         _CC2DL_Loop1
;__Lib_System.c,31 :: 		
L_end___CC2DW:
0x0230	0x0012      	RETURN      0
; end of ___CC2DW
_ConfigLCD:
;main.c,69 :: 		void ConfigLCD()
;main.c,71 :: 		Lcd_Init();
0x0232	0xDF4B      	RCALL       _Lcd_Init
;main.c,72 :: 		Lcd_Cmd(_LCD_CLEAR);
0x0234	0x0E01      	MOVLW       1
0x0236	0x6E3E      	MOVWF       FARG_Lcd_Cmd_out_char 
0x0238	0xDF04      	RCALL       _Lcd_Cmd
;main.c,73 :: 		Lcd_Cmd(_LCD_CURSOR_OFF);
0x023A	0x0E0C      	MOVLW       12
0x023C	0x6E3E      	MOVWF       FARG_Lcd_Cmd_out_char 
0x023E	0xDF01      	RCALL       _Lcd_Cmd
;main.c,74 :: 		Lcd_Out(1, 1, "ADC-AN0: ");
0x0240	0x0E01      	MOVLW       1
0x0242	0x6E38      	MOVWF       FARG_Lcd_Out_row 
0x0244	0x0E01      	MOVLW       1
0x0246	0x6E39      	MOVWF       FARG_Lcd_Out_column 
0x0248	0x0E15      	MOVLW       ?lstr1_main
0x024A	0x6E3A      	MOVWF       FARG_Lcd_Out_text 
0x024C	0x0E00      	MOVLW       hi_addr(?lstr1_main)
0x024E	0x6E3B      	MOVWF       FARG_Lcd_Out_text+1 
0x0250	0xDFA2      	RCALL       _Lcd_Out
;main.c,75 :: 		Lcd_Out(2, 1, "ADC_AN1: ");
0x0252	0x0E02      	MOVLW       2
0x0254	0x6E38      	MOVWF       FARG_Lcd_Out_row 
0x0256	0x0E01      	MOVLW       1
0x0258	0x6E39      	MOVWF       FARG_Lcd_Out_column 
0x025A	0x0E1F      	MOVLW       ?lstr2_main
0x025C	0x6E3A      	MOVWF       FARG_Lcd_Out_text 
0x025E	0x0E00      	MOVLW       hi_addr(?lstr2_main)
0x0260	0x6E3B      	MOVWF       FARG_Lcd_Out_text+1 
0x0262	0xDF99      	RCALL       _Lcd_Out
;main.c,76 :: 		}
L_end_ConfigLCD:
0x0264	0x0012      	RETURN      0
; end of _ConfigLCD
_WordToStr:
;__Lib_Conversions.c,98 :: 		
;__Lib_Conversions.c,103 :: 		
0x0266	0x6A35      	CLRF        WordToStr_len_L0 
L_WordToStr11:
0x0268	0x0E05      	MOVLW       5
0x026A	0x5C35      	SUBWF       WordToStr_len_L0, 0 
0x026C	0xE20A      	BC          L_WordToStr12
;__Lib_Conversions.c,104 :: 		
0x026E	0x5035      	MOVF        WordToStr_len_L0, 0 
0x0270	0x2433      	ADDWF       FARG_WordToStr_output, 0 
0x0272	0x6EE1      	MOVWF       FSR1L 
0x0274	0x0E00      	MOVLW       0
0x0276	0x2034      	ADDWFC      FARG_WordToStr_output+1, 0 
0x0278	0x6EE2      	MOVWF       FSR1L+1 
0x027A	0x0E20      	MOVLW       32
0x027C	0x6EE6      	MOVWF       POSTINC1 
;__Lib_Conversions.c,103 :: 		
0x027E	0x2A35      	INCF        WordToStr_len_L0, 1 
;__Lib_Conversions.c,104 :: 		
0x0280	0xD7F3      	BRA         L_WordToStr11
L_WordToStr12:
;__Lib_Conversions.c,105 :: 		
0x0282	0x5035      	MOVF        WordToStr_len_L0, 0 
0x0284	0x2433      	ADDWF       FARG_WordToStr_output, 0 
0x0286	0x6EE1      	MOVWF       FSR1L 
0x0288	0x0E00      	MOVLW       0
0x028A	0x2034      	ADDWFC      FARG_WordToStr_output+1, 0 
0x028C	0x6EE2      	MOVWF       FSR1L+1 
0x028E	0x6AE6      	CLRF        POSTINC1 
0x0290	0x0635      	DECF        WordToStr_len_L0, 1 
;__Lib_Conversions.c,107 :: 		
L_WordToStr14:
;__Lib_Conversions.c,108 :: 		
0x0292	0x5035      	MOVF        WordToStr_len_L0, 0 
0x0294	0x2433      	ADDWF       FARG_WordToStr_output, 0 
0x0296	0x6E36      	MOVWF       FLOC__WordToStr 
0x0298	0x0E00      	MOVLW       0
0x029A	0x2034      	ADDWFC      FARG_WordToStr_output+1, 0 
0x029C	0x6E37      	MOVWF       FLOC__WordToStr+1 
0x029E	0x0E0A      	MOVLW       10
0x02A0	0x6E04      	MOVWF       R4 
0x02A2	0x0E00      	MOVLW       0
0x02A4	0x6E05      	MOVWF       R5 
0x02A6	0xF000C031  	MOVFF       FARG_WordToStr_input, R0
0x02AA	0xF001C032  	MOVFF       FARG_WordToStr_input+1, R1
0x02AE	0xDF58      	RCALL       _Div_16X16_U
0x02B0	0xF000C008  	MOVFF       R8, R0
0x02B4	0xF001C009  	MOVFF       R9, R1
0x02B8	0x0E30      	MOVLW       48
0x02BA	0x2600      	ADDWF       R0, 1 
0x02BC	0xFFE1C036  	MOVFF       FLOC__WordToStr, FSR1L
0x02C0	0xFFE2C037  	MOVFF       FLOC__WordToStr+1, FSR1H
0x02C4	0xFFE6C000  	MOVFF       R0, POSTINC1
;__Lib_Conversions.c,109 :: 		
0x02C8	0x0E0A      	MOVLW       10
0x02CA	0x6E04      	MOVWF       R4 
0x02CC	0x0E00      	MOVLW       0
0x02CE	0x6E05      	MOVWF       R5 
0x02D0	0xF000C031  	MOVFF       FARG_WordToStr_input, R0
0x02D4	0xF001C032  	MOVFF       FARG_WordToStr_input+1, R1
0x02D8	0xDF43      	RCALL       _Div_16X16_U
0x02DA	0xF031C000  	MOVFF       R0, FARG_WordToStr_input
0x02DE	0xF032C001  	MOVFF       R1, FARG_WordToStr_input+1
;__Lib_Conversions.c,110 :: 		
0x02E2	0x0E00      	MOVLW       0
0x02E4	0x1801      	XORWF       R1, 0 
0x02E6	0xE102      	BNZ         L__WordToStr379
0x02E8	0x0E00      	MOVLW       0
0x02EA	0x1800      	XORWF       R0, 0 
L__WordToStr379:
0x02EC	0xE101      	BNZ         L_WordToStr16
;__Lib_Conversions.c,111 :: 		
0x02EE	0xD002      	BRA         L_WordToStr15
L_WordToStr16:
;__Lib_Conversions.c,112 :: 		
0x02F0	0x0635      	DECF        WordToStr_len_L0, 1 
;__Lib_Conversions.c,113 :: 		
0x02F2	0xD7CF      	BRA         L_WordToStr14
L_WordToStr15:
;__Lib_Conversions.c,114 :: 		
L_end_WordToStr:
0x02F4	0x0012      	RETURN      0
; end of _WordToStr
_ADCRead:
;main.c,28 :: 		unsigned int ADCRead(unsigned char Canal)
;main.c,30 :: 		switch(Canal)
0x02F6	0xD006      	BRA         L_ADCRead0
;main.c,32 :: 		case 0:{
L_ADCRead2:
;main.c,33 :: 		ADCON0 = 0B00000001;   /* Selecionamos o ANALOG CHANNEL AN0; e ligamos o módulo ADC */
0x02F8	0x0E01      	MOVLW       1
0x02FA	0x6EC2      	MOVWF       ADCON0 
;main.c,34 :: 		break;
0x02FC	0xD009      	BRA         L_ADCRead1
;main.c,36 :: 		case 1:{
L_ADCRead3:
;main.c,37 :: 		ADCON0 = 0B00000101;   /* Selecionamos o ANALOG CHANNEL AN1; e ligamos o módulo ADC */
0x02FE	0x0E05      	MOVLW       5
0x0300	0x6EC2      	MOVWF       ADCON0 
;main.c,38 :: 		break;
0x0302	0xD006      	BRA         L_ADCRead1
;main.c,40 :: 		}
L_ADCRead0:
0x0304	0x5031      	MOVF        FARG_ADCRead_Canal, 0 
0x0306	0x0A00      	XORLW       0
0x0308	0xE0F7      	BZ          L_ADCRead2
0x030A	0x5031      	MOVF        FARG_ADCRead_Canal, 0 
0x030C	0x0A01      	XORLW       1
0x030E	0xE0F7      	BZ          L_ADCRead3
L_ADCRead1:
;main.c,41 :: 		Delay_us(40); /* Tempo de aquisição - Refere-se ao tempo de carga do capacitor (Veja o tempo minímo no datasheet) */
0x0310	0x0E1A      	MOVLW       26
0x0312	0x6E0D      	MOVWF       R13, 0
L_ADCRead4:
0x0314	0x2E0D      	DECFSZ      R13, 1, 0
0x0316	0xD7FE      	BRA         L_ADCRead4
0x0318	0x0000      	NOP
;main.c,42 :: 		ADCON0.GO_DONE = 1; /* Comando de START para a conversão do ADC */
0x031A	0x82C2      	BSF         ADCON0, 1 
;main.c,43 :: 		while(ADCON0.GO_DONE == 1); /* Aguarda o término da conversão - No término da conversão o módulo ADC transiciona o bit GO/DONE para zero ("Low Level Logic"). Este evento pode ser observado por POLLING ou INTERRUPÇÂO, neste caso estamos usando POLLING. */
L_ADCRead5:
0x031C	0xA2C2      	BTFSS       ADCON0, 1 
0x031E	0xD001      	BRA         L_ADCRead6
0x0320	0xD7FD      	BRA         L_ADCRead5
L_ADCRead6:
;main.c,44 :: 		return ( ( (int)ADRESH << 8 ) | ( (int)ADRESL ) ); /* O camando shift insere zeros nas posições desalocadas pelo deslocamento da palavra binária. */
0x0322	0xF004CFC4  	MOVFF       ADRESH, R4
0x0326	0x0E00      	MOVLW       0
0x0328	0x6E05      	MOVWF       R5 
0x032A	0xF003C004  	MOVFF       R4, R3
0x032E	0x6A02      	CLRF        R2 
0x0330	0xF000CFC3  	MOVFF       ADRESL, R0
0x0334	0x0E00      	MOVLW       0
0x0336	0x6E01      	MOVWF       R1 
0x0338	0x5002      	MOVF        R2, 0 
0x033A	0x1200      	IORWF       R0, 1 
0x033C	0x5003      	MOVF        R3, 0 
0x033E	0x1201      	IORWF       R1, 1 
;main.c,45 :: 		}
L_end_ADCRead:
0x0340	0x0012      	RETURN      0
; end of _ADCRead
_main:
0x0342	0xF001ECEE  	CALL        988, 0
;main.c,79 :: 		void main()
;main.c,84 :: 		ConfigADC();
0x0346	0xDF64      	RCALL       _ConfigADC
;main.c,85 :: 		ConfigLCD();
0x0348	0xDF74      	RCALL       _ConfigLCD
;main.c,87 :: 		while(TRUE)
L_main7:
;main.c,90 :: 		Leitura_ADC = ADCRead(0);
0x034A	0x6A31      	CLRF        FARG_ADCRead_Canal 
0x034C	0xDFD4      	RCALL       _ADCRead
;main.c,91 :: 		WordToStr(Leitura_ADC, Texto);
0x034E	0xF031C000  	MOVFF       R0, FARG_WordToStr_input
0x0352	0xF032C001  	MOVFF       R1, FARG_WordToStr_input+1
0x0356	0x0E2A      	MOVLW       main_Texto_L0
0x0358	0x6E33      	MOVWF       FARG_WordToStr_output 
0x035A	0x0E00      	MOVLW       hi_addr(main_Texto_L0)
0x035C	0x6E34      	MOVWF       FARG_WordToStr_output+1 
0x035E	0xDF83      	RCALL       _WordToStr
;main.c,92 :: 		LCD_Out(1, 10, Texto);
0x0360	0x0E01      	MOVLW       1
0x0362	0x6E38      	MOVWF       FARG_Lcd_Out_row 
0x0364	0x0E0A      	MOVLW       10
0x0366	0x6E39      	MOVWF       FARG_Lcd_Out_column 
0x0368	0x0E2A      	MOVLW       main_Texto_L0
0x036A	0x6E3A      	MOVWF       FARG_Lcd_Out_text 
0x036C	0x0E00      	MOVLW       hi_addr(main_Texto_L0)
0x036E	0x6E3B      	MOVWF       FARG_Lcd_Out_text+1 
0x0370	0xDF12      	RCALL       _Lcd_Out
;main.c,93 :: 		Delay_ms(20);
0x0372	0x0E34      	MOVLW       52
0x0374	0x6E0C      	MOVWF       R12, 0
0x0376	0x0EF1      	MOVLW       241
0x0378	0x6E0D      	MOVWF       R13, 0
L_main9:
0x037A	0x2E0D      	DECFSZ      R13, 1, 0
0x037C	0xD7FE      	BRA         L_main9
0x037E	0x2E0C      	DECFSZ      R12, 1, 0
0x0380	0xD7FC      	BRA         L_main9
0x0382	0x0000      	NOP
0x0384	0x0000      	NOP
;main.c,95 :: 		Leitura_ADC = ADCRead(1);
0x0386	0x0E01      	MOVLW       1
0x0388	0x6E31      	MOVWF       FARG_ADCRead_Canal 
0x038A	0xDFB5      	RCALL       _ADCRead
;main.c,96 :: 		WordToStr(Leitura_ADC, Texto);
0x038C	0xF031C000  	MOVFF       R0, FARG_WordToStr_input
0x0390	0xF032C001  	MOVFF       R1, FARG_WordToStr_input+1
0x0394	0x0E2A      	MOVLW       main_Texto_L0
0x0396	0x6E33      	MOVWF       FARG_WordToStr_output 
0x0398	0x0E00      	MOVLW       hi_addr(main_Texto_L0)
0x039A	0x6E34      	MOVWF       FARG_WordToStr_output+1 
0x039C	0xDF64      	RCALL       _WordToStr
;main.c,97 :: 		LCD_Out(2, 10, Texto);
0x039E	0x0E02      	MOVLW       2
0x03A0	0x6E38      	MOVWF       FARG_Lcd_Out_row 
0x03A2	0x0E0A      	MOVLW       10
0x03A4	0x6E39      	MOVWF       FARG_Lcd_Out_column 
0x03A6	0x0E2A      	MOVLW       main_Texto_L0
0x03A8	0x6E3A      	MOVWF       FARG_Lcd_Out_text 
0x03AA	0x0E00      	MOVLW       hi_addr(main_Texto_L0)
0x03AC	0x6E3B      	MOVWF       FARG_Lcd_Out_text+1 
0x03AE	0xDEF3      	RCALL       _Lcd_Out
;main.c,98 :: 		Delay_ms(20);
0x03B0	0x0E34      	MOVLW       52
0x03B2	0x6E0C      	MOVWF       R12, 0
0x03B4	0x0EF1      	MOVLW       241
0x03B6	0x6E0D      	MOVWF       R13, 0
L_main10:
0x03B8	0x2E0D      	DECFSZ      R13, 1, 0
0x03BA	0xD7FE      	BRA         L_main10
0x03BC	0x2E0C      	DECFSZ      R12, 1, 0
0x03BE	0xD7FC      	BRA         L_main10
0x03C0	0x0000      	NOP
0x03C2	0x0000      	NOP
;main.c,99 :: 		}
0x03C4	0xD7C2      	BRA         L_main7
;main.c,100 :: 		}
L_end_main:
0x03C6	0xD7FF      	BRA         $+0
; end of _main
0x03DC	0xF015EE10  	LFSR        1, 21
0x03E0	0x0E14      	MOVLW       20
0x03E2	0x6E00      	MOVWF       R0 
0x03E4	0x0E01      	MOVLW       1
0x03E6	0x6E01      	MOVWF       R1 
0x03E8	0x0EC8      	MOVLW       200
0x03EA	0x6EF6      	MOVWF       TBLPTR 
0x03EC	0x0E03      	MOVLW       3
0x03EE	0x6EF7      	MOVWF       TBLPTRH 
0x03F0	0x0E00      	MOVLW       0
0x03F2	0x6EF8      	MOVWF       TBLPTRU 
0x03F4	0xF001EC11  	CALL        546, 0
0x03F8	0x0012      	RETURN      0
;main.c,0 :: ?ICS?lstr1_main
0x03C8	0x4441 ;?ICS?lstr1_main+0
0x03CA	0x2D43 ;?ICS?lstr1_main+2
0x03CC	0x4E41 ;?ICS?lstr1_main+4
0x03CE	0x3A30 ;?ICS?lstr1_main+6
0x03D0	0x0020 ;?ICS?lstr1_main+8
; end of ?ICS?lstr1_main
;main.c,0 :: ?ICS?lstr2_main
0x03D2	0x4441 ;?ICS?lstr2_main+0
0x03D4	0x5F43 ;?ICS?lstr2_main+2
0x03D6	0x4E41 ;?ICS?lstr2_main+4
0x03D8	0x3A31 ;?ICS?lstr2_main+6
0x03DA	0x0020 ;?ICS?lstr2_main+8
; end of ?ICS?lstr2_main
Symbol List:
//** Routines locations **
//ADDRESS    SIZE    PROCEDURE
//----------------------------------------------
0x001C      [10]    _Delay_50us
0x0026      [22]    _Delay_5500us
0x003C       [6]    _Delay_1us
0x0042     [124]    _Lcd_Cmd
0x00BE      [12]    _Lcd_Chr_CP
0x00CA     [150]    _Lcd_Init
0x0160      [54]    _Div_16X16_U
0x0196     [122]    _Lcd_Out
0x0210      [18]    _ConfigADC
0x0222      [16]    ___CC2DW
0x0232      [52]    _ConfigLCD
0x0266     [144]    _WordToStr
0x02F6      [76]    _ADCRead
0x0342     [134]    _main
//** Variables locations ** 
//ADDRESS    SIZE    VARIABLE
//----------------------------------------------
0x0000       [1]    R0
0x0001       [1]    __Lib_Conversions_Adjust_Hex_tmp_L0
0x0001       [1]    R1
0x0002       [2]    strlen_cp_L0
0x0002       [2]    memset_pp_L0
0x0002       [2]    memchr_s_L0
0x0002       [1]    R2
0x0002       [2]    memcpy_dd_L0
0x0003       [2]    memmove_tt_L0
0x0003       [1]    R3
0x0003       [2]    Ltrim_original_L0
0x0004       [1]    R4
0x0004       [2]    strncpy_cp_L0
0x0004       [2]    strncat_cp_L0
0x0004       [2]    strcat_cp_L0
0x0004       [2]    strcpy_cp_L0
0x0004       [2]    memcpy_ss_L0
0x0005       [1]    R5
0x0005       [2]    memmove_ff_L0
0x0005       [2]    LongIntToHex_input_half_L0
0x0005       [2]    Ltrim_p_L0
0x0005       [2]    LongWordToHex_input_half_L0
0x0006       [1]    R6
0x0007       [1]    R7
0x0008       [1]    R8
0x0009       [1]    R9
0x000A       [1]    R10
0x000B       [1]    R11
0x000C       [1]    R12
0x000D       [1]    R13
0x000E       [1]    R14
0x000F       [1]    R15
0x0010       [1]    R16
0x0011       [1]    R17
0x0012       [1]    R18
0x0013       [1]    R19
0x0014       [1]    R20
0x0015      [10]    ?lstr1_main
0x001F      [10]    ?lstr2_main
0x0029       [0]    __Lib_Lcd_cmd_status
0x002A       [7]    main_Texto_L0
0x0031       [2]    FARG_WordToStr_input
0x0031       [1]    FARG_ADCRead_Canal
0x0033       [2]    FARG_WordToStr_output
0x0035       [1]    WordToStr_len_L0
0x0036       [2]    FLOC__WordToStr
0x0038       [1]    FARG_Lcd_Out_row
0x0039       [1]    FARG_Lcd_Out_column
0x003A       [2]    FARG_Lcd_Out_text
0x003C       [1]    Lcd_Out_i_L0
0x003D       [1]    FARG_Lcd_Chr_CP_out_char
0x003E       [1]    FARG_Lcd_Cmd_out_char
0x0F83       [0]    RD7_bit
0x0F83       [0]    LCD_D4
0x0F83       [0]    LCD_D5
0x0F83       [0]    LCD_D7
0x0F83       [0]    LCD_D6
0x0F83       [0]    RD6_bit
0x0F83       [0]    RD5_bit
0x0F83       [0]    RD4_bit
0x0F84       [0]    RE1_bit
0x0F84       [0]    RE2_bit
0x0F84       [0]    LCD_RS
0x0F84       [0]    LCD_EN
0x0F92       [1]    TRISA
0x0F95       [0]    LCD_D4_Direction
0x0F95       [0]    LCD_D5_Direction
0x0F95       [0]    LCD_D6_Direction
0x0F95       [0]    LCD_D7_Direction
0x0F95       [0]    TRISD5_bit
0x0F95       [0]    TRISD7_bit
0x0F95       [0]    TRISD6_bit
0x0F95       [0]    TRISD4_bit
0x0F96       [0]    TRISE2_bit
0x0F96       [0]    TRISE1_bit
0x0F96       [0]    LCD_EN_Direction
0x0F96       [0]    LCD_RS_Direction
0x0FC0       [1]    ADCON2
0x0FC1       [1]    ADCON1
0x0FC2       [1]    ADCON0
0x0FC3       [1]    ADRESL
0x0FC4       [1]    ADRESH
0x0FD8       [1]    STATUS
0x0FD9       [1]    FSR2L
0x0FDA       [1]    FSR2H
0x0FDE       [1]    POSTINC2
0x0FE0       [1]    BSR
0x0FE1       [1]    FSR1L
0x0FE2       [1]    FSR1H
0x0FE4       [1]    PREINC1
0x0FE6       [1]    POSTINC1
0x0FE7       [1]    INDF1
0x0FE8       [1]    WREG
0x0FE9       [1]    FSR0L
0x0FEA       [1]    FSR0H
0x0FEE       [1]    POSTINC0
0x0FF3       [1]    PRODL
0x0FF4       [1]    PRODH
0x0FF5       [1]    TABLAT
0x0FF6       [1]    TBLPTRL
0x0FF6       [3]    TBLPTR
0x0FF7       [1]    TBLPTRH
0x0FF8       [1]    TBLPTRU
//** Constants locations ** 
//ADDRESS    SIZE    CONSTANT
//----------------------------------------------
0x03C8      [10]    ?ICS?lstr1_main
0x03D2      [10]    ?ICS?lstr2_main
