;  LST file generated by mikroListExporter - v.2.0 
; Date/Time: 10/02/2014 18:05:02
;----------------------------------------------

;Address Opcode 	ASM
0x0000	0xF001EF6A  	GOTO        724
0x0004	0x0000      	NOP
0x0006	0x0000      	NOP
0x0008	0xF000EF00  	GOTO        0
0x000C	0x0000      	NOP
0x000E	0x0000      	NOP
0x0010	0x0000      	NOP
0x0012	0x0000      	NOP
0x0014	0x0000      	NOP
0x0016	0x0000      	NOP
0x0018	0xD7F3      	BRA         0
_Delay_5500us:
;__Lib_Delays.c,31 :: 		void Delay_5500us() {
;__Lib_Delays.c,32 :: 		Delay_us(5500);
0x001C	0x0E0F      	MOVLW       15
0x001E	0x6E0C      	MOVWF       R12, 0
0x0020	0x0E47      	MOVLW       71
0x0022	0x6E0D      	MOVWF       R13, 0
L_Delay_5500us5:
0x0024	0x2E0D      	DECFSZ      R13, 1, 0
0x0026	0xD7FE      	BRA         L_Delay_5500us5
0x0028	0x2E0C      	DECFSZ      R12, 1, 0
0x002A	0xD7FC      	BRA         L_Delay_5500us5
0x002C	0x0000      	NOP
0x002E	0x0000      	NOP
;__Lib_Delays.c,33 :: 		}
L_end_Delay_5500us:
0x0030	0x0012      	RETURN      0
; end of _Delay_5500us
_Delay_50us:
;__Lib_Delays.c,19 :: 		void Delay_50us() {
;__Lib_Delays.c,20 :: 		Delay_us(50);
0x0032	0x0E21      	MOVLW       33
0x0034	0x6E0D      	MOVWF       R13, 0
L_Delay_50us2:
0x0036	0x2E0D      	DECFSZ      R13, 1, 0
0x0038	0xD7FE      	BRA         L_Delay_50us2
;__Lib_Delays.c,21 :: 		}
L_end_Delay_50us:
0x003A	0x0012      	RETURN      0
; end of _Delay_50us
_Delay_1us:
;__Lib_Delays.c,7 :: 		void Delay_1us() {
;__Lib_Delays.c,8 :: 		Delay_us(1);
0x003C	0x0000      	NOP
0x003E	0x0000      	NOP
;__Lib_Delays.c,9 :: 		}
L_end_Delay_1us:
0x0040	0x0012      	RETURN      0
; end of _Delay_1us
_Lcd_Cmd:
;__Lib_Lcd.c,18 :: 		
;__Lib_Lcd.c,20 :: 		
0x0042	0xBE35      	BTFSC       FARG_Lcd_Cmd_out_char, 7 
0x0044	0xD002      	BRA         L__Lcd_Cmd21
0x0046	0x968A      	BCF         LCD_D7, BitPos(LCD_D7+0) 
0x0048	0xD001      	BRA         L__Lcd_Cmd22
L__Lcd_Cmd21:
0x004A	0x868A      	BSF         LCD_D7, BitPos(LCD_D7+0) 
L__Lcd_Cmd22:
;__Lib_Lcd.c,21 :: 		
0x004C	0xBC35      	BTFSC       FARG_Lcd_Cmd_out_char, 6 
0x004E	0xD002      	BRA         L__Lcd_Cmd23
0x0050	0x948A      	BCF         LCD_D6, BitPos(LCD_D6+0) 
0x0052	0xD001      	BRA         L__Lcd_Cmd24
L__Lcd_Cmd23:
0x0054	0x848A      	BSF         LCD_D6, BitPos(LCD_D6+0) 
L__Lcd_Cmd24:
;__Lib_Lcd.c,22 :: 		
0x0056	0xBA35      	BTFSC       FARG_Lcd_Cmd_out_char, 5 
0x0058	0xD002      	BRA         L__Lcd_Cmd25
0x005A	0x928A      	BCF         LCD_D5, BitPos(LCD_D5+0) 
0x005C	0xD001      	BRA         L__Lcd_Cmd26
L__Lcd_Cmd25:
0x005E	0x828A      	BSF         LCD_D5, BitPos(LCD_D5+0) 
L__Lcd_Cmd26:
;__Lib_Lcd.c,23 :: 		
0x0060	0xB835      	BTFSC       FARG_Lcd_Cmd_out_char, 4 
0x0062	0xD002      	BRA         L__Lcd_Cmd27
0x0064	0x908A      	BCF         LCD_D4, BitPos(LCD_D4+0) 
0x0066	0xD001      	BRA         L__Lcd_Cmd28
L__Lcd_Cmd27:
0x0068	0x808A      	BSF         LCD_D4, BitPos(LCD_D4+0) 
L__Lcd_Cmd28:
;__Lib_Lcd.c,25 :: 		
0x006A	0xB02B      	BTFSC       __Lib_Lcd_cmd_status, BitPos(__Lib_Lcd_cmd_status+0) 
0x006C	0xD002      	BRA         L__Lcd_Cmd29
0x006E	0x888A      	BSF         LCD_RS, BitPos(LCD_RS+0) 
0x0070	0xD001      	BRA         L__Lcd_Cmd30
L__Lcd_Cmd29:
0x0072	0x988A      	BCF         LCD_RS, BitPos(LCD_RS+0) 
L__Lcd_Cmd30:
;__Lib_Lcd.c,28 :: 		
0x0074	0x8A8A      	BSF         LCD_EN, BitPos(LCD_EN+0) 
;__Lib_Lcd.c,29 :: 		
0x0076	0xDFE2      	RCALL       _Delay_1us
;__Lib_Lcd.c,30 :: 		
0x0078	0x9A8A      	BCF         LCD_EN, BitPos(LCD_EN+0) 
;__Lib_Lcd.c,33 :: 		
0x007A	0xB635      	BTFSC       FARG_Lcd_Cmd_out_char, 3 
0x007C	0xD002      	BRA         L__Lcd_Cmd31
0x007E	0x968A      	BCF         LCD_D7, BitPos(LCD_D7+0) 
0x0080	0xD001      	BRA         L__Lcd_Cmd32
L__Lcd_Cmd31:
0x0082	0x868A      	BSF         LCD_D7, BitPos(LCD_D7+0) 
L__Lcd_Cmd32:
;__Lib_Lcd.c,34 :: 		
0x0084	0xB435      	BTFSC       FARG_Lcd_Cmd_out_char, 2 
0x0086	0xD002      	BRA         L__Lcd_Cmd33
0x0088	0x948A      	BCF         LCD_D6, BitPos(LCD_D6+0) 
0x008A	0xD001      	BRA         L__Lcd_Cmd34
L__Lcd_Cmd33:
0x008C	0x848A      	BSF         LCD_D6, BitPos(LCD_D6+0) 
L__Lcd_Cmd34:
;__Lib_Lcd.c,35 :: 		
0x008E	0xB235      	BTFSC       FARG_Lcd_Cmd_out_char, 1 
0x0090	0xD002      	BRA         L__Lcd_Cmd35
0x0092	0x928A      	BCF         LCD_D5, BitPos(LCD_D5+0) 
0x0094	0xD001      	BRA         L__Lcd_Cmd36
L__Lcd_Cmd35:
0x0096	0x828A      	BSF         LCD_D5, BitPos(LCD_D5+0) 
L__Lcd_Cmd36:
;__Lib_Lcd.c,36 :: 		
0x0098	0xB035      	BTFSC       FARG_Lcd_Cmd_out_char, 0 
0x009A	0xD002      	BRA         L__Lcd_Cmd37
0x009C	0x908A      	BCF         LCD_D4, BitPos(LCD_D4+0) 
0x009E	0xD001      	BRA         L__Lcd_Cmd38
L__Lcd_Cmd37:
0x00A0	0x808A      	BSF         LCD_D4, BitPos(LCD_D4+0) 
L__Lcd_Cmd38:
;__Lib_Lcd.c,38 :: 		
0x00A2	0xB02B      	BTFSC       __Lib_Lcd_cmd_status, BitPos(__Lib_Lcd_cmd_status+0) 
0x00A4	0xD002      	BRA         L__Lcd_Cmd39
0x00A6	0x888A      	BSF         LCD_RS, BitPos(LCD_RS+0) 
0x00A8	0xD001      	BRA         L__Lcd_Cmd40
L__Lcd_Cmd39:
0x00AA	0x988A      	BCF         LCD_RS, BitPos(LCD_RS+0) 
L__Lcd_Cmd40:
;__Lib_Lcd.c,40 :: 		
0x00AC	0x8A8A      	BSF         LCD_EN, BitPos(LCD_EN+0) 
;__Lib_Lcd.c,41 :: 		
0x00AE	0xDFC6      	RCALL       _Delay_1us
;__Lib_Lcd.c,42 :: 		
0x00B0	0x9A8A      	BCF         LCD_EN, BitPos(LCD_EN+0) 
;__Lib_Lcd.c,44 :: 		
0x00B2	0xA02B      	BTFSS       __Lib_Lcd_cmd_status, BitPos(__Lib_Lcd_cmd_status+0) 
0x00B4	0xD002      	BRA         L_Lcd_Cmd0
;__Lib_Lcd.c,45 :: 		
0x00B6	0xDFB2      	RCALL       _Delay_5500us
0x00B8	0xD001      	BRA         L_Lcd_Cmd1
L_Lcd_Cmd0:
;__Lib_Lcd.c,47 :: 		
0x00BA	0xDFBB      	RCALL       _Delay_50us
L_Lcd_Cmd1:
;__Lib_Lcd.c,48 :: 		
L_end_Lcd_Cmd:
0x00BC	0x0012      	RETURN      0
; end of _Lcd_Cmd
_Lcd_Chr_CP:
;__Lib_Lcd.c,50 :: 		
;__Lib_Lcd.c,52 :: 		
0x00BE	0x902B      	BCF         __Lib_Lcd_cmd_status, BitPos(__Lib_Lcd_cmd_status+0) 
;__Lib_Lcd.c,53 :: 		
0x00C0	0xF035C032  	MOVFF       FARG_Lcd_Chr_CP_out_char, FARG_Lcd_Cmd_out_char
0x00C4	0xDFBE      	RCALL       _Lcd_Cmd
;__Lib_Lcd.c,54 :: 		
0x00C6	0x802B      	BSF         __Lib_Lcd_cmd_status, BitPos(__Lib_Lcd_cmd_status+0) 
;__Lib_Lcd.c,55 :: 		
L_end_Lcd_Chr_CP:
0x00C8	0x0012      	RETURN      0
; end of _Lcd_Chr_CP
_Lcd_Chr:
;__Lib_Lcd.c,65 :: 		
;__Lib_Lcd.c,66 :: 		
0x00CA	0xD00F      	BRA         L_Lcd_Chr4
;__Lib_Lcd.c,67 :: 		
L_Lcd_Chr6:
0x00CC	0x0E80      	MOVLW       128
0x00CE	0x6E32      	MOVWF       FARG_Lcd_Chr_row 
0x00D0	0xD019      	BRA         L_Lcd_Chr5
;__Lib_Lcd.c,68 :: 		
L_Lcd_Chr7:
0x00D2	0x0EC0      	MOVLW       192
0x00D4	0x6E32      	MOVWF       FARG_Lcd_Chr_row 
0x00D6	0xD016      	BRA         L_Lcd_Chr5
;__Lib_Lcd.c,69 :: 		
L_Lcd_Chr8:
0x00D8	0x0E94      	MOVLW       148
0x00DA	0x6E32      	MOVWF       FARG_Lcd_Chr_row 
0x00DC	0xD013      	BRA         L_Lcd_Chr5
;__Lib_Lcd.c,70 :: 		
L_Lcd_Chr9:
0x00DE	0x0ED4      	MOVLW       212
0x00E0	0x6E32      	MOVWF       FARG_Lcd_Chr_row 
0x00E2	0xD010      	BRA         L_Lcd_Chr5
;__Lib_Lcd.c,71 :: 		
L_Lcd_Chr10:
0x00E4	0x0E80      	MOVLW       128
0x00E6	0x6E32      	MOVWF       FARG_Lcd_Chr_row 
;__Lib_Lcd.c,72 :: 		
0x00E8	0xD00D      	BRA         L_Lcd_Chr5
L_Lcd_Chr4:
0x00EA	0x5032      	MOVF        FARG_Lcd_Chr_row, 0 
0x00EC	0x0A01      	XORLW       1
0x00EE	0xE0EE      	BZ          L_Lcd_Chr6
0x00F0	0x5032      	MOVF        FARG_Lcd_Chr_row, 0 
0x00F2	0x0A02      	XORLW       2
0x00F4	0xE0EE      	BZ          L_Lcd_Chr7
0x00F6	0x5032      	MOVF        FARG_Lcd_Chr_row, 0 
0x00F8	0x0A03      	XORLW       3
0x00FA	0xE0EE      	BZ          L_Lcd_Chr8
0x00FC	0x5032      	MOVF        FARG_Lcd_Chr_row, 0 
0x00FE	0x0A04      	XORLW       4
0x0100	0xE0EE      	BZ          L_Lcd_Chr9
0x0102	0xD7F0      	BRA         L_Lcd_Chr10
L_Lcd_Chr5:
;__Lib_Lcd.c,74 :: 		
0x0104	0x0433      	DECF        FARG_Lcd_Chr_column, 0 
0x0106	0x6E00      	MOVWF       R0 
0x0108	0x5032      	MOVF        FARG_Lcd_Chr_row, 0 
0x010A	0x2600      	ADDWF       R0, 1 
0x010C	0xF032C000  	MOVFF       R0, FARG_Lcd_Chr_row
;__Lib_Lcd.c,76 :: 		
0x0110	0x802B      	BSF         __Lib_Lcd_cmd_status, BitPos(__Lib_Lcd_cmd_status+0) 
;__Lib_Lcd.c,77 :: 		
0x0112	0xF035C000  	MOVFF       R0, FARG_Lcd_Cmd_out_char
0x0116	0xDF95      	RCALL       _Lcd_Cmd
;__Lib_Lcd.c,79 :: 		
0x0118	0x902B      	BCF         __Lib_Lcd_cmd_status, BitPos(__Lib_Lcd_cmd_status+0) 
;__Lib_Lcd.c,80 :: 		
0x011A	0xF035C034  	MOVFF       FARG_Lcd_Chr_out_char, FARG_Lcd_Cmd_out_char
0x011E	0xDF91      	RCALL       _Lcd_Cmd
;__Lib_Lcd.c,81 :: 		
0x0120	0x802B      	BSF         __Lib_Lcd_cmd_status, BitPos(__Lib_Lcd_cmd_status+0) 
;__Lib_Lcd.c,82 :: 		
L_end_Lcd_Chr:
0x0122	0x0012      	RETURN      0
; end of _Lcd_Chr
_CustomChar1:
;UNIDADE_02_DISPLAY_LCD_ROTACIONAMENTO.c,73 :: 		void CustomChar1(char pos_row, char pos_char) {
;UNIDADE_02_DISPLAY_LCD_ROTACIONAMENTO.c,75 :: 		Lcd_Cmd(0X40);
0x0124	0x0E40      	MOVLW       64
0x0126	0x6E35      	MOVWF       FARG_Lcd_Cmd_out_char 
0x0128	0xDF8C      	RCALL       _Lcd_Cmd
;UNIDADE_02_DISPLAY_LCD_ROTACIONAMENTO.c,76 :: 		for (i = 0; i<=7; i++) Lcd_Chr_CP(character1[i]);
0x012A	0x6A2F      	CLRF        CustomChar1_i_L0 
L_CustomChar10:
0x012C	0x502F      	MOVF        CustomChar1_i_L0, 0 
0x012E	0x0807      	SUBLW       7
0x0130	0xE311      	BNC         L_CustomChar11
0x0132	0x0E9E      	MOVLW       _character1
0x0134	0x242F      	ADDWF       CustomChar1_i_L0, 0 
0x0136	0x6EF6      	MOVWF       4086 
0x0138	0x0E03      	MOVLW       hi_addr(_character1)
0x013A	0x6EF7      	MOVWF       TBLPTRH 
0x013C	0x0E00      	MOVLW       0
0x013E	0x22F7      	ADDWFC      TBLPTRH, 1 
0x0140	0x0E00      	MOVLW       higher_addr(_character1)
0x0142	0x6EF8      	MOVWF       TBLPTRU 
0x0144	0x0E00      	MOVLW       0
0x0146	0x22F8      	ADDWFC      TBLPTRU, 1 
0x0148	0x0009      	TBLRD*+
0x014A	0xF032CFF5  	MOVFF       TABLAT, FARG_Lcd_Chr_CP_out_char
0x014E	0xDFB7      	RCALL       _Lcd_Chr_CP
0x0150	0x2A2F      	INCF        CustomChar1_i_L0, 1 
0x0152	0xD7EC      	BRA         L_CustomChar10
L_CustomChar11:
;UNIDADE_02_DISPLAY_LCD_ROTACIONAMENTO.c,77 :: 		Lcd_Cmd(_LCD_RETURN_HOME);
0x0154	0x0E02      	MOVLW       2
0x0156	0x6E35      	MOVWF       FARG_Lcd_Cmd_out_char 
0x0158	0xDF74      	RCALL       _Lcd_Cmd
;UNIDADE_02_DISPLAY_LCD_ROTACIONAMENTO.c,78 :: 		Lcd_Chr(pos_row, pos_char, 0);
0x015A	0xF032C02D  	MOVFF       FARG_CustomChar1_pos_row, FARG_Lcd_Chr_row
0x015E	0xF033C02E  	MOVFF       FARG_CustomChar1_pos_char, FARG_Lcd_Chr_column
0x0162	0x6A34      	CLRF        FARG_Lcd_Chr_out_char 
0x0164	0xDFB2      	RCALL       _Lcd_Chr
;UNIDADE_02_DISPLAY_LCD_ROTACIONAMENTO.c,79 :: 		}
L_end_CustomChar1:
0x0166	0x0012      	RETURN      0
; end of _CustomChar1
___CC2DW:
;__Lib_System.c,21 :: 		
;__Lib_System.c,23 :: 		
_CC2DL_Loop1:
;__Lib_System.c,24 :: 		
0x0168	0x0009      	TBLRD*+
;__Lib_System.c,25 :: 		
0x016A	0xFFE6CFF5  	MOVFF       TABLAT, POSTINC1
;__Lib_System.c,26 :: 		
0x016E	0x0600      	DECF        R0, 1, 0
;__Lib_System.c,27 :: 		
0x0170	0xE1FB      	BNZ         _CC2DL_Loop1
;__Lib_System.c,28 :: 		
0x0172	0x0601      	DECF        R1, 1, 0
;__Lib_System.c,29 :: 		
0x0174	0xE1F9      	BNZ         _CC2DL_Loop1
;__Lib_System.c,31 :: 		
L_end___CC2DW:
0x0176	0x0012      	RETURN      0
; end of ___CC2DW
_ConfigMCU:
;UNIDADE_02_DISPLAY_LCD_ROTACIONAMENTO.c,91 :: 		void ConfigMCU()
;UNIDADE_02_DISPLAY_LCD_ROTACIONAMENTO.c,94 :: 		ANSELB = 0;
0x0178	0x010F      	MOVLB       15
0x017A	0x6B39      	CLRF        ANSELB, 1
;UNIDADE_02_DISPLAY_LCD_ROTACIONAMENTO.c,98 :: 		}
L_end_ConfigMCU:
0x017C	0x0012      	RETURN      0
; end of _ConfigMCU
_Lcd_Init:
;__Lib_Lcd.c,84 :: 		
;__Lib_Lcd.c,86 :: 		
0x017E	0x9A93      	BCF         LCD_EN_Direction, BitPos(LCD_EN_Direction+0) 
;__Lib_Lcd.c,87 :: 		
0x0180	0x9893      	BCF         LCD_RS_Direction, BitPos(LCD_RS_Direction+0) 
;__Lib_Lcd.c,88 :: 		
0x0182	0x9093      	BCF         LCD_D4_Direction, BitPos(LCD_D4_Direction+0) 
;__Lib_Lcd.c,89 :: 		
0x0184	0x9293      	BCF         LCD_D5_Direction, BitPos(LCD_D5_Direction+0) 
;__Lib_Lcd.c,90 :: 		
0x0186	0x9493      	BCF         LCD_D6_Direction, BitPos(LCD_D6_Direction+0) 
;__Lib_Lcd.c,91 :: 		
0x0188	0x9693      	BCF         LCD_D7_Direction, BitPos(LCD_D7_Direction+0) 
;__Lib_Lcd.c,93 :: 		
0x018A	0x9A8A      	BCF         LCD_EN, BitPos(LCD_EN+0) 
;__Lib_Lcd.c,94 :: 		
0x018C	0x988A      	BCF         LCD_RS, BitPos(LCD_RS+0) 
;__Lib_Lcd.c,95 :: 		
0x018E	0x968A      	BCF         LCD_D7, BitPos(LCD_D7+0) 
;__Lib_Lcd.c,96 :: 		
0x0190	0x948A      	BCF         LCD_D6, BitPos(LCD_D6+0) 
;__Lib_Lcd.c,97 :: 		
0x0192	0x928A      	BCF         LCD_D5, BitPos(LCD_D5+0) 
;__Lib_Lcd.c,98 :: 		
0x0194	0x908A      	BCF         LCD_D4, BitPos(LCD_D4+0) 
;__Lib_Lcd.c,100 :: 		
0x0196	0xDF42      	RCALL       _Delay_5500us
;__Lib_Lcd.c,101 :: 		
0x0198	0xDF41      	RCALL       _Delay_5500us
;__Lib_Lcd.c,102 :: 		
0x019A	0xDF40      	RCALL       _Delay_5500us
;__Lib_Lcd.c,105 :: 		
0x019C	0x828A      	BSF         LCD_D5, BitPos(LCD_D5+0) 
;__Lib_Lcd.c,106 :: 		
0x019E	0x808A      	BSF         LCD_D4, BitPos(LCD_D4+0) 
;__Lib_Lcd.c,107 :: 		
0x01A0	0x8A8A      	BSF         LCD_EN, BitPos(LCD_EN+0) 
;__Lib_Lcd.c,108 :: 		
0x01A2	0xDF4C      	RCALL       _Delay_1us
;__Lib_Lcd.c,109 :: 		
0x01A4	0x9A8A      	BCF         LCD_EN, BitPos(LCD_EN+0) 
;__Lib_Lcd.c,110 :: 		
0x01A6	0xDF3A      	RCALL       _Delay_5500us
;__Lib_Lcd.c,112 :: 		
0x01A8	0x8A8A      	BSF         LCD_EN, BitPos(LCD_EN+0) 
;__Lib_Lcd.c,113 :: 		
0x01AA	0xDF48      	RCALL       _Delay_1us
;__Lib_Lcd.c,114 :: 		
0x01AC	0x9A8A      	BCF         LCD_EN, BitPos(LCD_EN+0) 
;__Lib_Lcd.c,115 :: 		
0x01AE	0xDF36      	RCALL       _Delay_5500us
;__Lib_Lcd.c,117 :: 		
0x01B0	0x8A8A      	BSF         LCD_EN, BitPos(LCD_EN+0) 
;__Lib_Lcd.c,118 :: 		
0x01B2	0xDF44      	RCALL       _Delay_1us
;__Lib_Lcd.c,119 :: 		
0x01B4	0x9A8A      	BCF         LCD_EN, BitPos(LCD_EN+0) 
;__Lib_Lcd.c,120 :: 		
0x01B6	0xDF32      	RCALL       _Delay_5500us
;__Lib_Lcd.c,123 :: 		
0x01B8	0x908A      	BCF         LCD_D4, BitPos(LCD_D4+0) 
;__Lib_Lcd.c,124 :: 		
0x01BA	0x8A8A      	BSF         LCD_EN, BitPos(LCD_EN+0) 
;__Lib_Lcd.c,125 :: 		
0x01BC	0xDF3F      	RCALL       _Delay_1us
;__Lib_Lcd.c,126 :: 		
0x01BE	0x9A8A      	BCF         LCD_EN, BitPos(LCD_EN+0) 
;__Lib_Lcd.c,127 :: 		
0x01C0	0xDF2D      	RCALL       _Delay_5500us
;__Lib_Lcd.c,130 :: 		
0x01C2	0x8A8A      	BSF         LCD_EN, BitPos(LCD_EN+0) 
;__Lib_Lcd.c,131 :: 		
0x01C4	0xDF3B      	RCALL       _Delay_1us
;__Lib_Lcd.c,132 :: 		
0x01C6	0x9A8A      	BCF         LCD_EN, BitPos(LCD_EN+0) 
;__Lib_Lcd.c,134 :: 		
0x01C8	0x928A      	BCF         LCD_D5, BitPos(LCD_D5+0) 
;__Lib_Lcd.c,135 :: 		
0x01CA	0x868A      	BSF         LCD_D7, BitPos(LCD_D7+0) 
;__Lib_Lcd.c,136 :: 		
0x01CC	0x8A8A      	BSF         LCD_EN, BitPos(LCD_EN+0) 
;__Lib_Lcd.c,137 :: 		
0x01CE	0xDF36      	RCALL       _Delay_1us
;__Lib_Lcd.c,138 :: 		
0x01D0	0x9A8A      	BCF         LCD_EN, BitPos(LCD_EN+0) 
;__Lib_Lcd.c,139 :: 		
0x01D2	0xDF24      	RCALL       _Delay_5500us
;__Lib_Lcd.c,142 :: 		
0x01D4	0x968A      	BCF         LCD_D7, BitPos(LCD_D7+0) 
;__Lib_Lcd.c,143 :: 		
0x01D6	0x808A      	BSF         LCD_D4, BitPos(LCD_D4+0) 
;__Lib_Lcd.c,144 :: 		
0x01D8	0x8A8A      	BSF         LCD_EN, BitPos(LCD_EN+0) 
;__Lib_Lcd.c,145 :: 		
0x01DA	0xDF30      	RCALL       _Delay_1us
;__Lib_Lcd.c,146 :: 		
0x01DC	0x9A8A      	BCF         LCD_EN, BitPos(LCD_EN+0) 
;__Lib_Lcd.c,148 :: 		
0x01DE	0x908A      	BCF         LCD_D4, BitPos(LCD_D4+0) 
;__Lib_Lcd.c,149 :: 		
0x01E0	0x8A8A      	BSF         LCD_EN, BitPos(LCD_EN+0) 
;__Lib_Lcd.c,150 :: 		
0x01E2	0xDF2C      	RCALL       _Delay_1us
;__Lib_Lcd.c,151 :: 		
0x01E4	0x9A8A      	BCF         LCD_EN, BitPos(LCD_EN+0) 
;__Lib_Lcd.c,152 :: 		
0x01E6	0xDF1A      	RCALL       _Delay_5500us
;__Lib_Lcd.c,155 :: 		
0x01E8	0x8A8A      	BSF         LCD_EN, BitPos(LCD_EN+0) 
;__Lib_Lcd.c,156 :: 		
0x01EA	0xDF28      	RCALL       _Delay_1us
;__Lib_Lcd.c,157 :: 		
0x01EC	0x9A8A      	BCF         LCD_EN, BitPos(LCD_EN+0) 
;__Lib_Lcd.c,159 :: 		
0x01EE	0x808A      	BSF         LCD_D4, BitPos(LCD_D4+0) 
;__Lib_Lcd.c,160 :: 		
0x01F0	0x8A8A      	BSF         LCD_EN, BitPos(LCD_EN+0) 
;__Lib_Lcd.c,161 :: 		
0x01F2	0xDF24      	RCALL       _Delay_1us
;__Lib_Lcd.c,162 :: 		
0x01F4	0x9A8A      	BCF         LCD_EN, BitPos(LCD_EN+0) 
;__Lib_Lcd.c,163 :: 		
0x01F6	0xDF12      	RCALL       _Delay_5500us
;__Lib_Lcd.c,166 :: 		
0x01F8	0x908A      	BCF         LCD_D4, BitPos(LCD_D4+0) 
;__Lib_Lcd.c,167 :: 		
0x01FA	0x8A8A      	BSF         LCD_EN, BitPos(LCD_EN+0) 
;__Lib_Lcd.c,168 :: 		
0x01FC	0xDF1F      	RCALL       _Delay_1us
;__Lib_Lcd.c,169 :: 		
0x01FE	0x9A8A      	BCF         LCD_EN, BitPos(LCD_EN+0) 
;__Lib_Lcd.c,171 :: 		
0x0200	0x868A      	BSF         LCD_D7, BitPos(LCD_D7+0) 
;__Lib_Lcd.c,172 :: 		
0x0202	0x848A      	BSF         LCD_D6, BitPos(LCD_D6+0) 
;__Lib_Lcd.c,173 :: 		
0x0204	0x828A      	BSF         LCD_D5, BitPos(LCD_D5+0) 
;__Lib_Lcd.c,174 :: 		
0x0206	0x808A      	BSF         LCD_D4, BitPos(LCD_D4+0) 
;__Lib_Lcd.c,175 :: 		
0x0208	0x8A8A      	BSF         LCD_EN, BitPos(LCD_EN+0) 
;__Lib_Lcd.c,176 :: 		
0x020A	0xDF18      	RCALL       _Delay_1us
;__Lib_Lcd.c,177 :: 		
0x020C	0x9A8A      	BCF         LCD_EN, BitPos(LCD_EN+0) 
;__Lib_Lcd.c,179 :: 		
0x020E	0xDF06      	RCALL       _Delay_5500us
;__Lib_Lcd.c,181 :: 		
0x0210	0x802B      	BSF         __Lib_Lcd_cmd_status, BitPos(__Lib_Lcd_cmd_status+0) 
;__Lib_Lcd.c,182 :: 		
L_end_Lcd_Init:
0x0212	0x0012      	RETURN      0
; end of _Lcd_Init
_CustomChar2:
;UNIDADE_02_DISPLAY_LCD_ROTACIONAMENTO.c,83 :: 		void CustomChar2(char pos_row, char pos_char) {
;UNIDADE_02_DISPLAY_LCD_ROTACIONAMENTO.c,85 :: 		Lcd_Cmd(0X48);
0x0214	0x0E48      	MOVLW       72
0x0216	0x6E35      	MOVWF       FARG_Lcd_Cmd_out_char 
0x0218	0xDF14      	RCALL       _Lcd_Cmd
;UNIDADE_02_DISPLAY_LCD_ROTACIONAMENTO.c,86 :: 		for (i = 0; i<=7; i++) Lcd_Chr_CP(character2[i]);
0x021A	0x6A2F      	CLRF        CustomChar2_i_L0 
L_CustomChar23:
0x021C	0x502F      	MOVF        CustomChar2_i_L0, 0 
0x021E	0x0807      	SUBLW       7
0x0220	0xE311      	BNC         L_CustomChar24
0x0222	0x0E96      	MOVLW       _character2
0x0224	0x242F      	ADDWF       CustomChar2_i_L0, 0 
0x0226	0x6EF6      	MOVWF       4086 
0x0228	0x0E03      	MOVLW       hi_addr(_character2)
0x022A	0x6EF7      	MOVWF       TBLPTRH 
0x022C	0x0E00      	MOVLW       0
0x022E	0x22F7      	ADDWFC      TBLPTRH, 1 
0x0230	0x0E00      	MOVLW       higher_addr(_character2)
0x0232	0x6EF8      	MOVWF       TBLPTRU 
0x0234	0x0E00      	MOVLW       0
0x0236	0x22F8      	ADDWFC      TBLPTRU, 1 
0x0238	0x0009      	TBLRD*+
0x023A	0xF032CFF5  	MOVFF       TABLAT, FARG_Lcd_Chr_CP_out_char
0x023E	0xDF3F      	RCALL       _Lcd_Chr_CP
0x0240	0x2A2F      	INCF        CustomChar2_i_L0, 1 
0x0242	0xD7EC      	BRA         L_CustomChar23
L_CustomChar24:
;UNIDADE_02_DISPLAY_LCD_ROTACIONAMENTO.c,87 :: 		Lcd_Cmd(_LCD_RETURN_HOME);
0x0244	0x0E02      	MOVLW       2
0x0246	0x6E35      	MOVWF       FARG_Lcd_Cmd_out_char 
0x0248	0xDEFC      	RCALL       _Lcd_Cmd
;UNIDADE_02_DISPLAY_LCD_ROTACIONAMENTO.c,88 :: 		Lcd_Chr(pos_row, pos_char, 1);
0x024A	0xF032C02D  	MOVFF       FARG_CustomChar2_pos_row, FARG_Lcd_Chr_row
0x024E	0xF033C02E  	MOVFF       FARG_CustomChar2_pos_char, FARG_Lcd_Chr_column
0x0252	0x0E01      	MOVLW       1
0x0254	0x6E34      	MOVWF       FARG_Lcd_Chr_out_char 
0x0256	0xDF39      	RCALL       _Lcd_Chr
;UNIDADE_02_DISPLAY_LCD_ROTACIONAMENTO.c,89 :: 		}
L_end_CustomChar2:
0x0258	0x0012      	RETURN      0
; end of _CustomChar2
_Lcd_Out:
;__Lib_Lcd.c,184 :: 		
;__Lib_Lcd.c,187 :: 		
0x025A	0xD00F      	BRA         L_Lcd_Out11
;__Lib_Lcd.c,188 :: 		
L_Lcd_Out13:
0x025C	0x0E80      	MOVLW       128
0x025E	0x6E2D      	MOVWF       FARG_Lcd_Out_row 
0x0260	0xD019      	BRA         L_Lcd_Out12
;__Lib_Lcd.c,189 :: 		
L_Lcd_Out14:
0x0262	0x0EC0      	MOVLW       192
0x0264	0x6E2D      	MOVWF       FARG_Lcd_Out_row 
0x0266	0xD016      	BRA         L_Lcd_Out12
;__Lib_Lcd.c,190 :: 		
L_Lcd_Out15:
0x0268	0x0E94      	MOVLW       148
0x026A	0x6E2D      	MOVWF       FARG_Lcd_Out_row 
0x026C	0xD013      	BRA         L_Lcd_Out12
;__Lib_Lcd.c,191 :: 		
L_Lcd_Out16:
0x026E	0x0ED4      	MOVLW       212
0x0270	0x6E2D      	MOVWF       FARG_Lcd_Out_row 
0x0272	0xD010      	BRA         L_Lcd_Out12
;__Lib_Lcd.c,192 :: 		
L_Lcd_Out17:
0x0274	0x0E80      	MOVLW       128
0x0276	0x6E2D      	MOVWF       FARG_Lcd_Out_row 
;__Lib_Lcd.c,193 :: 		
0x0278	0xD00D      	BRA         L_Lcd_Out12
L_Lcd_Out11:
0x027A	0x502D      	MOVF        FARG_Lcd_Out_row, 0 
0x027C	0x0A01      	XORLW       1
0x027E	0xE0EE      	BZ          L_Lcd_Out13
0x0280	0x502D      	MOVF        FARG_Lcd_Out_row, 0 
0x0282	0x0A02      	XORLW       2
0x0284	0xE0EE      	BZ          L_Lcd_Out14
0x0286	0x502D      	MOVF        FARG_Lcd_Out_row, 0 
0x0288	0x0A03      	XORLW       3
0x028A	0xE0EE      	BZ          L_Lcd_Out15
0x028C	0x502D      	MOVF        FARG_Lcd_Out_row, 0 
0x028E	0x0A04      	XORLW       4
0x0290	0xE0EE      	BZ          L_Lcd_Out16
0x0292	0xD7F0      	BRA         L_Lcd_Out17
L_Lcd_Out12:
;__Lib_Lcd.c,194 :: 		
0x0294	0x042E      	DECF        FARG_Lcd_Out_column, 0 
0x0296	0x6E00      	MOVWF       R0 
0x0298	0x502D      	MOVF        FARG_Lcd_Out_row, 0 
0x029A	0x2600      	ADDWF       R0, 1 
0x029C	0xF02DC000  	MOVFF       R0, FARG_Lcd_Out_row
;__Lib_Lcd.c,196 :: 		
0x02A0	0xF035C000  	MOVFF       R0, FARG_Lcd_Cmd_out_char
0x02A4	0xDECE      	RCALL       _Lcd_Cmd
;__Lib_Lcd.c,197 :: 		
0x02A6	0x902B      	BCF         __Lib_Lcd_cmd_status, BitPos(__Lib_Lcd_cmd_status+0) 
;__Lib_Lcd.c,198 :: 		
0x02A8	0x6A31      	CLRF        Lcd_Out_i_L0 
;__Lib_Lcd.c,199 :: 		
L_Lcd_Out18:
0x02AA	0x5031      	MOVF        Lcd_Out_i_L0, 0 
0x02AC	0x242F      	ADDWF       FARG_Lcd_Out_text, 0 
0x02AE	0x6EE9      	MOVWF       FSR0L 
0x02B0	0x0E00      	MOVLW       0
0x02B2	0x2030      	ADDWFC      FARG_Lcd_Out_text+1, 0 
0x02B4	0x6EEA      	MOVWF       FSR0H 
0x02B6	0x52EE      	MOVF        POSTINC0, 1 
0x02B8	0xE00B      	BZ          L_Lcd_Out19
;__Lib_Lcd.c,200 :: 		
0x02BA	0x5031      	MOVF        Lcd_Out_i_L0, 0 
0x02BC	0x242F      	ADDWF       FARG_Lcd_Out_text, 0 
0x02BE	0x6EE9      	MOVWF       FSR0L 
0x02C0	0x0E00      	MOVLW       0
0x02C2	0x2030      	ADDWFC      FARG_Lcd_Out_text+1, 0 
0x02C4	0x6EEA      	MOVWF       FSR0H 
0x02C6	0xF032CFEE  	MOVFF       POSTINC0, FARG_Lcd_Chr_CP_out_char
0x02CA	0xDEF9      	RCALL       _Lcd_Chr_CP
0x02CC	0x2A31      	INCF        Lcd_Out_i_L0, 1 
0x02CE	0xD7ED      	BRA         L_Lcd_Out18
L_Lcd_Out19:
;__Lib_Lcd.c,201 :: 		
0x02D0	0x802B      	BSF         __Lib_Lcd_cmd_status, BitPos(__Lib_Lcd_cmd_status+0) 
;__Lib_Lcd.c,202 :: 		
L_end_Lcd_Out:
0x02D2	0x0012      	RETURN      0
; end of _Lcd_Out
_main:
0x02D4	0xF001ECD3  	CALL        934, 0
;UNIDADE_02_DISPLAY_LCD_ROTACIONAMENTO.c,99 :: 		void main(){
;UNIDADE_02_DISPLAY_LCD_ROTACIONAMENTO.c,101 :: 		ConfigMCU();                       //Inicializa MCU
0x02D8	0xDF4F      	RCALL       _ConfigMCU
;UNIDADE_02_DISPLAY_LCD_ROTACIONAMENTO.c,103 :: 		Lcd_Init();                        //Inicializa display no modo 4 bits
0x02DA	0xDF51      	RCALL       _Lcd_Init
;UNIDADE_02_DISPLAY_LCD_ROTACIONAMENTO.c,104 :: 		Lcd_Cmd(_LCD_CLEAR);               //Apaga display
0x02DC	0x0E01      	MOVLW       1
0x02DE	0x6E35      	MOVWF       FARG_Lcd_Cmd_out_char 
0x02E0	0xDEB0      	RCALL       _Lcd_Cmd
;UNIDADE_02_DISPLAY_LCD_ROTACIONAMENTO.c,105 :: 		Lcd_Cmd(_LCD_CURSOR_OFF);          //Desliga cursor
0x02E2	0x0E0C      	MOVLW       12
0x02E4	0x6E35      	MOVWF       FARG_Lcd_Cmd_out_char 
0x02E6	0xDEAD      	RCALL       _Lcd_Cmd
;UNIDADE_02_DISPLAY_LCD_ROTACIONAMENTO.c,106 :: 		Lcd_Out(1,1,"PRIMEIRA LINHA");     //Linha x Coluna
0x02E8	0x0E01      	MOVLW       1
0x02EA	0x6E2D      	MOVWF       FARG_Lcd_Out_row 
0x02EC	0x0E01      	MOVLW       1
0x02EE	0x6E2E      	MOVWF       FARG_Lcd_Out_column 
0x02F0	0x0E1C      	MOVLW       ?lstr1_UNIDADE_02_DISPLAY_LCD_ROTACIONAMENTO
0x02F2	0x6E2F      	MOVWF       FARG_Lcd_Out_text 
0x02F4	0x0E00      	MOVLW       hi_addr(?lstr1_UNIDADE_02_DISPLAY_LCD_ROTACIONAMENTO)
0x02F6	0x6E30      	MOVWF       FARG_Lcd_Out_text+1 
0x02F8	0xDFB0      	RCALL       _Lcd_Out
;UNIDADE_02_DISPLAY_LCD_ROTACIONAMENTO.c,107 :: 		Lcd_Out(2,1,"MA OCA");
0x02FA	0x0E02      	MOVLW       2
0x02FC	0x6E2D      	MOVWF       FARG_Lcd_Out_row 
0x02FE	0x0E01      	MOVLW       1
0x0300	0x6E2E      	MOVWF       FARG_Lcd_Out_column 
0x0302	0x0E15      	MOVLW       ?lstr2_UNIDADE_02_DISPLAY_LCD_ROTACIONAMENTO
0x0304	0x6E2F      	MOVWF       FARG_Lcd_Out_text 
0x0306	0x0E00      	MOVLW       hi_addr(?lstr2_UNIDADE_02_DISPLAY_LCD_ROTACIONAMENTO)
0x0308	0x6E30      	MOVWF       FARG_Lcd_Out_text+1 
0x030A	0xDFA7      	RCALL       _Lcd_Out
;UNIDADE_02_DISPLAY_LCD_ROTACIONAMENTO.c,109 :: 		for(ucX = 0; ucX < 16; ++ucX)
0x030C	0x6A2C      	CLRF        main_ucX_L0 
L_main6:
0x030E	0x0E10      	MOVLW       16
0x0310	0x5C2C      	SUBWF       main_ucX_L0, 0 
0x0312	0xE213      	BC          L_main7
;UNIDADE_02_DISPLAY_LCD_ROTACIONAMENTO.c,111 :: 		LCD_Cmd(_LCD_SHIFT_RIGHT);
0x0314	0x0E1C      	MOVLW       28
0x0316	0x6E35      	MOVWF       FARG_Lcd_Cmd_out_char 
0x0318	0xDE94      	RCALL       _Lcd_Cmd
;UNIDADE_02_DISPLAY_LCD_ROTACIONAMENTO.c,112 :: 		Delay_ms(500);
0x031A	0x0E06      	MOVLW       6
0x031C	0x6E0B      	MOVWF       R11, 0
0x031E	0x0E13      	MOVLW       19
0x0320	0x6E0C      	MOVWF       R12, 0
0x0322	0x0EAD      	MOVLW       173
0x0324	0x6E0D      	MOVWF       R13, 0
L_main9:
0x0326	0x2E0D      	DECFSZ      R13, 1, 0
0x0328	0xD7FE      	BRA         L_main9
0x032A	0x2E0C      	DECFSZ      R12, 1, 0
0x032C	0xD7FC      	BRA         L_main9
0x032E	0x2E0B      	DECFSZ      R11, 1, 0
0x0330	0xD7FA      	BRA         L_main9
0x0332	0x0000      	NOP
0x0334	0x0000      	NOP
;UNIDADE_02_DISPLAY_LCD_ROTACIONAMENTO.c,109 :: 		for(ucX = 0; ucX < 16; ++ucX)
0x0336	0x2A2C      	INCF        main_ucX_L0, 1 
;UNIDADE_02_DISPLAY_LCD_ROTACIONAMENTO.c,113 :: 		}
0x0338	0xD7EA      	BRA         L_main6
L_main7:
;UNIDADE_02_DISPLAY_LCD_ROTACIONAMENTO.c,115 :: 		for(ucX = 0; ucX < 16; ++ucX)
0x033A	0x6A2C      	CLRF        main_ucX_L0 
L_main10:
0x033C	0x0E10      	MOVLW       16
0x033E	0x5C2C      	SUBWF       main_ucX_L0, 0 
0x0340	0xE213      	BC          L_main11
;UNIDADE_02_DISPLAY_LCD_ROTACIONAMENTO.c,117 :: 		LCD_Cmd(_LCD_SHIFT_LEFT);
0x0342	0x0E18      	MOVLW       24
0x0344	0x6E35      	MOVWF       FARG_Lcd_Cmd_out_char 
0x0346	0xDE7D      	RCALL       _Lcd_Cmd
;UNIDADE_02_DISPLAY_LCD_ROTACIONAMENTO.c,118 :: 		Delay_ms(500);
0x0348	0x0E06      	MOVLW       6
0x034A	0x6E0B      	MOVWF       R11, 0
0x034C	0x0E13      	MOVLW       19
0x034E	0x6E0C      	MOVWF       R12, 0
0x0350	0x0EAD      	MOVLW       173
0x0352	0x6E0D      	MOVWF       R13, 0
L_main13:
0x0354	0x2E0D      	DECFSZ      R13, 1, 0
0x0356	0xD7FE      	BRA         L_main13
0x0358	0x2E0C      	DECFSZ      R12, 1, 0
0x035A	0xD7FC      	BRA         L_main13
0x035C	0x2E0B      	DECFSZ      R11, 1, 0
0x035E	0xD7FA      	BRA         L_main13
0x0360	0x0000      	NOP
0x0362	0x0000      	NOP
;UNIDADE_02_DISPLAY_LCD_ROTACIONAMENTO.c,115 :: 		for(ucX = 0; ucX < 16; ++ucX)
0x0364	0x2A2C      	INCF        main_ucX_L0, 1 
;UNIDADE_02_DISPLAY_LCD_ROTACIONAMENTO.c,119 :: 		}
0x0366	0xD7EA      	BRA         L_main10
L_main11:
;UNIDADE_02_DISPLAY_LCD_ROTACIONAMENTO.c,120 :: 		CustomChar1(2,3);
0x0368	0x0E02      	MOVLW       2
0x036A	0x6E2D      	MOVWF       FARG_CustomChar1_pos_row 
0x036C	0x0E03      	MOVLW       3
0x036E	0x6E2E      	MOVWF       FARG_CustomChar1_pos_char 
0x0370	0xDED9      	RCALL       _CustomChar1
;UNIDADE_02_DISPLAY_LCD_ROTACIONAMENTO.c,121 :: 		CustomChar2(2,8);
0x0372	0x0E02      	MOVLW       2
0x0374	0x6E2D      	MOVWF       FARG_CustomChar2_pos_row 
0x0376	0x0E08      	MOVLW       8
0x0378	0x6E2E      	MOVWF       FARG_CustomChar2_pos_char 
0x037A	0xDF4C      	RCALL       _CustomChar2
;UNIDADE_02_DISPLAY_LCD_ROTACIONAMENTO.c,123 :: 		while(TRUE);
L_main14:
0x037C	0xD7FF      	BRA         L_main14
;UNIDADE_02_DISPLAY_LCD_ROTACIONAMENTO.c,124 :: 		}
L_end_main:
0x037E	0xD7FF      	BRA         $+0
; end of _main
0x03A6	0xF015EE10  	LFSR        1, 21
0x03AA	0x0E16      	MOVLW       22
0x03AC	0x6E00      	MOVWF       R0 
0x03AE	0x0E01      	MOVLW       1
0x03B0	0x6E01      	MOVWF       R1 
0x03B2	0x0E80      	MOVLW       128
0x03B4	0x6EF6      	MOVWF       4086 
0x03B6	0x0E03      	MOVLW       3
0x03B8	0x6EF7      	MOVWF       TBLPTRH 
0x03BA	0x0E00      	MOVLW       0
0x03BC	0x6EF8      	MOVWF       TBLPTRU 
0x03BE	0xF000ECB4  	CALL        360, 0
0x03C2	0x0012      	RETURN      0
;UNIDADE_02_DISPLAY_LCD_ROTACIONAMENTO.c,0 :: ?ICS?lstr2_UNIDADE_02_DISPLAY_LCD_ROTACIONAMENTO
0x0380	0x414D ;?ICS?lstr2_UNIDADE_02_DISPLAY_LCD_ROTACIONAMENTO+0
0x0382	0x4F20 ;?ICS?lstr2_UNIDADE_02_DISPLAY_LCD_ROTACIONAMENTO+2
0x0384	0x4143 ;?ICS?lstr2_UNIDADE_02_DISPLAY_LCD_ROTACIONAMENTO+4
0x0386	0x00 ;?ICS?lstr2_UNIDADE_02_DISPLAY_LCD_ROTACIONAMENTO+6
; end of ?ICS?lstr2_UNIDADE_02_DISPLAY_LCD_ROTACIONAMENTO
;UNIDADE_02_DISPLAY_LCD_ROTACIONAMENTO.c,0 :: ?ICS?lstr1_UNIDADE_02_DISPLAY_LCD_ROTACIONAMENTO
0x0387	0x5250 ;?ICS?lstr1_UNIDADE_02_DISPLAY_LCD_ROTACIONAMENTO+0
0x0389	0x4D49 ;?ICS?lstr1_UNIDADE_02_DISPLAY_LCD_ROTACIONAMENTO+2
0x038B	0x4945 ;?ICS?lstr1_UNIDADE_02_DISPLAY_LCD_ROTACIONAMENTO+4
0x038D	0x4152 ;?ICS?lstr1_UNIDADE_02_DISPLAY_LCD_ROTACIONAMENTO+6
0x038F	0x4C20 ;?ICS?lstr1_UNIDADE_02_DISPLAY_LCD_ROTACIONAMENTO+8
0x0391	0x4E49 ;?ICS?lstr1_UNIDADE_02_DISPLAY_LCD_ROTACIONAMENTO+10
0x0393	0x4148 ;?ICS?lstr1_UNIDADE_02_DISPLAY_LCD_ROTACIONAMENTO+12
0x0395	0x00 ;?ICS?lstr1_UNIDADE_02_DISPLAY_LCD_ROTACIONAMENTO+14
; end of ?ICS?lstr1_UNIDADE_02_DISPLAY_LCD_ROTACIONAMENTO
;UNIDADE_02_DISPLAY_LCD_ROTACIONAMENTO.c,81 :: _character2
0x0396	0x151F ;_character2+0
0x0398	0x1F15 ;_character2+2
0x039A	0x1F1B ;_character2+4
0x039C	0x1F11 ;_character2+6
; end of _character2
;UNIDADE_02_DISPLAY_LCD_ROTACIONAMENTO.c,71 :: _character1
0x039E	0x111F ;_character1+0
0x03A0	0x1010 ;_character1+2
0x03A2	0x1F11 ;_character1+4
0x03A4	0x0E06 ;_character1+6
; end of _character1
Symbol List:
//** Routines locations **
//ADDRESS    SIZE    PROCEDURE
//----------------------------------------------
0x001C      [22]    _Delay_5500us
0x0032      [10]    _Delay_50us
0x003C       [6]    _Delay_1us
0x0042     [124]    _Lcd_Cmd
0x00BE      [12]    _Lcd_Chr_CP
0x00CA      [90]    _Lcd_Chr
0x0124      [68]    _CustomChar1
0x0168      [16]    ___CC2DW
0x0178       [6]    _ConfigMCU
0x017E     [150]    _Lcd_Init
0x0214      [70]    _CustomChar2
0x025A     [122]    _Lcd_Out
0x02D4     [172]    _main
//** Variables locations ** 
//ADDRESS    SIZE    VARIABLE
//----------------------------------------------
0x0000       [1]    R0
0x0001       [1]    R1
0x0002       [1]    R2
0x0003       [1]    R3
0x0004       [1]    R4
0x0005       [1]    R5
0x0006       [1]    R6
0x0007       [1]    R7
0x0008       [1]    R8
0x0009       [1]    R9
0x000A       [1]    R10
0x000B       [1]    R11
0x000C       [1]    R12
0x000D       [1]    R13
0x000E       [1]    R14
0x000F       [1]    R15
0x0010       [1]    R16
0x0011       [1]    R17
0x0012       [1]    R18
0x0013       [1]    R19
0x0014       [1]    R20
0x0015       [7]    ?lstr2_UNIDADE_02_DISPLAY_LCD_ROTACIONAMENTO
0x001C      [15]    ?lstr1_UNIDADE_02_DISPLAY_LCD_ROTACIONAMENTO
0x002B       [0]    __Lib_Lcd_cmd_status
0x002C       [1]    main_ucX_L0
0x002D       [1]    FARG_CustomChar2_pos_row
0x002D       [1]    FARG_Lcd_Out_row
0x002D       [1]    FARG_CustomChar1_pos_row
0x002E       [1]    FARG_CustomChar2_pos_char
0x002E       [1]    FARG_CustomChar1_pos_char
0x002E       [1]    FARG_Lcd_Out_column
0x002F       [1]    CustomChar2_i_L0
0x002F       [1]    CustomChar1_i_L0
0x002F       [2]    FARG_Lcd_Out_text
0x0031       [1]    Lcd_Out_i_L0
0x0032       [1]    FARG_Lcd_Chr_row
0x0032       [1]    FARG_Lcd_Chr_CP_out_char
0x0033       [1]    FARG_Lcd_Chr_column
0x0034       [1]    FARG_Lcd_Chr_out_char
0x0035       [1]    FARG_Lcd_Cmd_out_char
0x0F39       [1]    ANSELB
0x0F8A       [0]    LATB1_bit
0x0F8A       [0]    LATB0_bit
0x0F8A       [0]    LCD_RS
0x0F8A       [0]    LCD_D5
0x0F8A       [0]    LCD_D4
0x0F8A       [0]    LATB3_bit
0x0F8A       [0]    LATB4_bit
0x0F8A       [0]    LATB5_bit
0x0F8A       [0]    LATB2_bit
0x0F8A       [0]    LCD_EN
0x0F8A       [0]    LCD_D6
0x0F8A       [0]    LCD_D7
0x0F93       [0]    LCD_D6_Direction
0x0F93       [0]    LCD_D7_Direction
0x0F93       [0]    TRISB5_bit
0x0F93       [0]    LCD_RS_Direction
0x0F93       [0]    TRISB4_bit
0x0F93       [0]    LCD_EN_Direction
0x0F93       [0]    LCD_D5_Direction
0x0F93       [0]    TRISB3_bit
0x0F93       [0]    LCD_D4_Direction
0x0F93       [0]    TRISB2_bit
0x0F93       [0]    TRISB0_bit
0x0F93       [0]    TRISB1_bit
0x0FD8       [1]    STATUS
0x0FD9       [1]    FSR2L
0x0FDA       [1]    FSR2H
0x0FDE       [1]    POSTINC2
0x0FE0       [1]    BSR
0x0FE1       [1]    FSR1L
0x0FE2       [1]    FSR1H
0x0FE4       [1]    PREINC1
0x0FE6       [1]    POSTINC1
0x0FE7       [1]    INDF1
0x0FE8       [1]    WREG
0x0FE9       [1]    FSR0L
0x0FEA       [1]    FSR0H
0x0FEE       [1]    POSTINC0
0x0FF3       [1]    PRODL
0x0FF4       [1]    PRODH
0x0FF5       [1]    TABLAT
0x0FF6       [1]    TBLPTRL
0x0FF7       [1]    TBLPTRH
0x0FF8       [1]    TBLPTRU
//** Constants locations ** 
//ADDRESS    SIZE    CONSTANT
//----------------------------------------------
0x0380       [7]    ?ICS?lstr2_UNIDADE_02_DISPLAY_LCD_ROTACIONAMENTO
0x0387      [15]    ?ICS?lstr1_UNIDADE_02_DISPLAY_LCD_ROTACIONAMENTO
0x0396       [8]    _character2
0x039E       [8]    _character1
//** Label List: ** 
//----------------------------------------------
  L_CustomChar10
  L_CustomChar11
  L_CustomChar12
  L_CustomChar23
  L_CustomChar24
  L_CustomChar25
  L_main6
  L_main7
  L_main8
  L_main9
  L_main10
  L_main11
  L_main12
  L_main13
  L_main14
  L_main15
  L_end_CustomChar1
  _CustomChar1
  L_end_CustomChar2
  _CustomChar2
  L_end_ConfigMCU
  _ConfigMCU
  L_end_main
  _main
  L_Delay_10us0
  L_Delay_22us1
  L_Delay_50us2
  L_Delay_80us3
  L_Delay_500us4
  L_Delay_5500us5
  L_Delay_1ms6
  L_Delay_5ms7
  L_Delay_8ms8
  L_Delay_100ms9
  L_Delay_10ms10
  L_Delay_1sec11
  L____Boot_Delay4k12
  L____Boot_Delay8k13
  L____Boot_Delay12k14
  L____Boot_Delay16k15
  L____Boot_Delay24k16
  L____Boot_Delay32k17
  L____Boot_Delay48k18
  L____Boot_Delay64k19
  L____Boot_Delay128k20
  L_Delay_Cyc21
  L_Delay_Cyc22
  L_VDelay_ms23
  L_VDelay_ms24
  L_VDelay_ms25
  L_VDelay_Advanced_ms26
  L_VDelay_Advanced_ms27
  L_VDelay_Advanced_ms28
  L_end_Get_Fosc_kHz
  _Get_Fosc_kHz
  L_end_Delay_1us
  _Delay_1us
  L_end_Delay_10us
  _Delay_10us
  L_end_Delay_22us
  _Delay_22us
  L_end_Delay_50us
  _Delay_50us
  L_end_Delay_80us
  _Delay_80us
  L_end_Delay_500us
  _Delay_500us
  L_end_Delay_5500us
  _Delay_5500us
  L_end_Delay_1ms
  _Delay_1ms
  L_end_Delay_5ms
  _Delay_5ms
  L_end_Delay_8ms
  _Delay_8ms
  L_end_Delay_100ms
  _Delay_100ms
  L_end_Delay_10ms
  _Delay_10ms
  L_end_Delay_1sec
  _Delay_1sec
  L_end____Boot_Delay4k
  ____Boot_Delay4k
  L_end____Boot_Delay8k
  ____Boot_Delay8k
  L_end____Boot_Delay12k
  ____Boot_Delay12k
  L_end____Boot_Delay16k
  ____Boot_Delay16k
  L_end____Boot_Delay24k
  ____Boot_Delay24k
  L_end____Boot_Delay32k
  ____Boot_Delay32k
  L_end____Boot_Delay48k
  ____Boot_Delay48k
  L_end____Boot_Delay64k
  ____Boot_Delay64k
  L_end____Boot_Delay128k
  ____Boot_Delay128k
  L_end_Delay_Cyc
  _Delay_Cyc
  L_end_VDelay_ms
  _VDelay_ms
  L__VDelay_ms54
  L__VDelay_ms55
  L__VDelay_ms56
  L_end_VDelay_Advanced_ms
  _VDelay_Advanced_ms
  L__VDelay_Advanced_ms58
  L__VDelay_Advanced_ms59
  L__VDelay_Advanced_ms60
  L_Lcd_Cmd0
  L_Lcd_Cmd1
  L_Lcd_Out_CP2
  L_Lcd_Out_CP3
  L_Lcd_Chr4
  L_Lcd_Chr5
  L_Lcd_Chr6
  L_Lcd_Chr7
  L_Lcd_Chr8
  L_Lcd_Chr9
  L_Lcd_Chr10
  L_Lcd_Out11
  L_Lcd_Out12
  L_Lcd_Out13
  L_Lcd_Out14
  L_Lcd_Out15
  L_Lcd_Out16
  L_Lcd_Out17
  L_Lcd_Out18
  L_Lcd_Out19
  L_end_Lcd_Cmd
  _Lcd_Cmd
  L__Lcd_Cmd21
  L__Lcd_Cmd22
  L__Lcd_Cmd23
  L__Lcd_Cmd24
  L__Lcd_Cmd25
  L__Lcd_Cmd26
  L__Lcd_Cmd27
  L__Lcd_Cmd28
  L__Lcd_Cmd29
  L__Lcd_Cmd30
  L__Lcd_Cmd31
  L__Lcd_Cmd32
  L__Lcd_Cmd33
  L__Lcd_Cmd34
  L__Lcd_Cmd35
  L__Lcd_Cmd36
  L__Lcd_Cmd37
  L__Lcd_Cmd38
  L__Lcd_Cmd39
  L__Lcd_Cmd40
  L_end_Lcd_Chr_CP
  _Lcd_Chr_CP
  L_end_Lcd_Out_CP
  _Lcd_Out_CP
  L_end_Lcd_Chr
  _Lcd_Chr
  L_end_Lcd_Init
  _Lcd_Init
  L_end_Lcd_Out
  _Lcd_Out
  _CC2D_Loop1
  _CC2DL_Loop1
  L_loopCA2AWs
  L_loopCCA2AWs
  L_loopCS2Ss
  L_CS2Send
  L_loopCCS2Ss
  L_CCS2Send
  L_loopFZinSWs
  L_longjmp7
  L_end___CC2D
  ___CC2D
  L_end___CC2DW
  ___CC2DW
  L_end___CA2AW
  ___CA2AW
  L_end___CCA2AW
  ___CCA2AW
  L_end___CS2S
  ___CS2S
  L_end___CCS2S
  ___CCS2S
  L_end___FZinS
  ___FZinS
  L_end_____DoIFC
  _____DoIFC
  L_end_Swap
  _Swap
  L_end_setjmp
  _setjmp
  L_end_longjmp
  _longjmp
