;  LST file generated by mikroListExporter - v.2.0 
; Date/Time: 11/06/2019 19:21:03
;----------------------------------------------

;Address Opcode 	ASM
0x0000	0xF000EF0E  	GOTO        28
0x0004	0x0000      	NOP
0x0006	0x0000      	NOP
0x0008	0xF000EF00  	GOTO        0
0x000C	0x0000      	NOP
0x000E	0x0000      	NOP
0x0010	0x0000      	NOP
0x0012	0x0000      	NOP
0x0014	0x0000      	NOP
0x0016	0x0000      	NOP
0x0018	0xD7F3      	BRA         0
_main:
;Project_005_BitRotation.c,5 :: 		void main() {
;Project_005_BitRotation.c,7 :: 		unsigned char ucByte1 = 0B00000001;  //Equivalente a: unsigned char ucByte1 = 1;
0x001C	0x0E01      	MOVLW       1
0x001E	0x6E15      	MOVWF       main_ucByte1_L0 
0x0020	0x0E80      	MOVLW       128
0x0022	0x6E16      	MOVWF       main_ucByte2_L0 
;Project_005_BitRotation.c,13 :: 		ADCON1 = 0;
0x0024	0x6AC1      	CLRF        ADCON1 
;Project_005_BitRotation.c,17 :: 		TRISD = 0;    //Define o PORTD como saída
0x0026	0x6A95      	CLRF        TRISD 
;Project_005_BitRotation.c,18 :: 		PORTD = 0;    //Defini nivel zero nas saídas do PORTD
0x0028	0x6A83      	CLRF        PORTD 
;Project_005_BitRotation.c,20 :: 		while(1){
L_main0:
;Project_005_BitRotation.c,21 :: 		PORTD = (ucByte1 | ucByte2);
0x002A	0x5016      	MOVF        main_ucByte2_L0, 0 
0x002C	0x1015      	IORWF       main_ucByte1_L0, 0 
0x002E	0x6E83      	MOVWF       PORTD 
;Project_005_BitRotation.c,22 :: 		ucByte1 <<= 1;    //Desloca (shift) os bits de ucByte1 1 posição para a esquerda
0x0030	0xF001C015  	MOVFF       main_ucByte1_L0, R1
0x0034	0x3601      	RLCF        R1, 1 
0x0036	0x9001      	BCF         R1, 0 
0x0038	0xF015C001  	MOVFF       R1, main_ucByte1_L0
;Project_005_BitRotation.c,23 :: 		ucByte2 >>= 1;    //Desloca (shift) os bits de ucByte2 1 posição para a direita
0x003C	0x3216      	RRCF        main_ucByte2_L0, 1 
0x003E	0x9E16      	BCF         main_ucByte2_L0, 7 
;Project_005_BitRotation.c,25 :: 		if(ucByte1 == 0){
0x0040	0x5001      	MOVF        R1, 0 
0x0042	0x0A00      	XORLW       0
0x0044	0xE102      	BNZ         L_main2
;Project_005_BitRotation.c,26 :: 		ucByte1 = 1;
0x0046	0x0E01      	MOVLW       1
0x0048	0x6E15      	MOVWF       main_ucByte1_L0 
;Project_005_BitRotation.c,27 :: 		}
L_main2:
;Project_005_BitRotation.c,28 :: 		if(ucByte2 == 0){
0x004A	0x5016      	MOVF        main_ucByte2_L0, 0 
0x004C	0x0A00      	XORLW       0
0x004E	0xE102      	BNZ         L_main3
;Project_005_BitRotation.c,29 :: 		ucByte2 = 128;
0x0050	0x0E80      	MOVLW       128
0x0052	0x6E16      	MOVWF       main_ucByte2_L0 
;Project_005_BitRotation.c,30 :: 		}
L_main3:
;Project_005_BitRotation.c,31 :: 		Delay_ms(100);
0x0054	0x0E02      	MOVLW       2
0x0056	0x6E0B      	MOVWF       R11, 0
0x0058	0x0E04      	MOVLW       4
0x005A	0x6E0C      	MOVWF       R12, 0
0x005C	0x0EBA      	MOVLW       186
0x005E	0x6E0D      	MOVWF       R13, 0
L_main4:
0x0060	0x2E0D      	DECFSZ      R13, 1, 0
0x0062	0xD7FE      	BRA         L_main4
0x0064	0x2E0C      	DECFSZ      R12, 1, 0
0x0066	0xD7FC      	BRA         L_main4
0x0068	0x2E0B      	DECFSZ      R11, 1, 0
0x006A	0xD7FA      	BRA         L_main4
0x006C	0x0000      	NOP
;Project_005_BitRotation.c,32 :: 		}
0x006E	0xD7DD      	BRA         L_main0
;Project_005_BitRotation.c,33 :: 		}
L_end_main:
0x0070	0xD7FF      	BRA         $+0
; end of _main
Symbol List:
//** Routines locations **
//ADDRESS    SIZE    PROCEDURE
//----------------------------------------------
0x001C      [86]    _main
//** Variables locations ** 
//ADDRESS    SIZE    VARIABLE
//----------------------------------------------
0x0000       [1]    R0
0x0001       [1]    R1
0x0002       [1]    R2
0x0003       [1]    R3
0x0004       [1]    R4
0x0005       [1]    R5
0x0006       [1]    R6
0x0007       [1]    R7
0x0008       [1]    R8
0x0009       [1]    R9
0x000A       [1]    R10
0x000B       [1]    R11
0x000C       [1]    R12
0x000D       [1]    R13
0x000E       [1]    R14
0x000F       [1]    R15
0x0010       [1]    R16
0x0011       [1]    R17
0x0012       [1]    R18
0x0013       [1]    R19
0x0014       [1]    R20
0x0015       [1]    main_ucByte1_L0
0x0016       [1]    main_ucByte2_L0
0x0F83       [1]    PORTD
0x0F95       [1]    TRISD
0x0FC1       [1]    ADCON1
0x0FD8       [1]    STATUS
0x0FD9       [1]    FSR2L
0x0FDA       [1]    FSR2H
0x0FDE       [1]    POSTINC2
0x0FE0       [1]    BSR
0x0FE1       [1]    FSR1L
0x0FE2       [1]    FSR1H
0x0FE4       [1]    PREINC1
0x0FE6       [1]    POSTINC1
0x0FE7       [1]    INDF1
0x0FE8       [1]    WREG
0x0FE9       [1]    FSR0L
0x0FEA       [1]    FSR0H
0x0FEE       [1]    POSTINC0
0x0FF3       [1]    PRODL
0x0FF4       [1]    PRODH
0x0FF5       [1]    TABLAT
0x0FF6       [1]    TBLPTRL
0x0FF7       [1]    TBLPTRH
0x0FF8       [1]    TBLPTRU
