;  LST file generated by mikroListExporter - v.2.0 
; Date/Time: 11/06/2019 17:25:54
;----------------------------------------------

;Address Opcode 	ASM
0x0000	0xF000EF2B  	GOTO        86
0x0004	0x0000      	NOP
0x0006	0x0000      	NOP
0x0008	0xF000EF00  	GOTO        0
0x000C	0x0000      	NOP
0x000E	0x0000      	NOP
0x0010	0x0000      	NOP
0x0012	0x0000      	NOP
0x0014	0x0000      	NOP
0x0016	0x0000      	NOP
0x0018	0xD7F3      	BRA         0
_ManipulaLeds:
;Project_004_Tecla_Led_Contador.c,14 :: 		void ManipulaLeds(unsigned char i)
;Project_004_Tecla_Led_Contador.c,16 :: 		switch(i){
0x001C	0xD009      	BRA         L_ManipulaLeds0
;Project_004_Tecla_Led_Contador.c,17 :: 		case 1:{PORTD.RD0 = 1; break;}
L_ManipulaLeds2:
0x001E	0x8083      	BSF         PORTD, 0 
0x0020	0xD011      	BRA         L_ManipulaLeds1
;Project_004_Tecla_Led_Contador.c,18 :: 		case 2:{PORTD.RD1 = 1; break;}
L_ManipulaLeds3:
0x0022	0x8283      	BSF         PORTD, 1 
0x0024	0xD00F      	BRA         L_ManipulaLeds1
;Project_004_Tecla_Led_Contador.c,19 :: 		case 3:{PORTD.RD2 = 1; break;}
L_ManipulaLeds4:
0x0026	0x8483      	BSF         PORTD, 2 
0x0028	0xD00D      	BRA         L_ManipulaLeds1
;Project_004_Tecla_Led_Contador.c,20 :: 		default:{PORTD = 0; ucContador = 0; break;}
L_ManipulaLeds5:
0x002A	0x6A83      	CLRF        PORTD 
0x002C	0x6A15      	CLRF        _ucContador 
0x002E	0xD00A      	BRA         L_ManipulaLeds1
;Project_004_Tecla_Led_Contador.c,21 :: 		}
L_ManipulaLeds0:
0x0030	0x5017      	MOVF        FARG_ManipulaLeds_i, 0 
0x0032	0x0A01      	XORLW       1
0x0034	0xE0F4      	BZ          L_ManipulaLeds2
0x0036	0x5017      	MOVF        FARG_ManipulaLeds_i, 0 
0x0038	0x0A02      	XORLW       2
0x003A	0xE0F3      	BZ          L_ManipulaLeds3
0x003C	0x5017      	MOVF        FARG_ManipulaLeds_i, 0 
0x003E	0x0A03      	XORLW       3
0x0040	0xE0F2      	BZ          L_ManipulaLeds4
0x0042	0xD7F3      	BRA         L_ManipulaLeds5
L_ManipulaLeds1:
;Project_004_Tecla_Led_Contador.c,22 :: 		}
L_end_ManipulaLeds:
0x0044	0x0012      	RETURN      0
; end of _ManipulaLeds
___CC2DW:
;__Lib_System.c,21 :: 		
;__Lib_System.c,23 :: 		
_CC2DL_Loop1:
;__Lib_System.c,24 :: 		
0x0046	0x0009      	TBLRD*+
;__Lib_System.c,25 :: 		
0x0048	0xFFE6CFF5  	MOVFF       TABLAT, POSTINC1
;__Lib_System.c,26 :: 		
0x004C	0x0600      	DECF        R0, 1, 0
;__Lib_System.c,27 :: 		
0x004E	0xE1FB      	BNZ         _CC2DL_Loop1
;__Lib_System.c,28 :: 		
0x0050	0x0601      	DECF        R1, 1, 0
;__Lib_System.c,29 :: 		
0x0052	0xE1F9      	BNZ         _CC2DL_Loop1
;__Lib_System.c,31 :: 		
L_end___CC2DW:
0x0054	0x0012      	RETURN      0
; end of ___CC2DW
_main:
0x0056	0x6A15      	CLRF        _ucContador 
;Project_004_Tecla_Led_Contador.c,24 :: 		void main(){
;Project_004_Tecla_Led_Contador.c,26 :: 		unsigned char flagAux = 0;
0x0058	0x6A16      	CLRF        main_flagAux_L0 
;Project_004_Tecla_Led_Contador.c,32 :: 		ADCON1 |= 0X0F; //Configura todos os pinos ADC como digital (ex: PIC18F4520)
0x005A	0x0E0F      	MOVLW       15
0x005C	0x12C1      	IORWF       ADCON1, 1 
;Project_004_Tecla_Led_Contador.c,36 :: 		TRISB.RB0 = 1; //Configura o pino RB0 como entrada
0x005E	0x8093      	BSF         TRISB, 0 
;Project_004_Tecla_Led_Contador.c,37 :: 		PORTB.RB0 = 1; //Opcional, pois internamente ao colocar TRISB.RB0 = 1 o uC já coloca nível 1 em PORTx.Rx0; Porém existe uma excessão com relação ao PORTB, visto que esta porta é a única que, ao colocar TRISB = 1, internamente os resistores de PULL-UP são por default desligados.
0x0060	0x8081      	BSF         PORTB, 0 
;Project_004_Tecla_Led_Contador.c,38 :: 		Delay_ms(1000);
0x0062	0x0E0B      	MOVLW       11
0x0064	0x6E0B      	MOVWF       R11, 0
0x0066	0x0E26      	MOVLW       38
0x0068	0x6E0C      	MOVWF       R12, 0
0x006A	0x0E5D      	MOVLW       93
0x006C	0x6E0D      	MOVWF       R13, 0
L_main6:
0x006E	0x2E0D      	DECFSZ      R13, 1, 0
0x0070	0xD7FE      	BRA         L_main6
0x0072	0x2E0C      	DECFSZ      R12, 1, 0
0x0074	0xD7FC      	BRA         L_main6
0x0076	0x2E0B      	DECFSZ      R11, 1, 0
0x0078	0xD7FA      	BRA         L_main6
0x007A	0x0000      	NOP
0x007C	0x0000      	NOP
;Project_004_Tecla_Led_Contador.c,41 :: 		TRISD = 0; //Configura o pino RD0 como saída
0x007E	0x6A95      	CLRF        TRISD 
;Project_004_Tecla_Led_Contador.c,42 :: 		PORTD = 0; //Leds off (Manipula todos os pinos do PORTD para zero)
0x0080	0x6A83      	CLRF        PORTD 
;Project_004_Tecla_Led_Contador.c,45 :: 		Delay_ms(50);
0x0082	0x0E82      	MOVLW       130
0x0084	0x6E0C      	MOVWF       R12, 0
0x0086	0x0EDD      	MOVLW       221
0x0088	0x6E0D      	MOVWF       R13, 0
L_main7:
0x008A	0x2E0D      	DECFSZ      R13, 1, 0
0x008C	0xD7FE      	BRA         L_main7
0x008E	0x2E0C      	DECFSZ      R12, 1, 0
0x0090	0xD7FC      	BRA         L_main7
0x0092	0x0000      	NOP
0x0094	0x0000      	NOP
;Project_004_Tecla_Led_Contador.c,47 :: 		while(1)
L_main8:
;Project_004_Tecla_Led_Contador.c,49 :: 		if(PORTB.RB0 == 0 && flagAux == 0) //Tecla esta sendo acionada em nível 0 (zero)
0x0096	0xB081      	BTFSC       PORTB, 0 
0x0098	0xD012      	BRA         L_main12
0x009A	0x5016      	MOVF        main_flagAux_L0, 0 
0x009C	0x0A00      	XORLW       0
0x009E	0xE10F      	BNZ         L_main12
L__main19:
;Project_004_Tecla_Led_Contador.c,51 :: 		ManipulaLeds(++ucContador);
0x00A0	0x2A15      	INCF        _ucContador, 1 
0x00A2	0xF017C015  	MOVFF       _ucContador, FARG_ManipulaLeds_i
0x00A6	0xDFBA      	RCALL       _ManipulaLeds
;Project_004_Tecla_Led_Contador.c,52 :: 		flagAux = 1;
0x00A8	0x0E01      	MOVLW       1
0x00AA	0x6E16      	MOVWF       main_flagAux_L0 
;Project_004_Tecla_Led_Contador.c,53 :: 		Delay_ms(40); //Trata o debounce
0x00AC	0x0E68      	MOVLW       104
0x00AE	0x6E0C      	MOVWF       R12, 0
0x00B0	0x0EE4      	MOVLW       228
0x00B2	0x6E0D      	MOVWF       R13, 0
L_main13:
0x00B4	0x2E0D      	DECFSZ      R13, 1, 0
0x00B6	0xD7FE      	BRA         L_main13
0x00B8	0x2E0C      	DECFSZ      R12, 1, 0
0x00BA	0xD7FC      	BRA         L_main13
0x00BC	0x0000      	NOP
;Project_004_Tecla_Led_Contador.c,54 :: 		}
L_main12:
;Project_004_Tecla_Led_Contador.c,55 :: 		if(PORTB.RB0 == 1 && flagAux == 1)
0x00BE	0xA081      	BTFSS       PORTB, 0 
0x00C0	0xD00D      	BRA         L_main16
0x00C2	0x5016      	MOVF        main_flagAux_L0, 0 
0x00C4	0x0A01      	XORLW       1
0x00C6	0xE10A      	BNZ         L_main16
L__main18:
;Project_004_Tecla_Led_Contador.c,57 :: 		flagAux = 0;
0x00C8	0x6A16      	CLRF        main_flagAux_L0 
;Project_004_Tecla_Led_Contador.c,58 :: 		Delay_ms(40); //Trata o debounce
0x00CA	0x0E68      	MOVLW       104
0x00CC	0x6E0C      	MOVWF       R12, 0
0x00CE	0x0EE4      	MOVLW       228
0x00D0	0x6E0D      	MOVWF       R13, 0
L_main17:
0x00D2	0x2E0D      	DECFSZ      R13, 1, 0
0x00D4	0xD7FE      	BRA         L_main17
0x00D6	0x2E0C      	DECFSZ      R12, 1, 0
0x00D8	0xD7FC      	BRA         L_main17
0x00DA	0x0000      	NOP
;Project_004_Tecla_Led_Contador.c,59 :: 		}
L_main16:
;Project_004_Tecla_Led_Contador.c,60 :: 		}
0x00DC	0xD7DC      	BRA         L_main8
;Project_004_Tecla_Led_Contador.c,61 :: 		}
L_end_main:
0x00DE	0xD7FF      	BRA         $+0
; end of _main
Symbol List:
//** Routines locations **
//ADDRESS    SIZE    PROCEDURE
//----------------------------------------------
0x001C      [42]    _ManipulaLeds
0x0046      [16]    ___CC2DW
0x0056     [138]    _main
//** Variables locations ** 
//ADDRESS    SIZE    VARIABLE
//----------------------------------------------
0x0000       [1]    R0
0x0001       [1]    R1
0x0002       [1]    R2
0x0003       [1]    R3
0x0004       [1]    R4
0x0005       [1]    R5
0x0006       [1]    R6
0x0007       [1]    R7
0x0008       [1]    R8
0x0009       [1]    R9
0x000A       [1]    R10
0x000B       [1]    R11
0x000C       [1]    R12
0x000D       [1]    R13
0x000E       [1]    R14
0x000F       [1]    R15
0x0010       [1]    R16
0x0011       [1]    R17
0x0012       [1]    R18
0x0013       [1]    R19
0x0014       [1]    R20
0x0015       [1]    _ucContador
0x0016       [1]    main_flagAux_L0
0x0017       [1]    FARG_ManipulaLeds_i
0x0F81       [1]    PORTB
0x0F83       [1]    PORTD
0x0F93       [1]    TRISB
0x0F95       [1]    TRISD
0x0FC1       [1]    ADCON1
0x0FD8       [1]    STATUS
0x0FD9       [1]    FSR2L
0x0FDA       [1]    FSR2H
0x0FDE       [1]    POSTINC2
0x0FE0       [1]    BSR
0x0FE1       [1]    FSR1L
0x0FE2       [1]    FSR1H
0x0FE4       [1]    PREINC1
0x0FE6       [1]    POSTINC1
0x0FE7       [1]    INDF1
0x0FE8       [1]    WREG
0x0FE9       [1]    FSR0L
0x0FEA       [1]    FSR0H
0x0FEE       [1]    POSTINC0
0x0FF3       [1]    PRODL
0x0FF4       [1]    PRODH
0x0FF5       [1]    TABLAT
0x0FF6       [1]    TBLPTRL
0x0FF7       [1]    TBLPTRH
0x0FF8       [1]    TBLPTRU
