;  LST file generated by mikroListExporter - v.2.0 
; Date/Time: 15/11/2020 23:26:39
;----------------------------------------------

;Address Opcode 	ASM
0x0000	0xF000EF22  	GOTO        68
0x0004	0x0000      	NOP
0x0006	0x0000      	NOP
0x0008	0xF000EF00  	GOTO        0
0x000C	0x0000      	NOP
0x000E	0x0000      	NOP
0x0010	0x0000      	NOP
0x0012	0x0000      	NOP
0x0014	0x0000      	NOP
0x0016	0x0000      	NOP
0x0018	0xD7F3      	BRA         0
_ConfigTIMER:
;main.c,45 :: 		void ConfigTIMER()
;main.c,47 :: 		T0CON = 0B00000110;  /* Configuração do TIMER0: {Modo = Timer; Prescaler = 1:128; Modo = 16 bits} */
0x001C	0x0E06      	MOVLW       6
0x001E	0x6ED5      	MOVWF       T0CON 
;main.c,48 :: 		TMR0L = 0xF7;        /* Configuração da carga inicial - Byte menos significativo */
0x0020	0x0EF7      	MOVLW       247
0x0022	0x6ED6      	MOVWF       TMR0L 
;main.c,49 :: 		TMR0H = 0xC2;        /* Configuração da carga inicial - Byte mais significativo  */
0x0024	0x0EC2      	MOVLW       194
0x0026	0x6ED7      	MOVWF       TMR0H 
;main.c,50 :: 		INTCON.TMR0IF = 0;   /* Reset o bit (flag) de overflow, ou estouro, do TIMER0    */
0x0028	0x94F2      	BCF         INTCON, 2 
;main.c,51 :: 		T0CON.TMR0ON = 1;    /* Liga o TIMER0 */
0x002A	0x8ED5      	BSF         T0CON, 7 
;main.c,52 :: 		}
L_end_ConfigTIMER:
0x002C	0x0012      	RETURN      0
; end of _ConfigTIMER
_Flasher:
;main.c,81 :: 		void Flasher(void)
;main.c,83 :: 		PORTD.RD0 = ~ LATD.RD0;   /* Toggle - Inverte o estado logico do led conectado a saída PORTD.RD0 */
0x002E	0xB08C      	BTFSC       LATD, 0 
0x0030	0xD002      	BRA         L__Flasher9
0x0032	0x8083      	BSF         PORTD, 0 
0x0034	0xD001      	BRA         L__Flasher10
L__Flasher9:
0x0036	0x9083      	BCF         PORTD, 0 
L__Flasher10:
;main.c,84 :: 		}
L_end_Flasher:
0x0038	0x0012      	RETURN      0
; end of _Flasher
_ConfigMCU:
;main.c,33 :: 		void ConfigMCU()
;main.c,38 :: 		ADCON1 |= 0x0F;
0x003A	0x0E0F      	MOVLW       15
0x003C	0x12C1      	IORWF       ADCON1, 1 
;main.c,40 :: 		TRISD = 0;   /* Configuração do PORTD como saída */
0x003E	0x6A95      	CLRF        TRISD 
;main.c,41 :: 		PORTD = 0;   /* Desliga (OFF) as saídas do PORTD */
0x0040	0x6A83      	CLRF        PORTD 
;main.c,42 :: 		}
L_end_ConfigMCU:
0x0042	0x0012      	RETURN      0
; end of _ConfigMCU
_main:
;main.c,55 :: 		void main()
;main.c,57 :: 		unsigned int i = 0;
0x0044	0x6A15      	CLRF        main_i_L0 
0x0046	0x6A16      	CLRF        main_i_L0+1 
;main.c,59 :: 		ConfigMCU();
0x0048	0xDFF8      	RCALL       _ConfigMCU
;main.c,60 :: 		ConfigTIMER();
0x004A	0xDFE8      	RCALL       _ConfigTIMER
;main.c,62 :: 		while(1)
L_main0:
;main.c,64 :: 		if(INTCON.TMR0IF == 1)   /* Monitora o flag de overflow do TIMER0 */
0x004C	0xA4F2      	BTFSS       INTCON, 2 
0x004E	0xD010      	BRA         L_main2
;main.c,67 :: 		TMR0L = 0xF7;        /* Configuração da carga inicial - Byte menos significativo */
0x0050	0x0EF7      	MOVLW       247
0x0052	0x6ED6      	MOVWF       TMR0L 
;main.c,68 :: 		TMR0H = 0xC2;        /* Configuração da carga inicial - Byte mais significativo  */
0x0054	0x0EC2      	MOVLW       194
0x0056	0x6ED7      	MOVWF       TMR0H 
;main.c,69 :: 		INTCON.TMR0IF = 0;   /* Reset o bit (flag) de overflow, ou estouro, do TIMER0    */
0x0058	0x94F2      	BCF         INTCON, 2 
;main.c,71 :: 		i++;
0x005A	0x4A15      	INFSNZ      main_i_L0, 1 
0x005C	0x2A16      	INCF        main_i_L0+1, 1 
;main.c,72 :: 		if(i >= 5){
0x005E	0x0E00      	MOVLW       0
0x0060	0x5C16      	SUBWF       main_i_L0+1, 0 
0x0062	0xE102      	BNZ         L__main7
0x0064	0x0E05      	MOVLW       5
0x0066	0x5C15      	SUBWF       main_i_L0, 0 
L__main7:
0x0068	0xE303      	BNC         L_main3
;main.c,73 :: 		Flasher();
0x006A	0xDFE1      	RCALL       _Flasher
;main.c,74 :: 		i = 0;
0x006C	0x6A15      	CLRF        main_i_L0 
0x006E	0x6A16      	CLRF        main_i_L0+1 
;main.c,75 :: 		}
L_main3:
;main.c,76 :: 		}
L_main2:
;main.c,77 :: 		}
0x0070	0xD7ED      	BRA         L_main0
;main.c,78 :: 		}
L_end_main:
0x0072	0xD7FF      	BRA         $+0
; end of _main
Symbol List:
//** Routines locations **
//ADDRESS    SIZE    PROCEDURE
//----------------------------------------------
0x001C      [18]    _ConfigTIMER
0x002E      [12]    _Flasher
0x003A      [10]    _ConfigMCU
0x0044      [48]    _main
//** Variables locations ** 
//ADDRESS    SIZE    VARIABLE
//----------------------------------------------
0x0000       [1]    R0
0x0001       [1]    R1
0x0002       [1]    R2
0x0003       [1]    R3
0x0004       [1]    R4
0x0005       [1]    R5
0x0006       [1]    R6
0x0007       [1]    R7
0x0008       [1]    R8
0x0009       [1]    R9
0x000A       [1]    R10
0x000B       [1]    R11
0x000C       [1]    R12
0x000D       [1]    R13
0x000E       [1]    R14
0x000F       [1]    R15
0x0010       [1]    R16
0x0011       [1]    R17
0x0012       [1]    R18
0x0013       [1]    R19
0x0014       [1]    R20
0x0015       [2]    main_i_L0
0x0F83       [1]    PORTD
0x0F8C       [1]    LATD
0x0F95       [1]    TRISD
0x0FC1       [1]    ADCON1
0x0FD5       [1]    T0CON
0x0FD6       [1]    TMR0L
0x0FD7       [1]    TMR0H
0x0FD8       [1]    STATUS
0x0FD9       [1]    FSR2L
0x0FDA       [1]    FSR2H
0x0FDE       [1]    POSTINC2
0x0FE0       [1]    BSR
0x0FE1       [1]    FSR1L
0x0FE2       [1]    FSR1H
0x0FE4       [1]    PREINC1
0x0FE6       [1]    POSTINC1
0x0FE7       [1]    INDF1
0x0FE8       [1]    WREG
0x0FE9       [1]    FSR0L
0x0FEA       [1]    FSR0H
0x0FEE       [1]    POSTINC0
0x0FF2       [1]    INTCON
0x0FF3       [1]    PRODL
0x0FF4       [1]    PRODH
0x0FF5       [1]    TABLAT
0x0FF6       [1]    TBLPTRL
0x0FF7       [1]    TBLPTRH
0x0FF8       [1]    TBLPTRU
