;  LST file generated by mikroListExporter - v.2.0 
; Date/Time: 11/02/2014 10:35:11
;----------------------------------------------

;Address Opcode 	ASM
0x0000	0xF001EFCB  	GOTO        918
0x0004	0x0000      	NOP
0x0006	0x0000      	NOP
0x0008	0xF000EF00  	GOTO        0
0x000C	0x0000      	NOP
0x000E	0x0000      	NOP
0x0010	0x0000      	NOP
0x0012	0x0000      	NOP
0x0014	0x0000      	NOP
0x0016	0x0000      	NOP
0x0018	0xD7F3      	BRA         0
_Delay_5500us:
;__Lib_Delays.c,31 :: 		void Delay_5500us() {
;__Lib_Delays.c,32 :: 		Delay_us(5500);
0x001C	0x0E0F      	MOVLW       15
0x001E	0x6E0C      	MOVWF       R12, 0
0x0020	0x0E47      	MOVLW       71
0x0022	0x6E0D      	MOVWF       R13, 0
L_Delay_5500us5:
0x0024	0x2E0D      	DECFSZ      R13, 1, 0
0x0026	0xD7FE      	BRA         L_Delay_5500us5
0x0028	0x2E0C      	DECFSZ      R12, 1, 0
0x002A	0xD7FC      	BRA         L_Delay_5500us5
0x002C	0x0000      	NOP
0x002E	0x0000      	NOP
;__Lib_Delays.c,33 :: 		}
L_end_Delay_5500us:
0x0030	0x0012      	RETURN      0
; end of _Delay_5500us
_Delay_1us:
;__Lib_Delays.c,7 :: 		void Delay_1us() {
;__Lib_Delays.c,8 :: 		Delay_us(1);
0x0032	0x0000      	NOP
0x0034	0x0000      	NOP
;__Lib_Delays.c,9 :: 		}
L_end_Delay_1us:
0x0036	0x0012      	RETURN      0
; end of _Delay_1us
_Delay_50us:
;__Lib_Delays.c,19 :: 		void Delay_50us() {
;__Lib_Delays.c,20 :: 		Delay_us(50);
0x0038	0x0E21      	MOVLW       33
0x003A	0x6E0D      	MOVWF       R13, 0
L_Delay_50us2:
0x003C	0x2E0D      	DECFSZ      R13, 1, 0
0x003E	0xD7FE      	BRA         L_Delay_50us2
;__Lib_Delays.c,21 :: 		}
L_end_Delay_50us:
0x0040	0x0012      	RETURN      0
; end of _Delay_50us
_Lcd_Cmd:
;__Lib_Lcd.c,18 :: 		
;__Lib_Lcd.c,20 :: 		
0x0042	0xBE21      	BTFSC       FARG_Lcd_Cmd_out_char, 7 
0x0044	0xD002      	BRA         L__Lcd_Cmd21
0x0046	0x968A      	BCF         LCD_D7, BitPos(LCD_D7+0) 
0x0048	0xD001      	BRA         L__Lcd_Cmd22
L__Lcd_Cmd21:
0x004A	0x868A      	BSF         LCD_D7, BitPos(LCD_D7+0) 
L__Lcd_Cmd22:
;__Lib_Lcd.c,21 :: 		
0x004C	0xBC21      	BTFSC       FARG_Lcd_Cmd_out_char, 6 
0x004E	0xD002      	BRA         L__Lcd_Cmd23
0x0050	0x948A      	BCF         LCD_D6, BitPos(LCD_D6+0) 
0x0052	0xD001      	BRA         L__Lcd_Cmd24
L__Lcd_Cmd23:
0x0054	0x848A      	BSF         LCD_D6, BitPos(LCD_D6+0) 
L__Lcd_Cmd24:
;__Lib_Lcd.c,22 :: 		
0x0056	0xBA21      	BTFSC       FARG_Lcd_Cmd_out_char, 5 
0x0058	0xD002      	BRA         L__Lcd_Cmd25
0x005A	0x928A      	BCF         LCD_D5, BitPos(LCD_D5+0) 
0x005C	0xD001      	BRA         L__Lcd_Cmd26
L__Lcd_Cmd25:
0x005E	0x828A      	BSF         LCD_D5, BitPos(LCD_D5+0) 
L__Lcd_Cmd26:
;__Lib_Lcd.c,23 :: 		
0x0060	0xB821      	BTFSC       FARG_Lcd_Cmd_out_char, 4 
0x0062	0xD002      	BRA         L__Lcd_Cmd27
0x0064	0x908A      	BCF         LCD_D4, BitPos(LCD_D4+0) 
0x0066	0xD001      	BRA         L__Lcd_Cmd28
L__Lcd_Cmd27:
0x0068	0x808A      	BSF         LCD_D4, BitPos(LCD_D4+0) 
L__Lcd_Cmd28:
;__Lib_Lcd.c,25 :: 		
0x006A	0xB017      	BTFSC       __Lib_Lcd_cmd_status, BitPos(__Lib_Lcd_cmd_status+0) 
0x006C	0xD002      	BRA         L__Lcd_Cmd29
0x006E	0x888A      	BSF         LCD_RS, BitPos(LCD_RS+0) 
0x0070	0xD001      	BRA         L__Lcd_Cmd30
L__Lcd_Cmd29:
0x0072	0x988A      	BCF         LCD_RS, BitPos(LCD_RS+0) 
L__Lcd_Cmd30:
;__Lib_Lcd.c,28 :: 		
0x0074	0x8A8A      	BSF         LCD_EN, BitPos(LCD_EN+0) 
;__Lib_Lcd.c,29 :: 		
0x0076	0xDFDD      	RCALL       _Delay_1us
;__Lib_Lcd.c,30 :: 		
0x0078	0x9A8A      	BCF         LCD_EN, BitPos(LCD_EN+0) 
;__Lib_Lcd.c,33 :: 		
0x007A	0xB621      	BTFSC       FARG_Lcd_Cmd_out_char, 3 
0x007C	0xD002      	BRA         L__Lcd_Cmd31
0x007E	0x968A      	BCF         LCD_D7, BitPos(LCD_D7+0) 
0x0080	0xD001      	BRA         L__Lcd_Cmd32
L__Lcd_Cmd31:
0x0082	0x868A      	BSF         LCD_D7, BitPos(LCD_D7+0) 
L__Lcd_Cmd32:
;__Lib_Lcd.c,34 :: 		
0x0084	0xB421      	BTFSC       FARG_Lcd_Cmd_out_char, 2 
0x0086	0xD002      	BRA         L__Lcd_Cmd33
0x0088	0x948A      	BCF         LCD_D6, BitPos(LCD_D6+0) 
0x008A	0xD001      	BRA         L__Lcd_Cmd34
L__Lcd_Cmd33:
0x008C	0x848A      	BSF         LCD_D6, BitPos(LCD_D6+0) 
L__Lcd_Cmd34:
;__Lib_Lcd.c,35 :: 		
0x008E	0xB221      	BTFSC       FARG_Lcd_Cmd_out_char, 1 
0x0090	0xD002      	BRA         L__Lcd_Cmd35
0x0092	0x928A      	BCF         LCD_D5, BitPos(LCD_D5+0) 
0x0094	0xD001      	BRA         L__Lcd_Cmd36
L__Lcd_Cmd35:
0x0096	0x828A      	BSF         LCD_D5, BitPos(LCD_D5+0) 
L__Lcd_Cmd36:
;__Lib_Lcd.c,36 :: 		
0x0098	0xB021      	BTFSC       FARG_Lcd_Cmd_out_char, 0 
0x009A	0xD002      	BRA         L__Lcd_Cmd37
0x009C	0x908A      	BCF         LCD_D4, BitPos(LCD_D4+0) 
0x009E	0xD001      	BRA         L__Lcd_Cmd38
L__Lcd_Cmd37:
0x00A0	0x808A      	BSF         LCD_D4, BitPos(LCD_D4+0) 
L__Lcd_Cmd38:
;__Lib_Lcd.c,38 :: 		
0x00A2	0xB017      	BTFSC       __Lib_Lcd_cmd_status, BitPos(__Lib_Lcd_cmd_status+0) 
0x00A4	0xD002      	BRA         L__Lcd_Cmd39
0x00A6	0x888A      	BSF         LCD_RS, BitPos(LCD_RS+0) 
0x00A8	0xD001      	BRA         L__Lcd_Cmd40
L__Lcd_Cmd39:
0x00AA	0x988A      	BCF         LCD_RS, BitPos(LCD_RS+0) 
L__Lcd_Cmd40:
;__Lib_Lcd.c,40 :: 		
0x00AC	0x8A8A      	BSF         LCD_EN, BitPos(LCD_EN+0) 
;__Lib_Lcd.c,41 :: 		
0x00AE	0xDFC1      	RCALL       _Delay_1us
;__Lib_Lcd.c,42 :: 		
0x00B0	0x9A8A      	BCF         LCD_EN, BitPos(LCD_EN+0) 
;__Lib_Lcd.c,44 :: 		
0x00B2	0xA017      	BTFSS       __Lib_Lcd_cmd_status, BitPos(__Lib_Lcd_cmd_status+0) 
0x00B4	0xD002      	BRA         L_Lcd_Cmd0
;__Lib_Lcd.c,45 :: 		
0x00B6	0xDFB2      	RCALL       _Delay_5500us
0x00B8	0xD001      	BRA         L_Lcd_Cmd1
L_Lcd_Cmd0:
;__Lib_Lcd.c,47 :: 		
0x00BA	0xDFBE      	RCALL       _Delay_50us
L_Lcd_Cmd1:
;__Lib_Lcd.c,48 :: 		
L_end_Lcd_Cmd:
0x00BC	0x0012      	RETURN      0
; end of _Lcd_Cmd
_Lcd_Chr_CP:
;__Lib_Lcd.c,50 :: 		
;__Lib_Lcd.c,52 :: 		
0x00BE	0x9017      	BCF         __Lib_Lcd_cmd_status, BitPos(__Lib_Lcd_cmd_status+0) 
;__Lib_Lcd.c,53 :: 		
0x00C0	0xF021C01E  	MOVFF       FARG_Lcd_Chr_CP_out_char, FARG_Lcd_Cmd_out_char
0x00C4	0xDFBE      	RCALL       _Lcd_Cmd
;__Lib_Lcd.c,54 :: 		
0x00C6	0x8017      	BSF         __Lib_Lcd_cmd_status, BitPos(__Lib_Lcd_cmd_status+0) 
;__Lib_Lcd.c,55 :: 		
L_end_Lcd_Chr_CP:
0x00C8	0x0012      	RETURN      0
; end of _Lcd_Chr_CP
_Lcd_Chr:
;__Lib_Lcd.c,65 :: 		
;__Lib_Lcd.c,66 :: 		
0x00CA	0xD00F      	BRA         L_Lcd_Chr4
;__Lib_Lcd.c,67 :: 		
L_Lcd_Chr6:
0x00CC	0x0E80      	MOVLW       128
0x00CE	0x6E1E      	MOVWF       FARG_Lcd_Chr_row 
0x00D0	0xD019      	BRA         L_Lcd_Chr5
;__Lib_Lcd.c,68 :: 		
L_Lcd_Chr7:
0x00D2	0x0EC0      	MOVLW       192
0x00D4	0x6E1E      	MOVWF       FARG_Lcd_Chr_row 
0x00D6	0xD016      	BRA         L_Lcd_Chr5
;__Lib_Lcd.c,69 :: 		
L_Lcd_Chr8:
0x00D8	0x0E94      	MOVLW       148
0x00DA	0x6E1E      	MOVWF       FARG_Lcd_Chr_row 
0x00DC	0xD013      	BRA         L_Lcd_Chr5
;__Lib_Lcd.c,70 :: 		
L_Lcd_Chr9:
0x00DE	0x0ED4      	MOVLW       212
0x00E0	0x6E1E      	MOVWF       FARG_Lcd_Chr_row 
0x00E2	0xD010      	BRA         L_Lcd_Chr5
;__Lib_Lcd.c,71 :: 		
L_Lcd_Chr10:
0x00E4	0x0E80      	MOVLW       128
0x00E6	0x6E1E      	MOVWF       FARG_Lcd_Chr_row 
;__Lib_Lcd.c,72 :: 		
0x00E8	0xD00D      	BRA         L_Lcd_Chr5
L_Lcd_Chr4:
0x00EA	0x501E      	MOVF        FARG_Lcd_Chr_row, 0 
0x00EC	0x0A01      	XORLW       1
0x00EE	0xE0EE      	BZ          L_Lcd_Chr6
0x00F0	0x501E      	MOVF        FARG_Lcd_Chr_row, 0 
0x00F2	0x0A02      	XORLW       2
0x00F4	0xE0EE      	BZ          L_Lcd_Chr7
0x00F6	0x501E      	MOVF        FARG_Lcd_Chr_row, 0 
0x00F8	0x0A03      	XORLW       3
0x00FA	0xE0EE      	BZ          L_Lcd_Chr8
0x00FC	0x501E      	MOVF        FARG_Lcd_Chr_row, 0 
0x00FE	0x0A04      	XORLW       4
0x0100	0xE0EE      	BZ          L_Lcd_Chr9
0x0102	0xD7F0      	BRA         L_Lcd_Chr10
L_Lcd_Chr5:
;__Lib_Lcd.c,74 :: 		
0x0104	0x041F      	DECF        FARG_Lcd_Chr_column, 0 
0x0106	0x6E00      	MOVWF       R0 
0x0108	0x501E      	MOVF        FARG_Lcd_Chr_row, 0 
0x010A	0x2600      	ADDWF       R0, 1 
0x010C	0xF01EC000  	MOVFF       R0, FARG_Lcd_Chr_row
;__Lib_Lcd.c,76 :: 		
0x0110	0x8017      	BSF         __Lib_Lcd_cmd_status, BitPos(__Lib_Lcd_cmd_status+0) 
;__Lib_Lcd.c,77 :: 		
0x0112	0xF021C000  	MOVFF       R0, FARG_Lcd_Cmd_out_char
0x0116	0xDF95      	RCALL       _Lcd_Cmd
;__Lib_Lcd.c,79 :: 		
0x0118	0x9017      	BCF         __Lib_Lcd_cmd_status, BitPos(__Lib_Lcd_cmd_status+0) 
;__Lib_Lcd.c,80 :: 		
0x011A	0xF021C020  	MOVFF       FARG_Lcd_Chr_out_char, FARG_Lcd_Cmd_out_char
0x011E	0xDF91      	RCALL       _Lcd_Cmd
;__Lib_Lcd.c,81 :: 		
0x0120	0x8017      	BSF         __Lib_Lcd_cmd_status, BitPos(__Lib_Lcd_cmd_status+0) 
;__Lib_Lcd.c,82 :: 		
L_end_Lcd_Chr:
0x0122	0x0012      	RETURN      0
; end of _Lcd_Chr
_ConfigMCU:
;UNIDADE_02_DISPLAY_LCD_ANIMACAO_HORSE.c,145 :: 		void ConfigMCU()
;UNIDADE_02_DISPLAY_LCD_ANIMACAO_HORSE.c,148 :: 		ANSELB = 0;
0x0124	0x010F      	MOVLB       15
0x0126	0x6B39      	CLRF        ANSELB, 1
;UNIDADE_02_DISPLAY_LCD_ANIMACAO_HORSE.c,152 :: 		}
L_end_ConfigMCU:
0x0128	0x0012      	RETURN      0
; end of _ConfigMCU
___CC2DW:
;__Lib_System.c,21 :: 		
;__Lib_System.c,23 :: 		
_CC2DL_Loop1:
;__Lib_System.c,24 :: 		
0x012A	0x0009      	TBLRD*+
;__Lib_System.c,25 :: 		
0x012C	0xFFE6CFF5  	MOVFF       TABLAT, POSTINC1
;__Lib_System.c,26 :: 		
0x0130	0x0600      	DECF        R0, 1, 0
;__Lib_System.c,27 :: 		
0x0132	0xE1FB      	BNZ         _CC2DL_Loop1
;__Lib_System.c,28 :: 		
0x0134	0x0601      	DECF        R1, 1, 0
;__Lib_System.c,29 :: 		
0x0136	0xE1F9      	BNZ         _CC2DL_Loop1
;__Lib_System.c,31 :: 		
L_end___CC2DW:
0x0138	0x0012      	RETURN      0
; end of ___CC2DW
_Lcd_Init:
;__Lib_Lcd.c,84 :: 		
;__Lib_Lcd.c,86 :: 		
0x013A	0x9A93      	BCF         LCD_EN_Direction, BitPos(LCD_EN_Direction+0) 
;__Lib_Lcd.c,87 :: 		
0x013C	0x9893      	BCF         LCD_RS_Direction, BitPos(LCD_RS_Direction+0) 
;__Lib_Lcd.c,88 :: 		
0x013E	0x9093      	BCF         LCD_D4_Direction, BitPos(LCD_D4_Direction+0) 
;__Lib_Lcd.c,89 :: 		
0x0140	0x9293      	BCF         LCD_D5_Direction, BitPos(LCD_D5_Direction+0) 
;__Lib_Lcd.c,90 :: 		
0x0142	0x9493      	BCF         LCD_D6_Direction, BitPos(LCD_D6_Direction+0) 
;__Lib_Lcd.c,91 :: 		
0x0144	0x9693      	BCF         LCD_D7_Direction, BitPos(LCD_D7_Direction+0) 
;__Lib_Lcd.c,93 :: 		
0x0146	0x9A8A      	BCF         LCD_EN, BitPos(LCD_EN+0) 
;__Lib_Lcd.c,94 :: 		
0x0148	0x988A      	BCF         LCD_RS, BitPos(LCD_RS+0) 
;__Lib_Lcd.c,95 :: 		
0x014A	0x968A      	BCF         LCD_D7, BitPos(LCD_D7+0) 
;__Lib_Lcd.c,96 :: 		
0x014C	0x948A      	BCF         LCD_D6, BitPos(LCD_D6+0) 
;__Lib_Lcd.c,97 :: 		
0x014E	0x928A      	BCF         LCD_D5, BitPos(LCD_D5+0) 
;__Lib_Lcd.c,98 :: 		
0x0150	0x908A      	BCF         LCD_D4, BitPos(LCD_D4+0) 
;__Lib_Lcd.c,100 :: 		
0x0152	0xDF64      	RCALL       _Delay_5500us
;__Lib_Lcd.c,101 :: 		
0x0154	0xDF63      	RCALL       _Delay_5500us
;__Lib_Lcd.c,102 :: 		
0x0156	0xDF62      	RCALL       _Delay_5500us
;__Lib_Lcd.c,105 :: 		
0x0158	0x828A      	BSF         LCD_D5, BitPos(LCD_D5+0) 
;__Lib_Lcd.c,106 :: 		
0x015A	0x808A      	BSF         LCD_D4, BitPos(LCD_D4+0) 
;__Lib_Lcd.c,107 :: 		
0x015C	0x8A8A      	BSF         LCD_EN, BitPos(LCD_EN+0) 
;__Lib_Lcd.c,108 :: 		
0x015E	0xDF69      	RCALL       _Delay_1us
;__Lib_Lcd.c,109 :: 		
0x0160	0x9A8A      	BCF         LCD_EN, BitPos(LCD_EN+0) 
;__Lib_Lcd.c,110 :: 		
0x0162	0xDF5C      	RCALL       _Delay_5500us
;__Lib_Lcd.c,112 :: 		
0x0164	0x8A8A      	BSF         LCD_EN, BitPos(LCD_EN+0) 
;__Lib_Lcd.c,113 :: 		
0x0166	0xDF65      	RCALL       _Delay_1us
;__Lib_Lcd.c,114 :: 		
0x0168	0x9A8A      	BCF         LCD_EN, BitPos(LCD_EN+0) 
;__Lib_Lcd.c,115 :: 		
0x016A	0xDF58      	RCALL       _Delay_5500us
;__Lib_Lcd.c,117 :: 		
0x016C	0x8A8A      	BSF         LCD_EN, BitPos(LCD_EN+0) 
;__Lib_Lcd.c,118 :: 		
0x016E	0xDF61      	RCALL       _Delay_1us
;__Lib_Lcd.c,119 :: 		
0x0170	0x9A8A      	BCF         LCD_EN, BitPos(LCD_EN+0) 
;__Lib_Lcd.c,120 :: 		
0x0172	0xDF54      	RCALL       _Delay_5500us
;__Lib_Lcd.c,123 :: 		
0x0174	0x908A      	BCF         LCD_D4, BitPos(LCD_D4+0) 
;__Lib_Lcd.c,124 :: 		
0x0176	0x8A8A      	BSF         LCD_EN, BitPos(LCD_EN+0) 
;__Lib_Lcd.c,125 :: 		
0x0178	0xDF5C      	RCALL       _Delay_1us
;__Lib_Lcd.c,126 :: 		
0x017A	0x9A8A      	BCF         LCD_EN, BitPos(LCD_EN+0) 
;__Lib_Lcd.c,127 :: 		
0x017C	0xDF4F      	RCALL       _Delay_5500us
;__Lib_Lcd.c,130 :: 		
0x017E	0x8A8A      	BSF         LCD_EN, BitPos(LCD_EN+0) 
;__Lib_Lcd.c,131 :: 		
0x0180	0xDF58      	RCALL       _Delay_1us
;__Lib_Lcd.c,132 :: 		
0x0182	0x9A8A      	BCF         LCD_EN, BitPos(LCD_EN+0) 
;__Lib_Lcd.c,134 :: 		
0x0184	0x928A      	BCF         LCD_D5, BitPos(LCD_D5+0) 
;__Lib_Lcd.c,135 :: 		
0x0186	0x868A      	BSF         LCD_D7, BitPos(LCD_D7+0) 
;__Lib_Lcd.c,136 :: 		
0x0188	0x8A8A      	BSF         LCD_EN, BitPos(LCD_EN+0) 
;__Lib_Lcd.c,137 :: 		
0x018A	0xDF53      	RCALL       _Delay_1us
;__Lib_Lcd.c,138 :: 		
0x018C	0x9A8A      	BCF         LCD_EN, BitPos(LCD_EN+0) 
;__Lib_Lcd.c,139 :: 		
0x018E	0xDF46      	RCALL       _Delay_5500us
;__Lib_Lcd.c,142 :: 		
0x0190	0x968A      	BCF         LCD_D7, BitPos(LCD_D7+0) 
;__Lib_Lcd.c,143 :: 		
0x0192	0x808A      	BSF         LCD_D4, BitPos(LCD_D4+0) 
;__Lib_Lcd.c,144 :: 		
0x0194	0x8A8A      	BSF         LCD_EN, BitPos(LCD_EN+0) 
;__Lib_Lcd.c,145 :: 		
0x0196	0xDF4D      	RCALL       _Delay_1us
;__Lib_Lcd.c,146 :: 		
0x0198	0x9A8A      	BCF         LCD_EN, BitPos(LCD_EN+0) 
;__Lib_Lcd.c,148 :: 		
0x019A	0x908A      	BCF         LCD_D4, BitPos(LCD_D4+0) 
;__Lib_Lcd.c,149 :: 		
0x019C	0x8A8A      	BSF         LCD_EN, BitPos(LCD_EN+0) 
;__Lib_Lcd.c,150 :: 		
0x019E	0xDF49      	RCALL       _Delay_1us
;__Lib_Lcd.c,151 :: 		
0x01A0	0x9A8A      	BCF         LCD_EN, BitPos(LCD_EN+0) 
;__Lib_Lcd.c,152 :: 		
0x01A2	0xDF3C      	RCALL       _Delay_5500us
;__Lib_Lcd.c,155 :: 		
0x01A4	0x8A8A      	BSF         LCD_EN, BitPos(LCD_EN+0) 
;__Lib_Lcd.c,156 :: 		
0x01A6	0xDF45      	RCALL       _Delay_1us
;__Lib_Lcd.c,157 :: 		
0x01A8	0x9A8A      	BCF         LCD_EN, BitPos(LCD_EN+0) 
;__Lib_Lcd.c,159 :: 		
0x01AA	0x808A      	BSF         LCD_D4, BitPos(LCD_D4+0) 
;__Lib_Lcd.c,160 :: 		
0x01AC	0x8A8A      	BSF         LCD_EN, BitPos(LCD_EN+0) 
;__Lib_Lcd.c,161 :: 		
0x01AE	0xDF41      	RCALL       _Delay_1us
;__Lib_Lcd.c,162 :: 		
0x01B0	0x9A8A      	BCF         LCD_EN, BitPos(LCD_EN+0) 
;__Lib_Lcd.c,163 :: 		
0x01B2	0xDF34      	RCALL       _Delay_5500us
;__Lib_Lcd.c,166 :: 		
0x01B4	0x908A      	BCF         LCD_D4, BitPos(LCD_D4+0) 
;__Lib_Lcd.c,167 :: 		
0x01B6	0x8A8A      	BSF         LCD_EN, BitPos(LCD_EN+0) 
;__Lib_Lcd.c,168 :: 		
0x01B8	0xDF3C      	RCALL       _Delay_1us
;__Lib_Lcd.c,169 :: 		
0x01BA	0x9A8A      	BCF         LCD_EN, BitPos(LCD_EN+0) 
;__Lib_Lcd.c,171 :: 		
0x01BC	0x868A      	BSF         LCD_D7, BitPos(LCD_D7+0) 
;__Lib_Lcd.c,172 :: 		
0x01BE	0x848A      	BSF         LCD_D6, BitPos(LCD_D6+0) 
;__Lib_Lcd.c,173 :: 		
0x01C0	0x828A      	BSF         LCD_D5, BitPos(LCD_D5+0) 
;__Lib_Lcd.c,174 :: 		
0x01C2	0x808A      	BSF         LCD_D4, BitPos(LCD_D4+0) 
;__Lib_Lcd.c,175 :: 		
0x01C4	0x8A8A      	BSF         LCD_EN, BitPos(LCD_EN+0) 
;__Lib_Lcd.c,176 :: 		
0x01C6	0xDF35      	RCALL       _Delay_1us
;__Lib_Lcd.c,177 :: 		
0x01C8	0x9A8A      	BCF         LCD_EN, BitPos(LCD_EN+0) 
;__Lib_Lcd.c,179 :: 		
0x01CA	0xDF28      	RCALL       _Delay_5500us
;__Lib_Lcd.c,181 :: 		
0x01CC	0x8017      	BSF         __Lib_Lcd_cmd_status, BitPos(__Lib_Lcd_cmd_status+0) 
;__Lib_Lcd.c,182 :: 		
L_end_Lcd_Init:
0x01CE	0x0012      	RETURN      0
; end of _Lcd_Init
_SpecialChar:
;UNIDADE_02_DISPLAY_LCD_ANIMACAO_HORSE.c,102 :: 		void SpecialChar(char frame) {
;UNIDADE_02_DISPLAY_LCD_ANIMACAO_HORSE.c,105 :: 		switch(frame)
0x01D0	0xD09A      	BRA         L_SpecialChar0
;UNIDADE_02_DISPLAY_LCD_ANIMACAO_HORSE.c,107 :: 		case 1: {
L_SpecialChar2:
;UNIDADE_02_DISPLAY_LCD_ANIMACAO_HORSE.c,108 :: 		Lcd_Cmd(0X40);   //aponto para o endereço inicial da CGRAM
0x01D2	0x0E40      	MOVLW       64
0x01D4	0x6E21      	MOVWF       FARG_Lcd_Cmd_out_char 
0x01D6	0xDF35      	RCALL       _Lcd_Cmd
;UNIDADE_02_DISPLAY_LCD_ANIMACAO_HORSE.c,109 :: 		for (i = 0; i<64; i++){Lcd_Chr_CP(character1A[i]);}
0x01D8	0x6A1A      	CLRF        SpecialChar_i_L0 
L_SpecialChar3:
0x01DA	0x0E40      	MOVLW       64
0x01DC	0x5C1A      	SUBWF       SpecialChar_i_L0, 0 
0x01DE	0xE211      	BC          L_SpecialChar4
0x01E0	0x0EE8      	MOVLW       _character1A
0x01E2	0x241A      	ADDWF       SpecialChar_i_L0, 0 
0x01E4	0x6EF6      	MOVWF       4086 
0x01E6	0x0E04      	MOVLW       hi_addr(_character1A)
0x01E8	0x6EF7      	MOVWF       TBLPTRH 
0x01EA	0x0E00      	MOVLW       0
0x01EC	0x22F7      	ADDWFC      TBLPTRH, 1 
0x01EE	0x0E00      	MOVLW       higher_addr(_character1A)
0x01F0	0x6EF8      	MOVWF       TBLPTRU 
0x01F2	0x0E00      	MOVLW       0
0x01F4	0x22F8      	ADDWFC      TBLPTRU, 1 
0x01F6	0x0009      	TBLRD*+
0x01F8	0xF01ECFF5  	MOVFF       TABLAT, FARG_Lcd_Chr_CP_out_char
0x01FC	0xDF60      	RCALL       _Lcd_Chr_CP
0x01FE	0x2A1A      	INCF        SpecialChar_i_L0, 1 
0x0200	0xD7EC      	BRA         L_SpecialChar3
L_SpecialChar4:
;UNIDADE_02_DISPLAY_LCD_ANIMACAO_HORSE.c,110 :: 		for(i = 0; i < 8; i++)
0x0202	0x6A1A      	CLRF        SpecialChar_i_L0 
L_SpecialChar6:
0x0204	0x0E08      	MOVLW       8
0x0206	0x5C1A      	SUBWF       SpecialChar_i_L0, 0 
0x0208	0xE213      	BC          L_SpecialChar7
;UNIDADE_02_DISPLAY_LCD_ANIMACAO_HORSE.c,112 :: 		if(i < 4) Lcd_Chr_Cp(i);  //escrever na primeira linha
0x020A	0x0E04      	MOVLW       4
0x020C	0x5C1A      	SUBWF       SpecialChar_i_L0, 0 
0x020E	0xE204      	BC          L_SpecialChar9
0x0210	0xF01EC01A  	MOVFF       SpecialChar_i_L0, FARG_Lcd_Chr_CP_out_char
0x0214	0xDF54      	RCALL       _Lcd_Chr_CP
0x0216	0xD00A      	BRA         L_SpecialChar10
L_SpecialChar9:
;UNIDADE_02_DISPLAY_LCD_ANIMACAO_HORSE.c,113 :: 		else Lcd_Chr(2, (1 + i-4), i);
0x0218	0x0E02      	MOVLW       2
0x021A	0x6E1E      	MOVWF       FARG_Lcd_Chr_row 
0x021C	0x501A      	MOVF        SpecialChar_i_L0, 0 
0x021E	0x0F01      	ADDLW       1
0x0220	0x6E1F      	MOVWF       FARG_Lcd_Chr_column 
0x0222	0x0E04      	MOVLW       4
0x0224	0x5E1F      	SUBWF       FARG_Lcd_Chr_column, 1 
0x0226	0xF020C01A  	MOVFF       SpecialChar_i_L0, FARG_Lcd_Chr_out_char
0x022A	0xDF4F      	RCALL       _Lcd_Chr
L_SpecialChar10:
;UNIDADE_02_DISPLAY_LCD_ANIMACAO_HORSE.c,110 :: 		for(i = 0; i < 8; i++)
0x022C	0x2A1A      	INCF        SpecialChar_i_L0, 1 
;UNIDADE_02_DISPLAY_LCD_ANIMACAO_HORSE.c,114 :: 		}
0x022E	0xD7EA      	BRA         L_SpecialChar6
L_SpecialChar7:
;UNIDADE_02_DISPLAY_LCD_ANIMACAO_HORSE.c,115 :: 		break;
0x0230	0xD074      	BRA         L_SpecialChar1
;UNIDADE_02_DISPLAY_LCD_ANIMACAO_HORSE.c,118 :: 		case 2: {
L_SpecialChar11:
;UNIDADE_02_DISPLAY_LCD_ANIMACAO_HORSE.c,119 :: 		Lcd_Cmd(0X40);
0x0232	0x0E40      	MOVLW       64
0x0234	0x6E21      	MOVWF       FARG_Lcd_Cmd_out_char 
0x0236	0xDF05      	RCALL       _Lcd_Cmd
;UNIDADE_02_DISPLAY_LCD_ANIMACAO_HORSE.c,120 :: 		for (i = 0; i<64; i++){Lcd_Chr_CP(character2A[i]);}
0x0238	0x6A1A      	CLRF        SpecialChar_i_L0 
L_SpecialChar12:
0x023A	0x0E40      	MOVLW       64
0x023C	0x5C1A      	SUBWF       SpecialChar_i_L0, 0 
0x023E	0xE211      	BC          L_SpecialChar13
0x0240	0x0EA8      	MOVLW       _character2A
0x0242	0x241A      	ADDWF       SpecialChar_i_L0, 0 
0x0244	0x6EF6      	MOVWF       4086 
0x0246	0x0E04      	MOVLW       hi_addr(_character2A)
0x0248	0x6EF7      	MOVWF       TBLPTRH 
0x024A	0x0E00      	MOVLW       0
0x024C	0x22F7      	ADDWFC      TBLPTRH, 1 
0x024E	0x0E00      	MOVLW       higher_addr(_character2A)
0x0250	0x6EF8      	MOVWF       TBLPTRU 
0x0252	0x0E00      	MOVLW       0
0x0254	0x22F8      	ADDWFC      TBLPTRU, 1 
0x0256	0x0009      	TBLRD*+
0x0258	0xF01ECFF5  	MOVFF       TABLAT, FARG_Lcd_Chr_CP_out_char
0x025C	0xDF30      	RCALL       _Lcd_Chr_CP
0x025E	0x2A1A      	INCF        SpecialChar_i_L0, 1 
0x0260	0xD7EC      	BRA         L_SpecialChar12
L_SpecialChar13:
;UNIDADE_02_DISPLAY_LCD_ANIMACAO_HORSE.c,121 :: 		for(i = 0; i < 8; i++)
0x0262	0x6A1A      	CLRF        SpecialChar_i_L0 
L_SpecialChar15:
0x0264	0x0E08      	MOVLW       8
0x0266	0x5C1A      	SUBWF       SpecialChar_i_L0, 0 
0x0268	0xE218      	BC          L_SpecialChar16
;UNIDADE_02_DISPLAY_LCD_ANIMACAO_HORSE.c,123 :: 		if(i < 4) Lcd_Chr(1, 1 + i,i);
0x026A	0x0E04      	MOVLW       4
0x026C	0x5C1A      	SUBWF       SpecialChar_i_L0, 0 
0x026E	0xE209      	BC          L_SpecialChar18
0x0270	0x0E01      	MOVLW       1
0x0272	0x6E1E      	MOVWF       FARG_Lcd_Chr_row 
0x0274	0x501A      	MOVF        SpecialChar_i_L0, 0 
0x0276	0x0F01      	ADDLW       1
0x0278	0x6E1F      	MOVWF       FARG_Lcd_Chr_column 
0x027A	0xF020C01A  	MOVFF       SpecialChar_i_L0, FARG_Lcd_Chr_out_char
0x027E	0xDF25      	RCALL       _Lcd_Chr
0x0280	0xD00A      	BRA         L_SpecialChar19
L_SpecialChar18:
;UNIDADE_02_DISPLAY_LCD_ANIMACAO_HORSE.c,124 :: 		else Lcd_Chr(2, (1 + i-4), i);
0x0282	0x0E02      	MOVLW       2
0x0284	0x6E1E      	MOVWF       FARG_Lcd_Chr_row 
0x0286	0x501A      	MOVF        SpecialChar_i_L0, 0 
0x0288	0x0F01      	ADDLW       1
0x028A	0x6E1F      	MOVWF       FARG_Lcd_Chr_column 
0x028C	0x0E04      	MOVLW       4
0x028E	0x5E1F      	SUBWF       FARG_Lcd_Chr_column, 1 
0x0290	0xF020C01A  	MOVFF       SpecialChar_i_L0, FARG_Lcd_Chr_out_char
0x0294	0xDF1A      	RCALL       _Lcd_Chr
L_SpecialChar19:
;UNIDADE_02_DISPLAY_LCD_ANIMACAO_HORSE.c,121 :: 		for(i = 0; i < 8; i++)
0x0296	0x2A1A      	INCF        SpecialChar_i_L0, 1 
;UNIDADE_02_DISPLAY_LCD_ANIMACAO_HORSE.c,125 :: 		}
0x0298	0xD7E5      	BRA         L_SpecialChar15
L_SpecialChar16:
;UNIDADE_02_DISPLAY_LCD_ANIMACAO_HORSE.c,126 :: 		break;
0x029A	0xD03F      	BRA         L_SpecialChar1
;UNIDADE_02_DISPLAY_LCD_ANIMACAO_HORSE.c,129 :: 		case 3: {
L_SpecialChar20:
;UNIDADE_02_DISPLAY_LCD_ANIMACAO_HORSE.c,130 :: 		Lcd_Cmd(0X40);
0x029C	0x0E40      	MOVLW       64
0x029E	0x6E21      	MOVWF       FARG_Lcd_Cmd_out_char 
0x02A0	0xDED0      	RCALL       _Lcd_Cmd
;UNIDADE_02_DISPLAY_LCD_ANIMACAO_HORSE.c,131 :: 		for (i = 0; i<64; i++){Lcd_Chr_CP(character3A[i]);}
0x02A2	0x6A1A      	CLRF        SpecialChar_i_L0 
L_SpecialChar21:
0x02A4	0x0E40      	MOVLW       64
0x02A6	0x5C1A      	SUBWF       SpecialChar_i_L0, 0 
0x02A8	0xE211      	BC          L_SpecialChar22
0x02AA	0x0E68      	MOVLW       _character3A
0x02AC	0x241A      	ADDWF       SpecialChar_i_L0, 0 
0x02AE	0x6EF6      	MOVWF       4086 
0x02B0	0x0E04      	MOVLW       hi_addr(_character3A)
0x02B2	0x6EF7      	MOVWF       TBLPTRH 
0x02B4	0x0E00      	MOVLW       0
0x02B6	0x22F7      	ADDWFC      TBLPTRH, 1 
0x02B8	0x0E00      	MOVLW       higher_addr(_character3A)
0x02BA	0x6EF8      	MOVWF       TBLPTRU 
0x02BC	0x0E00      	MOVLW       0
0x02BE	0x22F8      	ADDWFC      TBLPTRU, 1 
0x02C0	0x0009      	TBLRD*+
0x02C2	0xF01ECFF5  	MOVFF       TABLAT, FARG_Lcd_Chr_CP_out_char
0x02C6	0xDEFB      	RCALL       _Lcd_Chr_CP
0x02C8	0x2A1A      	INCF        SpecialChar_i_L0, 1 
0x02CA	0xD7EC      	BRA         L_SpecialChar21
L_SpecialChar22:
;UNIDADE_02_DISPLAY_LCD_ANIMACAO_HORSE.c,132 :: 		for(i = 0; i < 8; i++)
0x02CC	0x6A1A      	CLRF        SpecialChar_i_L0 
L_SpecialChar24:
0x02CE	0x0E08      	MOVLW       8
0x02D0	0x5C1A      	SUBWF       SpecialChar_i_L0, 0 
0x02D2	0xE218      	BC          L_SpecialChar25
;UNIDADE_02_DISPLAY_LCD_ANIMACAO_HORSE.c,134 :: 		if(i < 4) Lcd_Chr(1, 1 + i,i);
0x02D4	0x0E04      	MOVLW       4
0x02D6	0x5C1A      	SUBWF       SpecialChar_i_L0, 0 
0x02D8	0xE209      	BC          L_SpecialChar27
0x02DA	0x0E01      	MOVLW       1
0x02DC	0x6E1E      	MOVWF       FARG_Lcd_Chr_row 
0x02DE	0x501A      	MOVF        SpecialChar_i_L0, 0 
0x02E0	0x0F01      	ADDLW       1
0x02E2	0x6E1F      	MOVWF       FARG_Lcd_Chr_column 
0x02E4	0xF020C01A  	MOVFF       SpecialChar_i_L0, FARG_Lcd_Chr_out_char
0x02E8	0xDEF0      	RCALL       _Lcd_Chr
0x02EA	0xD00A      	BRA         L_SpecialChar28
L_SpecialChar27:
;UNIDADE_02_DISPLAY_LCD_ANIMACAO_HORSE.c,135 :: 		else Lcd_Chr(2, (1 + i-4), i);
0x02EC	0x0E02      	MOVLW       2
0x02EE	0x6E1E      	MOVWF       FARG_Lcd_Chr_row 
0x02F0	0x501A      	MOVF        SpecialChar_i_L0, 0 
0x02F2	0x0F01      	ADDLW       1
0x02F4	0x6E1F      	MOVWF       FARG_Lcd_Chr_column 
0x02F6	0x0E04      	MOVLW       4
0x02F8	0x5E1F      	SUBWF       FARG_Lcd_Chr_column, 1 
0x02FA	0xF020C01A  	MOVFF       SpecialChar_i_L0, FARG_Lcd_Chr_out_char
0x02FE	0xDEE5      	RCALL       _Lcd_Chr
L_SpecialChar28:
;UNIDADE_02_DISPLAY_LCD_ANIMACAO_HORSE.c,132 :: 		for(i = 0; i < 8; i++)
0x0300	0x2A1A      	INCF        SpecialChar_i_L0, 1 
;UNIDADE_02_DISPLAY_LCD_ANIMACAO_HORSE.c,136 :: 		}
0x0302	0xD7E5      	BRA         L_SpecialChar24
L_SpecialChar25:
;UNIDADE_02_DISPLAY_LCD_ANIMACAO_HORSE.c,137 :: 		break;
0x0304	0xD00A      	BRA         L_SpecialChar1
;UNIDADE_02_DISPLAY_LCD_ANIMACAO_HORSE.c,140 :: 		}
L_SpecialChar0:
0x0306	0x5019      	MOVF        FARG_SpecialChar_frame, 0 
0x0308	0x0A01      	XORLW       1
0x030A	0xB4D8      	BTFSC       STATUS, 2 
0x030C	0xD762      	BRA         L_SpecialChar2
0x030E	0x5019      	MOVF        FARG_SpecialChar_frame, 0 
0x0310	0x0A02      	XORLW       2
0x0312	0xE08F      	BZ          L_SpecialChar11
0x0314	0x5019      	MOVF        FARG_SpecialChar_frame, 0 
0x0316	0x0A03      	XORLW       3
0x0318	0xE0C1      	BZ          L_SpecialChar20
L_SpecialChar1:
;UNIDADE_02_DISPLAY_LCD_ANIMACAO_HORSE.c,141 :: 		}
L_end_SpecialChar:
0x031A	0x0012      	RETURN      0
; end of _SpecialChar
_Lcd_Out:
;__Lib_Lcd.c,184 :: 		
;__Lib_Lcd.c,187 :: 		
0x031C	0xD00F      	BRA         L_Lcd_Out11
;__Lib_Lcd.c,188 :: 		
L_Lcd_Out13:
0x031E	0x0E80      	MOVLW       128
0x0320	0x6E19      	MOVWF       FARG_Lcd_Out_row 
0x0322	0xD019      	BRA         L_Lcd_Out12
;__Lib_Lcd.c,189 :: 		
L_Lcd_Out14:
0x0324	0x0EC0      	MOVLW       192
0x0326	0x6E19      	MOVWF       FARG_Lcd_Out_row 
0x0328	0xD016      	BRA         L_Lcd_Out12
;__Lib_Lcd.c,190 :: 		
L_Lcd_Out15:
0x032A	0x0E94      	MOVLW       148
0x032C	0x6E19      	MOVWF       FARG_Lcd_Out_row 
0x032E	0xD013      	BRA         L_Lcd_Out12
;__Lib_Lcd.c,191 :: 		
L_Lcd_Out16:
0x0330	0x0ED4      	MOVLW       212
0x0332	0x6E19      	MOVWF       FARG_Lcd_Out_row 
0x0334	0xD010      	BRA         L_Lcd_Out12
;__Lib_Lcd.c,192 :: 		
L_Lcd_Out17:
0x0336	0x0E80      	MOVLW       128
0x0338	0x6E19      	MOVWF       FARG_Lcd_Out_row 
;__Lib_Lcd.c,193 :: 		
0x033A	0xD00D      	BRA         L_Lcd_Out12
L_Lcd_Out11:
0x033C	0x5019      	MOVF        FARG_Lcd_Out_row, 0 
0x033E	0x0A01      	XORLW       1
0x0340	0xE0EE      	BZ          L_Lcd_Out13
0x0342	0x5019      	MOVF        FARG_Lcd_Out_row, 0 
0x0344	0x0A02      	XORLW       2
0x0346	0xE0EE      	BZ          L_Lcd_Out14
0x0348	0x5019      	MOVF        FARG_Lcd_Out_row, 0 
0x034A	0x0A03      	XORLW       3
0x034C	0xE0EE      	BZ          L_Lcd_Out15
0x034E	0x5019      	MOVF        FARG_Lcd_Out_row, 0 
0x0350	0x0A04      	XORLW       4
0x0352	0xE0EE      	BZ          L_Lcd_Out16
0x0354	0xD7F0      	BRA         L_Lcd_Out17
L_Lcd_Out12:
;__Lib_Lcd.c,194 :: 		
0x0356	0x041A      	DECF        FARG_Lcd_Out_column, 0 
0x0358	0x6E00      	MOVWF       R0 
0x035A	0x5019      	MOVF        FARG_Lcd_Out_row, 0 
0x035C	0x2600      	ADDWF       R0, 1 
0x035E	0xF019C000  	MOVFF       R0, FARG_Lcd_Out_row
;__Lib_Lcd.c,196 :: 		
0x0362	0xF021C000  	MOVFF       R0, FARG_Lcd_Cmd_out_char
0x0366	0xDE6D      	RCALL       _Lcd_Cmd
;__Lib_Lcd.c,197 :: 		
0x0368	0x9017      	BCF         __Lib_Lcd_cmd_status, BitPos(__Lib_Lcd_cmd_status+0) 
;__Lib_Lcd.c,198 :: 		
0x036A	0x6A1D      	CLRF        Lcd_Out_i_L0 
;__Lib_Lcd.c,199 :: 		
L_Lcd_Out18:
0x036C	0x501D      	MOVF        Lcd_Out_i_L0, 0 
0x036E	0x241B      	ADDWF       FARG_Lcd_Out_text, 0 
0x0370	0x6EE9      	MOVWF       FSR0L 
0x0372	0x0E00      	MOVLW       0
0x0374	0x201C      	ADDWFC      FARG_Lcd_Out_text+1, 0 
0x0376	0x6EEA      	MOVWF       FSR0H 
0x0378	0x52EE      	MOVF        POSTINC0, 1 
0x037A	0xE00B      	BZ          L_Lcd_Out19
;__Lib_Lcd.c,200 :: 		
0x037C	0x501D      	MOVF        Lcd_Out_i_L0, 0 
0x037E	0x241B      	ADDWF       FARG_Lcd_Out_text, 0 
0x0380	0x6EE9      	MOVWF       FSR0L 
0x0382	0x0E00      	MOVLW       0
0x0384	0x201C      	ADDWFC      FARG_Lcd_Out_text+1, 0 
0x0386	0x6EEA      	MOVWF       FSR0H 
0x0388	0xF01ECFEE  	MOVFF       POSTINC0, FARG_Lcd_Chr_CP_out_char
0x038C	0xDE98      	RCALL       _Lcd_Chr_CP
0x038E	0x2A1D      	INCF        Lcd_Out_i_L0, 1 
0x0390	0xD7ED      	BRA         L_Lcd_Out18
L_Lcd_Out19:
;__Lib_Lcd.c,201 :: 		
0x0392	0x8017      	BSF         __Lib_Lcd_cmd_status, BitPos(__Lib_Lcd_cmd_status+0) 
;__Lib_Lcd.c,202 :: 		
L_end_Lcd_Out:
0x0394	0x0012      	RETURN      0
; end of _Lcd_Out
_main:
0x0396	0x6A15      	CLRF        ?lstr2_UNIDADE_02_DISPLAY_LCD_ANIMACAO_HORSE 
0x0398	0x6A16      	CLRF        ?lstr1_UNIDADE_02_DISPLAY_LCD_ANIMACAO_HORSE 
;UNIDADE_02_DISPLAY_LCD_ANIMACAO_HORSE.c,153 :: 		void main(){
;UNIDADE_02_DISPLAY_LCD_ANIMACAO_HORSE.c,155 :: 		ConfigMCU();                       //Inicializa MCU
0x039A	0xDEC4      	RCALL       _ConfigMCU
;UNIDADE_02_DISPLAY_LCD_ANIMACAO_HORSE.c,157 :: 		Lcd_Init();                        //Inicializa display no modo 4 bits
0x039C	0xDECE      	RCALL       _Lcd_Init
;UNIDADE_02_DISPLAY_LCD_ANIMACAO_HORSE.c,158 :: 		Lcd_Cmd(_LCD_CLEAR);               //Apaga display
0x039E	0x0E01      	MOVLW       1
0x03A0	0x6E21      	MOVWF       FARG_Lcd_Cmd_out_char 
0x03A2	0xDE4F      	RCALL       _Lcd_Cmd
;UNIDADE_02_DISPLAY_LCD_ANIMACAO_HORSE.c,159 :: 		Lcd_Cmd(_LCD_CURSOR_OFF);          //Desliga cursor
0x03A4	0x0E0C      	MOVLW       12
0x03A6	0x6E21      	MOVWF       FARG_Lcd_Cmd_out_char 
0x03A8	0xDE4C      	RCALL       _Lcd_Cmd
;UNIDADE_02_DISPLAY_LCD_ANIMACAO_HORSE.c,160 :: 		Lcd_Out(1,1,"");                   //Linha x Coluna
0x03AA	0x0E01      	MOVLW       1
0x03AC	0x6E19      	MOVWF       FARG_Lcd_Out_row 
0x03AE	0x0E01      	MOVLW       1
0x03B0	0x6E1A      	MOVWF       FARG_Lcd_Out_column 
0x03B2	0x0E16      	MOVLW       ?lstr1_UNIDADE_02_DISPLAY_LCD_ANIMACAO_HORSE
0x03B4	0x6E1B      	MOVWF       FARG_Lcd_Out_text 
0x03B6	0x0E00      	MOVLW       hi_addr(?lstr1_UNIDADE_02_DISPLAY_LCD_ANIMACAO_HORSE)
0x03B8	0x6E1C      	MOVWF       FARG_Lcd_Out_text+1 
0x03BA	0xDFB0      	RCALL       _Lcd_Out
;UNIDADE_02_DISPLAY_LCD_ANIMACAO_HORSE.c,161 :: 		Lcd_Out(2,1,"");
0x03BC	0x0E02      	MOVLW       2
0x03BE	0x6E19      	MOVWF       FARG_Lcd_Out_row 
0x03C0	0x0E01      	MOVLW       1
0x03C2	0x6E1A      	MOVWF       FARG_Lcd_Out_column 
0x03C4	0x0E15      	MOVLW       ?lstr2_UNIDADE_02_DISPLAY_LCD_ANIMACAO_HORSE
0x03C6	0x6E1B      	MOVWF       FARG_Lcd_Out_text 
0x03C8	0x0E00      	MOVLW       hi_addr(?lstr2_UNIDADE_02_DISPLAY_LCD_ANIMACAO_HORSE)
0x03CA	0x6E1C      	MOVWF       FARG_Lcd_Out_text+1 
0x03CC	0xDFA7      	RCALL       _Lcd_Out
;UNIDADE_02_DISPLAY_LCD_ANIMACAO_HORSE.c,164 :: 		while(TRUE)
L_main29:
;UNIDADE_02_DISPLAY_LCD_ANIMACAO_HORSE.c,167 :: 		for(ucX = 0; ucX < 9; ucX++)
0x03CE	0x6A18      	CLRF        main_ucX_L0 
L_main31:
0x03D0	0x0E09      	MOVLW       9
0x03D2	0x5C18      	SUBWF       main_ucX_L0, 0 
0x03D4	0xE23E      	BC          L_main32
;UNIDADE_02_DISPLAY_LCD_ANIMACAO_HORSE.c,169 :: 		SpecialChar(FRAME1);
0x03D6	0x0E01      	MOVLW       1
0x03D8	0x6E19      	MOVWF       FARG_SpecialChar_frame 
0x03DA	0xDEFA      	RCALL       _SpecialChar
;UNIDADE_02_DISPLAY_LCD_ANIMACAO_HORSE.c,170 :: 		LCD_Cmd(_LCD_SHIFT_RIGHT);
0x03DC	0x0E1C      	MOVLW       28
0x03DE	0x6E21      	MOVWF       FARG_Lcd_Cmd_out_char 
0x03E0	0xDE30      	RCALL       _Lcd_Cmd
;UNIDADE_02_DISPLAY_LCD_ANIMACAO_HORSE.c,171 :: 		Delay_ms(300);
0x03E2	0x0E04      	MOVLW       4
0x03E4	0x6E0B      	MOVWF       R11, 0
0x03E6	0x0E0C      	MOVLW       12
0x03E8	0x6E0C      	MOVWF       R12, 0
0x03EA	0x0E33      	MOVLW       51
0x03EC	0x6E0D      	MOVWF       R13, 0
L_main34:
0x03EE	0x2E0D      	DECFSZ      R13, 1, 0
0x03F0	0xD7FE      	BRA         L_main34
0x03F2	0x2E0C      	DECFSZ      R12, 1, 0
0x03F4	0xD7FC      	BRA         L_main34
0x03F6	0x2E0B      	DECFSZ      R11, 1, 0
0x03F8	0xD7FA      	BRA         L_main34
0x03FA	0x0000      	NOP
0x03FC	0x0000      	NOP
;UNIDADE_02_DISPLAY_LCD_ANIMACAO_HORSE.c,173 :: 		SpecialChar(FRAME2);
0x03FE	0x0E02      	MOVLW       2
0x0400	0x6E19      	MOVWF       FARG_SpecialChar_frame 
0x0402	0xDEE6      	RCALL       _SpecialChar
;UNIDADE_02_DISPLAY_LCD_ANIMACAO_HORSE.c,174 :: 		LCD_Cmd(_LCD_SHIFT_RIGHT);
0x0404	0x0E1C      	MOVLW       28
0x0406	0x6E21      	MOVWF       FARG_Lcd_Cmd_out_char 
0x0408	0xDE1C      	RCALL       _Lcd_Cmd
;UNIDADE_02_DISPLAY_LCD_ANIMACAO_HORSE.c,175 :: 		Delay_ms(300);
0x040A	0x0E04      	MOVLW       4
0x040C	0x6E0B      	MOVWF       R11, 0
0x040E	0x0E0C      	MOVLW       12
0x0410	0x6E0C      	MOVWF       R12, 0
0x0412	0x0E33      	MOVLW       51
0x0414	0x6E0D      	MOVWF       R13, 0
L_main35:
0x0416	0x2E0D      	DECFSZ      R13, 1, 0
0x0418	0xD7FE      	BRA         L_main35
0x041A	0x2E0C      	DECFSZ      R12, 1, 0
0x041C	0xD7FC      	BRA         L_main35
0x041E	0x2E0B      	DECFSZ      R11, 1, 0
0x0420	0xD7FA      	BRA         L_main35
0x0422	0x0000      	NOP
0x0424	0x0000      	NOP
;UNIDADE_02_DISPLAY_LCD_ANIMACAO_HORSE.c,177 :: 		SpecialChar(FRAME3);
0x0426	0x0E03      	MOVLW       3
0x0428	0x6E19      	MOVWF       FARG_SpecialChar_frame 
0x042A	0xDED2      	RCALL       _SpecialChar
;UNIDADE_02_DISPLAY_LCD_ANIMACAO_HORSE.c,178 :: 		LCD_Cmd(_LCD_SHIFT_RIGHT);
0x042C	0x0E1C      	MOVLW       28
0x042E	0x6E21      	MOVWF       FARG_Lcd_Cmd_out_char 
0x0430	0xDE08      	RCALL       _Lcd_Cmd
;UNIDADE_02_DISPLAY_LCD_ANIMACAO_HORSE.c,179 :: 		Delay_ms(300);
0x0432	0x0E04      	MOVLW       4
0x0434	0x6E0B      	MOVWF       R11, 0
0x0436	0x0E0C      	MOVLW       12
0x0438	0x6E0C      	MOVWF       R12, 0
0x043A	0x0E33      	MOVLW       51
0x043C	0x6E0D      	MOVWF       R13, 0
L_main36:
0x043E	0x2E0D      	DECFSZ      R13, 1, 0
0x0440	0xD7FE      	BRA         L_main36
0x0442	0x2E0C      	DECFSZ      R12, 1, 0
0x0444	0xD7FC      	BRA         L_main36
0x0446	0x2E0B      	DECFSZ      R11, 1, 0
0x0448	0xD7FA      	BRA         L_main36
0x044A	0x0000      	NOP
0x044C	0x0000      	NOP
;UNIDADE_02_DISPLAY_LCD_ANIMACAO_HORSE.c,167 :: 		for(ucX = 0; ucX < 9; ucX++)
0x044E	0x2A18      	INCF        main_ucX_L0, 1 
;UNIDADE_02_DISPLAY_LCD_ANIMACAO_HORSE.c,180 :: 		}
0x0450	0xD7BF      	BRA         L_main31
L_main32:
;UNIDADE_02_DISPLAY_LCD_ANIMACAO_HORSE.c,182 :: 		for(ucX = 0; ucX < 13; ucX++)LCD_Cmd(_LCD_SHIFT_RIGHT);
0x0452	0x6A18      	CLRF        main_ucX_L0 
L_main37:
0x0454	0x0E0D      	MOVLW       13
0x0456	0x5C18      	SUBWF       main_ucX_L0, 0 
0x0458	0xE205      	BC          L_main38
0x045A	0x0E1C      	MOVLW       28
0x045C	0x6E21      	MOVWF       FARG_Lcd_Cmd_out_char 
0x045E	0xDDF1      	RCALL       _Lcd_Cmd
0x0460	0x2A18      	INCF        main_ucX_L0, 1 
0x0462	0xD7F8      	BRA         L_main37
L_main38:
;UNIDADE_02_DISPLAY_LCD_ANIMACAO_HORSE.c,183 :: 		}
0x0464	0xD7B4      	BRA         L_main29
;UNIDADE_02_DISPLAY_LCD_ANIMACAO_HORSE.c,184 :: 		}
L_end_main:
0x0466	0xD7FF      	BRA         $+0
; end of _main
;UNIDADE_02_DISPLAY_LCD_ANIMACAO_HORSE.c,92 :: _character3A
0x0468	0x0000 ;_character3A+0
0x046A	0x0700 ;_character3A+2
0x046C	0x1E0F ;_character3A+4
0x046E	0x181C ;_character3A+6
0x0470	0x2020 ;_character3A+8
0x0472	0x0F20 ;_character3A+10
0x0474	0x1F1F ;_character3A+12
0x0476	0x1F1F ;_character3A+14
0x0478	0x2020 ;_character3A+16
0x047A	0x0320 ;_character3A+18
0x047C	0x1F1F ;_character3A+20
0x047E	0x1F1F ;_character3A+22
0x0480	0x1F01 ;_character3A+24
0x0482	0x1F1F ;_character3A+26
0x0484	0x1B1B ;_character3A+28
0x0486	0x1010 ;_character3A+30
0x0488	0x1313 ;_character3A+32
0x048A	0x0202 ;_character3A+34
0x048C	0x2004 ;_character3A+36
0x048E	0x2020 ;_character3A+38
0x0490	0x071F ;_character3A+40
0x0492	0x060E ;_character3A+42
0x0494	0x2001 ;_character3A+44
0x0496	0x2020 ;_character3A+46
0x0498	0x070F ;_character3A+48
0x049A	0x0F13 ;_character3A+50
0x049C	0x1020 ;_character3A+52
0x049E	0x2020 ;_character3A+54
0x04A0	0x1810 ;_character3A+56
0x04A2	0x040C ;_character3A+58
0x04A4	0x0102 ;_character3A+60
0x04A6	0x2020 ;_character3A+62
; end of _character3A
;UNIDADE_02_DISPLAY_LCD_ANIMACAO_HORSE.c,83 :: _character2A
0x04A8	0x0000 ;_character2A+0
0x04AA	0x0000 ;_character2A+2
0x04AC	0x0700 ;_character2A+4
0x04AE	0x1E0F ;_character2A+6
0x04B0	0x2020 ;_character2A+8
0x04B2	0x2020 ;_character2A+10
0x04B4	0x1F0E ;_character2A+12
0x04B6	0x1F1F ;_character2A+14
0x04B8	0x2020 ;_character2A+16
0x04BA	0x2020 ;_character2A+18
0x04BC	0x1F07 ;_character2A+20
0x04BE	0x1F1F ;_character2A+22
0x04C0	0x0220 ;_character2A+24
0x04C2	0x1F1F ;_character2A+26
0x04C4	0x1B1F ;_character2A+28
0x04C6	0x1013 ;_character2A+30
0x04C8	0x2010 ;_character2A+32
0x04CA	0x0120 ;_character2A+34
0x04CC	0x0101 ;_character2A+36
0x04CE	0x2020 ;_character2A+38
0x04D0	0x1F1F ;_character2A+40
0x04D2	0x121B ;_character2A+42
0x04D4	0x0101 ;_character2A+44
0x04D6	0x2011 ;_character2A+46
0x04D8	0x1F1F ;_character2A+48
0x04DA	0x0101 ;_character2A+50
0x04DC	0x0101 ;_character2A+52
0x04DE	0x2020 ;_character2A+54
0x04E0	0x1C18 ;_character2A+56
0x04E2	0x0804 ;_character2A+58
0x04E4	0x2010 ;_character2A+60
0x04E6	0x2010 ;_character2A+62
; end of _character2A
;UNIDADE_02_DISPLAY_LCD_ANIMACAO_HORSE.c,74 :: _character1A
0x04E8	0x0000 ;_character1A+0
0x04EA	0x0000 ;_character1A+2
0x04EC	0x0703 ;_character1A+4
0x04EE	0x0E0E ;_character1A+6
0x04F0	0x2020 ;_character1A+8
0x04F2	0x2020 ;_character1A+10
0x04F4	0x1F0F ;_character1A+12
0x04F6	0x1F1F ;_character1A+14
0x04F8	0x2020 ;_character1A+16
0x04FA	0x2020 ;_character1A+18
0x04FC	0x1F03 ;_character1A+20
0x04FE	0x1F1F ;_character1A+22
0x0500	0x0120 ;_character1A+24
0x0502	0x1F1F ;_character1A+26
0x0504	0x1B1F ;_character1A+28
0x0506	0x1013 ;_character1A+30
0x0508	0x180C ;_character1A+32
0x050A	0x0110 ;_character1A+34
0x050C	0x0101 ;_character1A+36
0x050E	0x2020 ;_character1A+38
0x0510	0x1F1F ;_character1A+40
0x0512	0x171E ;_character1A+42
0x0514	0x2020 ;_character1A+44
0x0516	0x2010 ;_character1A+46
0x0518	0x1F1F ;_character1A+48
0x051A	0x0203 ;_character1A+50
0x051C	0x0212 ;_character1A+52
0x051E	0x2001 ;_character1A+54
0x0520	0x1C1C ;_character1A+56
0x0522	0x0404 ;_character1A+58
0x0524	0x2008 ;_character1A+60
0x0526	0x2020 ;_character1A+62
; end of _character1A
Symbol List:
//** Routines locations **
//ADDRESS    SIZE    PROCEDURE
//----------------------------------------------
0x001C      [22]    _Delay_5500us
0x0032       [6]    _Delay_1us
0x0038      [10]    _Delay_50us
0x0042     [124]    _Lcd_Cmd
0x00BE      [12]    _Lcd_Chr_CP
0x00CA      [90]    _Lcd_Chr
0x0124       [6]    _ConfigMCU
0x012A      [16]    ___CC2DW
0x013A     [150]    _Lcd_Init
0x01D0     [332]    _SpecialChar
0x031C     [122]    _Lcd_Out
0x0396     [210]    _main
//** Variables locations ** 
//ADDRESS    SIZE    VARIABLE
//----------------------------------------------
0x0000       [1]    R0
0x0001       [1]    R1
0x0002       [1]    R2
0x0003       [1]    R3
0x0004       [1]    R4
0x0005       [1]    R5
0x0006       [1]    R6
0x0007       [1]    R7
0x0008       [1]    R8
0x0009       [1]    R9
0x000A       [1]    R10
0x000B       [1]    R11
0x000C       [1]    R12
0x000D       [1]    R13
0x000E       [1]    R14
0x000F       [1]    R15
0x0010       [1]    R16
0x0011       [1]    R17
0x0012       [1]    R18
0x0013       [1]    R19
0x0014       [1]    R20
0x0015       [1]    ?lstr2_UNIDADE_02_DISPLAY_LCD_ANIMACAO_HORSE
0x0016       [1]    ?lstr1_UNIDADE_02_DISPLAY_LCD_ANIMACAO_HORSE
0x0017       [0]    __Lib_Lcd_cmd_status
0x0018       [1]    main_ucX_L0
0x0019       [1]    FARG_Lcd_Out_row
0x0019       [1]    FARG_SpecialChar_frame
0x001A       [1]    SpecialChar_i_L0
0x001A       [1]    FARG_Lcd_Out_column
0x001B       [2]    FARG_Lcd_Out_text
0x001D       [1]    Lcd_Out_i_L0
0x001E       [1]    FARG_Lcd_Chr_CP_out_char
0x001E       [1]    FARG_Lcd_Chr_row
0x001F       [1]    FARG_Lcd_Chr_column
0x0020       [1]    FARG_Lcd_Chr_out_char
0x0021       [1]    FARG_Lcd_Cmd_out_char
0x0F39       [1]    ANSELB
0x0F8A       [0]    LATB1_bit
0x0F8A       [0]    LCD_RS
0x0F8A       [0]    LATB0_bit
0x0F8A       [0]    LCD_D5
0x0F8A       [0]    LCD_EN
0x0F8A       [0]    LCD_D6
0x0F8A       [0]    LCD_D7
0x0F8A       [0]    LATB5_bit
0x0F8A       [0]    LCD_D4
0x0F8A       [0]    LATB2_bit
0x0F8A       [0]    LATB3_bit
0x0F8A       [0]    LATB4_bit
0x0F93       [0]    LCD_D6_Direction
0x0F93       [0]    TRISB3_bit
0x0F93       [0]    LCD_D7_Direction
0x0F93       [0]    TRISB4_bit
0x0F93       [0]    TRISB1_bit
0x0F93       [0]    LCD_RS_Direction
0x0F93       [0]    TRISB0_bit
0x0F93       [0]    LCD_EN_Direction
0x0F93       [0]    TRISB2_bit
0x0F93       [0]    LCD_D5_Direction
0x0F93       [0]    LCD_D4_Direction
0x0F93       [0]    TRISB5_bit
0x0FD8       [1]    STATUS
0x0FD9       [1]    FSR2L
0x0FDA       [1]    FSR2H
0x0FDE       [1]    POSTINC2
0x0FE0       [1]    BSR
0x0FE1       [1]    FSR1L
0x0FE2       [1]    FSR1H
0x0FE4       [1]    PREINC1
0x0FE6       [1]    POSTINC1
0x0FE7       [1]    INDF1
0x0FE8       [1]    WREG
0x0FE9       [1]    FSR0L
0x0FEA       [1]    FSR0H
0x0FEE       [1]    POSTINC0
0x0FF3       [1]    PRODL
0x0FF4       [1]    PRODH
0x0FF5       [1]    TABLAT
0x0FF6       [1]    TBLPTRL
0x0FF7       [1]    TBLPTRH
0x0FF8       [1]    TBLPTRU
//** Constants locations ** 
//ADDRESS    SIZE    CONSTANT
//----------------------------------------------
0x0468      [64]    _character3A
0x04A8      [64]    _character2A
0x04E8      [64]    _character1A
//** Label List: ** 
//----------------------------------------------
  L_SpecialChar0
  L_SpecialChar1
  L_SpecialChar2
  L_SpecialChar3
  L_SpecialChar4
  L_SpecialChar5
  L_SpecialChar6
  L_SpecialChar7
  L_SpecialChar8
  L_SpecialChar9
  L_SpecialChar10
  L_SpecialChar11
  L_SpecialChar12
  L_SpecialChar13
  L_SpecialChar14
  L_SpecialChar15
  L_SpecialChar16
  L_SpecialChar17
  L_SpecialChar18
  L_SpecialChar19
  L_SpecialChar20
  L_SpecialChar21
  L_SpecialChar22
  L_SpecialChar23
  L_SpecialChar24
  L_SpecialChar25
  L_SpecialChar26
  L_SpecialChar27
  L_SpecialChar28
  L_main29
  L_main30
  L_main31
  L_main32
  L_main33
  L_main34
  L_main35
  L_main36
  L_main37
  L_main38
  L_main39
  L_end_SpecialChar
  _SpecialChar
  L_end_ConfigMCU
  _ConfigMCU
  L_end_main
  _main
  L_Delay_10us0
  L_Delay_22us1
  L_Delay_50us2
  L_Delay_80us3
  L_Delay_500us4
  L_Delay_5500us5
  L_Delay_1ms6
  L_Delay_5ms7
  L_Delay_8ms8
  L_Delay_100ms9
  L_Delay_10ms10
  L_Delay_1sec11
  L____Boot_Delay4k12
  L____Boot_Delay8k13
  L____Boot_Delay12k14
  L____Boot_Delay16k15
  L____Boot_Delay24k16
  L____Boot_Delay32k17
  L____Boot_Delay48k18
  L____Boot_Delay64k19
  L____Boot_Delay128k20
  L_Delay_Cyc21
  L_Delay_Cyc22
  L_VDelay_ms23
  L_VDelay_ms24
  L_VDelay_ms25
  L_VDelay_Advanced_ms26
  L_VDelay_Advanced_ms27
  L_VDelay_Advanced_ms28
  L_end_Get_Fosc_kHz
  _Get_Fosc_kHz
  L_end_Delay_1us
  _Delay_1us
  L_end_Delay_10us
  _Delay_10us
  L_end_Delay_22us
  _Delay_22us
  L_end_Delay_50us
  _Delay_50us
  L_end_Delay_80us
  _Delay_80us
  L_end_Delay_500us
  _Delay_500us
  L_end_Delay_5500us
  _Delay_5500us
  L_end_Delay_1ms
  _Delay_1ms
  L_end_Delay_5ms
  _Delay_5ms
  L_end_Delay_8ms
  _Delay_8ms
  L_end_Delay_100ms
  _Delay_100ms
  L_end_Delay_10ms
  _Delay_10ms
  L_end_Delay_1sec
  _Delay_1sec
  L_end____Boot_Delay4k
  ____Boot_Delay4k
  L_end____Boot_Delay8k
  ____Boot_Delay8k
  L_end____Boot_Delay12k
  ____Boot_Delay12k
  L_end____Boot_Delay16k
  ____Boot_Delay16k
  L_end____Boot_Delay24k
  ____Boot_Delay24k
  L_end____Boot_Delay32k
  ____Boot_Delay32k
  L_end____Boot_Delay48k
  ____Boot_Delay48k
  L_end____Boot_Delay64k
  ____Boot_Delay64k
  L_end____Boot_Delay128k
  ____Boot_Delay128k
  L_end_Delay_Cyc
  _Delay_Cyc
  L_end_VDelay_ms
  _VDelay_ms
  L__VDelay_ms54
  L__VDelay_ms55
  L__VDelay_ms56
  L_end_VDelay_Advanced_ms
  _VDelay_Advanced_ms
  L__VDelay_Advanced_ms58
  L__VDelay_Advanced_ms59
  L__VDelay_Advanced_ms60
  L_Lcd_Cmd0
  L_Lcd_Cmd1
  L_Lcd_Out_CP2
  L_Lcd_Out_CP3
  L_Lcd_Chr4
  L_Lcd_Chr5
  L_Lcd_Chr6
  L_Lcd_Chr7
  L_Lcd_Chr8
  L_Lcd_Chr9
  L_Lcd_Chr10
  L_Lcd_Out11
  L_Lcd_Out12
  L_Lcd_Out13
  L_Lcd_Out14
  L_Lcd_Out15
  L_Lcd_Out16
  L_Lcd_Out17
  L_Lcd_Out18
  L_Lcd_Out19
  L_end_Lcd_Cmd
  _Lcd_Cmd
  L__Lcd_Cmd21
  L__Lcd_Cmd22
  L__Lcd_Cmd23
  L__Lcd_Cmd24
  L__Lcd_Cmd25
  L__Lcd_Cmd26
  L__Lcd_Cmd27
  L__Lcd_Cmd28
  L__Lcd_Cmd29
  L__Lcd_Cmd30
  L__Lcd_Cmd31
  L__Lcd_Cmd32
  L__Lcd_Cmd33
  L__Lcd_Cmd34
  L__Lcd_Cmd35
  L__Lcd_Cmd36
  L__Lcd_Cmd37
  L__Lcd_Cmd38
  L__Lcd_Cmd39
  L__Lcd_Cmd40
  L_end_Lcd_Chr_CP
  _Lcd_Chr_CP
  L_end_Lcd_Out_CP
  _Lcd_Out_CP
  L_end_Lcd_Chr
  _Lcd_Chr
  L_end_Lcd_Init
  _Lcd_Init
  L_end_Lcd_Out
  _Lcd_Out
  _CC2D_Loop1
  _CC2DL_Loop1
  L_loopCA2AWs
  L_loopCCA2AWs
  L_loopCS2Ss
  L_CS2Send
  L_loopCCS2Ss
  L_CCS2Send
  L_loopFZinSWs
  L_longjmp7
  L_end___CC2D
  ___CC2D
  L_end___CC2DW
  ___CC2DW
  L_end___CA2AW
  ___CA2AW
  L_end___CCA2AW
  ___CCA2AW
  L_end___CS2S
  ___CS2S
  L_end___CCS2S
  ___CCS2S
  L_end___FZinS
  ___FZinS
  L_end_____DoIFC
  _____DoIFC
  L_end_Swap
  _Swap
  L_end_setjmp
  _setjmp
  L_end_longjmp
  _longjmp
